[35m[1mConsolidate compiler generated dependencies of target simulator[0m
[ 10%] [32mBuilding CXX object CMakeFiles/simulator.dir/src/simulator.cpp.o[0m
[ 20%] [32mBuilding CXX object CMakeFiles/simulator.dir/src/freeflying.cpp.o[0m
[ 30%] [32mBuilding CXX object CMakeFiles/simulator.dir/src/utils.cpp.o[0m
[ 40%] [32mBuilding CXX object CMakeFiles/simulator.dir/src/car.cpp.o[0m
[ 50%] [32mBuilding CXX object CMakeFiles/simulator.dir/src/arm.cpp.o[0m
[ 60%] [32mBuilding CXX object CMakeFiles/simulator.dir/src/ros_bridge.cpp.o[0m
[ 70%] [32mBuilding CXX object CMakeFiles/simulator.dir/src/object.cpp.o[0m
In file included from [01m[K/home/ubuntu/Desktop/MultiRobotSimulator/v5/src/mrsim/include/mrsim/arm.h:4[m[K,
                 from [01m[K/home/ubuntu/Desktop/MultiRobotSimulator/v5/src/mrsim/include/mrsim/utils.h:16[m[K,
                 from [01m[K/home/ubuntu/Desktop/MultiRobotSimulator/v5/src/mrsim/src/utils.cpp:1[m[K:
[01m[K/home/ubuntu/Desktop/MultiRobotSimulator/v5/src/mrsim/include/mrsim/object.h:18:5:[m[K [01;31m[Kerror: [m[K‘[01m[KColor[m[K’ does not name a type
   18 |     [01;31m[KColor[m[K primaryColor = Color(0,0,0); // Color for visualization
      |     [01;31m[K^~~~~[m[K
[01m[K/home/ubuntu/Desktop/MultiRobotSimulator/v5/src/mrsim/include/mrsim/object.h:19:5:[m[K [01;31m[Kerror: [m[K‘[01m[KColor[m[K’ does not name a type
   19 |     [01;31m[KColor[m[K secondaryColor = Color(0,0,0);
      |     [01;31m[K^~~~~[m[K
In file included from [01m[K/home/ubuntu/Desktop/MultiRobotSimulator/v5/src/mrsim/include/mrsim/utils.h:16[m[K,
                 from [01m[K/home/ubuntu/Desktop/MultiRobotSimulator/v5/src/mrsim/include/mrsim/object.h:4[m[K,
                 from [01m[K/home/ubuntu/Desktop/MultiRobotSimulator/v5/src/mrsim/src/object.cpp:4[m[K:
[01m[K/home/ubuntu/Desktop/MultiRobotSimulator/v5/src/mrsim/include/mrsim/arm.h:22:5:[m[K [01;31m[Kerror: [m[K‘[01m[KObject[m[K’ does not name a type
   22 |     [01;31m[KObject[m[K* held_object = nullptr;
      |     [01;31m[K^~~~~~[m[K
[01m[K/home/ubuntu/Desktop/MultiRobotSimulator/v5/src/mrsim/include/mrsim/arm.h:33:35:[m[K [01;31m[Kerror: [m[K‘[01m[KObject[m[K’ has not been declared
   33 |     EndEffector(bool is_holding_, [01;31m[KObject[m[K* held_object_ = nullptr)
      |                                   [01;31m[K^~~~~~[m[K
[01m[K/home/ubuntu/Desktop/MultiRobotSimulator/v5/src/mrsim/include/mrsim/arm.h:[m[K In constructor ‘[01m[KEndEffector::EndEffector(bool, int*)[m[K’:
[01m[K/home/ubuntu/Desktop/MultiRobotSimulator/v5/src/mrsim/include/mrsim/arm.h:34:36:[m[K [01;31m[Kerror: [m[Kclass ‘[01m[KEndEffector[m[K’ does not have any field named ‘[01m[Kheld_object[m[K’
   34 |         : is_holding(is_holding_), [01;31m[Kheld_object[m[K(held_object_), position(0,0), pixel_pos(0,0) {}
      |                                    [01;31m[K^~~~~~~~~~~[m[K
[01m[K/home/ubuntu/Desktop/MultiRobotSimulator/v5/src/mrsim/include/mrsim/object.h:[m[K In constructor ‘[01m[KObject::Object(World*, const Pose&, const std::vector<Prehensile_Point>&, const std::vector<Point>&)[m[K’:
[01m[K/home/ubuntu/Desktop/MultiRobotSimulator/v5/src/mrsim/include/mrsim/object.h:28:13:[m[K [01;31m[Kerror: [m[K‘[01m[KprimaryColor[m[K’ was not declared in this scope
   28 |             [01;31m[KprimaryColor[m[K = Color::generateRandomColor();
      |             [01;31m[K^~~~~~~~~~~~[m[K
[01m[K/home/ubuntu/Desktop/MultiRobotSimulator/v5/src/mrsim/include/mrsim/object.h:28:28:[m[K [01;31m[Kerror: [m[K‘[01m[KColor[m[K’ has not been declared
   28 |             primaryColor = [01;31m[KColor[m[K::generateRandomColor();
      |                            [01;31m[K^~~~~[m[K
[01m[K/home/ubuntu/Desktop/MultiRobotSimulator/v5/src/mrsim/include/mrsim/arm.h:[m[K In member function ‘[01m[Kvoid EndEffector::release()[m[K’:
[01m[K/home/ubuntu/Desktop/MultiRobotSimulator/v5/src/mrsim/include/mrsim/arm.h:43:27:[m[K [01;31m[Kerror: [m[K‘[01m[Kheld_object[m[K’ was not declared in this scope; did you mean ‘[01m[KgetHeldObject[m[K’?
   43 |         if (is_holding && [01;31m[Kheld_object[m[K) {
      |                           [01;31m[K^~~~~~~~~~~[m[K
      |                           [32m[KgetHeldObject[m[K
[01m[K/home/ubuntu/Desktop/MultiRobotSimulator/v5/src/mrsim/include/mrsim/object.h:29:13:[m[K [01;31m[Kerror: [m[K‘[01m[KsecondaryColor[m[K’ was not declared in this scope
   29 |             [01;31m[KsecondaryColor[m[K = generateSecondaryColor(primaryColor);
      |             [01;31m[K^~~~~~~~~~~~~~[m[K
[01m[K/home/ubuntu/Desktop/MultiRobotSimulator/v5/src/mrsim/include/mrsim/arm.h:57:9:[m[K [01;31m[Kerror: [m[K‘[01m[Kheld_object[m[K’ was not declared in this scope; did you mean ‘[01m[KgetHeldObject[m[K’?
   57 |         [01;31m[Kheld_object[m[K = nullptr;
      |         [01;31m[K^~~~~~~~~~~[m[K
      |         [32m[KgetHeldObject[m[K
[01m[K/home/ubuntu/Desktop/MultiRobotSimulator/v5/src/mrsim/include/mrsim/object.h:29:30:[m[K [01;31m[Kerror: [m[K‘[01m[KgenerateSecondaryColor[m[K’ was not declared in this scope
   29 |             secondaryColor = [01;31m[KgenerateSecondaryColor[m[K(primaryColor);
      |                              [01;31m[K^~~~~~~~~~~~~~~~~~~~~~[m[K
[01m[K/home/ubuntu/Desktop/MultiRobotSimulator/v5/src/mrsim/include/mrsim/arm.h:[m[K In member function ‘[01m[KWorldItem* EndEffector::getHeldObject() const[m[K’:
[01m[K/home/ubuntu/Desktop/MultiRobotSimulator/v5/src/mrsim/include/mrsim/arm.h:65:47:[m[K [01;31m[Kerror: [m[K‘[01m[Kheld_object[m[K’ was not declared in this scope; did you mean ‘[01m[KgetHeldObject[m[K’?
   65 |     WorldItem* getHeldObject() const { return [01;31m[Kheld_object[m[K; }
      |                                               [01;31m[K^~~~~~~~~~~[m[K
      |                                               [32m[KgetHeldObject[m[K
[01m[K/home/ubuntu/Desktop/MultiRobotSimulator/v5/src/mrsim/include/mrsim/arm.h:[m[K At global scope:
[01m[K/home/ubuntu/Desktop/MultiRobotSimulator/v5/src/mrsim/include/mrsim/arm.h:99:15:[m[K [01;31m[Kerror: [m[K‘[01m[KObject[m[K’ has not been declared
   99 |     bool dock([01;31m[KObject[m[K*& out_obj, std::string& out_grasp_id);
      |               [01;31m[K^~~~~~[m[K
gmake[2]: *** [CMakeFiles/simulator.dir/build.make:90: CMakeFiles/simulator.dir/src/utils.cpp.o] Error 1
gmake[2]: *** Waiting for unfinished jobs....
gmake[2]: *** [CMakeFiles/simulator.dir/build.make:174: CMakeFiles/simulator.dir/src/object.cpp.o] Error 1
[01m[K/home/ubuntu/Desktop/MultiRobotSimulator/v5/src/mrsim/src/simulator.cpp:25:37:[m[K [01;31m[Kerror: [m[K‘[01m[KRobotBase[m[K’ has not been declared
   25 | Arm* makeArmIfPresent(World& world, [01;31m[KRobotBase[m[K* parent, const Json::Value& r, const std::string& id) {
      |                                     [01;31m[K^~~~~~~~~[m[K
[01m[K/home/ubuntu/Desktop/MultiRobotSimulator/v5/src/mrsim/src/simulator.cpp:[m[K In function ‘[01m[KArm* makeArmIfPresent(World&, int*, const Json::Value&, const string&)[m[K’:
[01m[K/home/ubuntu/Desktop/MultiRobotSimulator/v5/src/mrsim/src/simulator.cpp:44:52:[m[K [01;31m[Kerror: [m[Kno matching function for call to ‘[01m[KArm::Arm(int*&, std::vector<Link>&, EndEffector&)[m[K’
   44 |     auto* arm = new Arm(parent, links, end_effector[01;31m[K)[m[K;
      |                                                    [01;31m[K^[m[K
In file included from [01m[K/home/ubuntu/Desktop/MultiRobotSimulator/v5/src/mrsim/include/mrsim/ros_bridge.h:9[m[K,
                 from [01m[K/home/ubuntu/Desktop/MultiRobotSimulator/v5/src/mrsim/src/simulator.cpp:15[m[K:
[01m[K/home/ubuntu/Desktop/MultiRobotSimulator/v5/src/mrsim/include/mrsim/arm.h:82:5:[m[K [01;36m[Knote: [m[Kcandidate: ‘[01m[KArm::Arm(WorldItem*, const std::vector<Link>&, const EndEffector&)[m[K’
   82 |     [01;36m[KArm[m[K(WorldItem* parent_robot_ = nullptr,
      |     [01;36m[K^~~[m[K
[01m[K/home/ubuntu/Desktop/MultiRobotSimulator/v5/src/mrsim/include/mrsim/arm.h:82:20:[m[K [01;36m[Knote: [m[K  no known conversion for argument 1 from ‘[01m[Kint*[m[K’ to ‘[01m[KWorldItem*[m[K’
   82 |     Arm([01;36m[KWorldItem* parent_robot_ = nullptr[m[K,
      |         [01;36m[K~~~~~~~~~~~^~~~~~~~~~~~~~~~~~~~~~~[m[K
[01m[K/home/ubuntu/Desktop/MultiRobotSimulator/v5/src/mrsim/include/mrsim/arm.h:69:8:[m[K [01;36m[Knote: [m[Kcandidate: ‘[01m[KArm::Arm(const Arm&)[m[K’
   69 | struct [01;36m[KArm[m[K: public WorldItem {
      |        [01;36m[K^~~[m[K
[01m[K/home/ubuntu/Desktop/MultiRobotSimulator/v5/src/mrsim/include/mrsim/arm.h:69:8:[m[K [01;36m[Knote: [m[K  candidate expects 1 argument, 3 provided
[01m[K/home/ubuntu/Desktop/MultiRobotSimulator/v5/src/mrsim/include/mrsim/arm.h:69:8:[m[K [01;36m[Knote: [m[Kcandidate: ‘[01m[KArm::Arm(Arm&&)[m[K’
[01m[K/home/ubuntu/Desktop/MultiRobotSimulator/v5/src/mrsim/include/mrsim/arm.h:69:8:[m[K [01;36m[Knote: [m[K  candidate expects 1 argument, 3 provided
[01m[K/home/ubuntu/Desktop/MultiRobotSimulator/v5/src/mrsim/src/simulator.cpp:45:13:[m[K [01;31m[Kerror: [m[Krequest for member ‘[01m[Karm[m[K’ in ‘[01m[K* parent[m[K’, which is of non-class type ‘[01m[Kint[m[K’
   45 |     parent->[01;31m[Karm[m[K = arm;            // attach arm to robot
      |             [01;31m[K^~~[m[K
[01m[K/home/ubuntu/Desktop/MultiRobotSimulator/v5/src/mrsim/src/simulator.cpp:[m[K In function ‘[01m[Kvoid placeItems(World&, const Json::Value&, std::vector<RobotHandle>&)[m[K’:
[01m[K/home/ubuntu/Desktop/MultiRobotSimulator/v5/src/mrsim/src/simulator.cpp:84:37:[m[K [01;31m[Kerror: [m[Kcannot convert ‘[01m[KFreeFlying*[m[K’ to ‘[01m[Kint*[m[K’
   84 |             makeArmIfPresent(world, [01;31m[Kff[m[K, r, id);
      |                                     [01;31m[K^~[m[K
      |                                     [01;31m[K|[m[K
      |                                     [01;31m[KFreeFlying*[m[K
[01m[K/home/ubuntu/Desktop/MultiRobotSimulator/v5/src/mrsim/src/simulator.cpp:25:48:[m[K [01;36m[Knote: [m[K  initializing argument 2 of ‘[01m[KArm* makeArmIfPresent(World&, int*, const Json::Value&, const string&)[m[K’
   25 | Arm* makeArmIfPresent(World& world, [01;36m[KRobotBase* parent[m[K, const Json::Value& r, const std::string& id) {
      |                                     [01;36m[K~~~~~~~~~~~^~~~~~[m[K
[01m[K/home/ubuntu/Desktop/MultiRobotSimulator/v5/src/mrsim/src/simulator.cpp:94:37:[m[K [01;31m[Kerror: [m[Kcannot convert ‘[01m[KCarRobot*[m[K’ to ‘[01m[Kint*[m[K’
   94 |             makeArmIfPresent(world, [01;31m[Kcar[m[K, r, id);
      |                                     [01;31m[K^~~[m[K
      |                                     [01;31m[K|[m[K
      |                                     [01;31m[KCarRobot*[m[K
[01m[K/home/ubuntu/Desktop/MultiRobotSimulator/v5/src/mrsim/src/simulator.cpp:25:48:[m[K [01;36m[Knote: [m[K  initializing argument 2 of ‘[01m[KArm* makeArmIfPresent(World&, int*, const Json::Value&, const string&)[m[K’
   25 | Arm* makeArmIfPresent(World& world, [01;36m[KRobotBase* parent[m[K, const Json::Value& r, const std::string& id) {
      |                                     [01;36m[K~~~~~~~~~~~^~~~~~[m[K
gmake[2]: *** [CMakeFiles/simulator.dir/build.make:76: CMakeFiles/simulator.dir/src/simulator.cpp.o] Error 1
gmake[1]: *** [CMakeFiles/Makefile2:137: CMakeFiles/simulator.dir/all] Error 2
gmake: *** [Makefile:146: all] Error 2
