[0.009s] Invoking command in '/home/ubuntu/Desktop/MultiRobotSimulator/v5/build/mrsim': CMAKE_PREFIX_PATH=/opt/ros/humble /usr/bin/cmake --build /home/ubuntu/Desktop/MultiRobotSimulator/v5/build/mrsim -- -j8 -l8
[0.095s] [35m[1mConsolidate compiler generated dependencies of target simulator[0m
[0.134s] [ 10%] [32mBuilding CXX object CMakeFiles/simulator.dir/src/simulator.cpp.o[0m
[0.136s] [ 20%] [32mBuilding CXX object CMakeFiles/simulator.dir/src/utils.cpp.o[0m
[0.139s] [ 30%] [32mBuilding CXX object CMakeFiles/simulator.dir/src/object.cpp.o[0m
[2.408s] In file included from [01m[K/home/ubuntu/Desktop/MultiRobotSimulator/v5/src/mrsim/include/mrsim/arm.h:4[m[K,
[2.408s]                  from [01m[K/home/ubuntu/Desktop/MultiRobotSimulator/v5/src/mrsim/include/mrsim/utils.h:16[m[K,
[2.409s]                  from [01m[K/home/ubuntu/Desktop/MultiRobotSimulator/v5/src/mrsim/src/utils.cpp:1[m[K:
[2.409s] [01m[K/home/ubuntu/Desktop/MultiRobotSimulator/v5/src/mrsim/include/mrsim/object.h:18:5:[m[K [01;31m[Kerror: [m[K‘[01m[KColor[m[K’ does not name a type
[2.409s]    18 |     [01;31m[KColor[m[K primaryColor = Color(0,0,0); // Color for visualization
[2.410s]       |     [01;31m[K^~~~~[m[K
[2.410s] [01m[K/home/ubuntu/Desktop/MultiRobotSimulator/v5/src/mrsim/include/mrsim/object.h:19:5:[m[K [01;31m[Kerror: [m[K‘[01m[KColor[m[K’ does not name a type
[2.410s]    19 |     [01;31m[KColor[m[K secondaryColor = Color(0,0,0);
[2.410s]       |     [01;31m[K^~~~~[m[K
[2.426s] In file included from [01m[K/home/ubuntu/Desktop/MultiRobotSimulator/v5/src/mrsim/include/mrsim/utils.h:16[m[K,
[2.426s]                  from [01m[K/home/ubuntu/Desktop/MultiRobotSimulator/v5/src/mrsim/include/mrsim/object.h:4[m[K,
[2.426s]                  from [01m[K/home/ubuntu/Desktop/MultiRobotSimulator/v5/src/mrsim/src/object.cpp:4[m[K:
[2.426s] [01m[K/home/ubuntu/Desktop/MultiRobotSimulator/v5/src/mrsim/include/mrsim/arm.h:22:5:[m[K [01;31m[Kerror: [m[K‘[01m[KObject[m[K’ does not name a type
[2.426s]    22 |     [01;31m[KObject[m[K* held_object = nullptr;
[2.426s]       |     [01;31m[K^~~~~~[m[K
[2.426s] [01m[K/home/ubuntu/Desktop/MultiRobotSimulator/v5/src/mrsim/include/mrsim/arm.h:33:35:[m[K [01;31m[Kerror: [m[K‘[01m[KObject[m[K’ has not been declared
[2.426s]    33 |     EndEffector(bool is_holding_, [01;31m[KObject[m[K* held_object_ = nullptr)
[2.426s]       |                                   [01;31m[K^~~~~~[m[K
[2.426s] [01m[K/home/ubuntu/Desktop/MultiRobotSimulator/v5/src/mrsim/include/mrsim/arm.h:[m[K In constructor ‘[01m[KEndEffector::EndEffector(bool, int*)[m[K’:
[2.426s] [01m[K/home/ubuntu/Desktop/MultiRobotSimulator/v5/src/mrsim/include/mrsim/arm.h:34:36:[m[K [01;31m[Kerror: [m[Kclass ‘[01m[KEndEffector[m[K’ does not have any field named ‘[01m[Kheld_object[m[K’
[2.426s]    34 |         : is_holding(is_holding_), [01;31m[Kheld_object[m[K(held_object_), position(0,0), pixel_pos(0,0) {}
[2.426s]       |                                    [01;31m[K^~~~~~~~~~~[m[K
[2.430s] [01m[K/home/ubuntu/Desktop/MultiRobotSimulator/v5/src/mrsim/include/mrsim/object.h:[m[K In constructor ‘[01m[KObject::Object(World*, const Pose&, const std::vector<Prehensile_Point>&, const std::vector<Point>&)[m[K’:
[2.430s] [01m[K/home/ubuntu/Desktop/MultiRobotSimulator/v5/src/mrsim/include/mrsim/object.h:28:13:[m[K [01;31m[Kerror: [m[K‘[01m[KprimaryColor[m[K’ was not declared in this scope
[2.430s]    28 |             [01;31m[KprimaryColor[m[K = Color::generateRandomColor();
[2.431s]       |             [01;31m[K^~~~~~~~~~~~[m[K
[2.431s] [01m[K/home/ubuntu/Desktop/MultiRobotSimulator/v5/src/mrsim/include/mrsim/object.h:28:28:[m[K [01;31m[Kerror: [m[K‘[01m[KColor[m[K’ has not been declared
[2.431s]    28 |             primaryColor = [01;31m[KColor[m[K::generateRandomColor();
[2.431s]       |                            [01;31m[K^~~~~[m[K
[2.438s] [01m[K/home/ubuntu/Desktop/MultiRobotSimulator/v5/src/mrsim/include/mrsim/arm.h:[m[K In member function ‘[01m[Kvoid EndEffector::release()[m[K’:
[2.439s] [01m[K/home/ubuntu/Desktop/MultiRobotSimulator/v5/src/mrsim/include/mrsim/arm.h:43:27:[m[K [01;31m[Kerror: [m[K‘[01m[Kheld_object[m[K’ was not declared in this scope; did you mean ‘[01m[KgetHeldObject[m[K’?
[2.439s]    43 |         if (is_holding && [01;31m[Kheld_object[m[K) {
[2.439s]       |                           [01;31m[K^~~~~~~~~~~[m[K
[2.439s]       |                           [32m[KgetHeldObject[m[K
[2.444s] [01m[K/home/ubuntu/Desktop/MultiRobotSimulator/v5/src/mrsim/include/mrsim/object.h:29:13:[m[K [01;31m[Kerror: [m[K‘[01m[KsecondaryColor[m[K’ was not declared in this scope
[2.444s]    29 |             [01;31m[KsecondaryColor[m[K = generateSecondaryColor(primaryColor);
[2.444s]       |             [01;31m[K^~~~~~~~~~~~~~[m[K
[2.451s] [01m[K/home/ubuntu/Desktop/MultiRobotSimulator/v5/src/mrsim/include/mrsim/arm.h:57:9:[m[K [01;31m[Kerror: [m[K‘[01m[Kheld_object[m[K’ was not declared in this scope; did you mean ‘[01m[KgetHeldObject[m[K’?
[2.451s]    57 |         [01;31m[Kheld_object[m[K = nullptr;
[2.451s]       |         [01;31m[K^~~~~~~~~~~[m[K
[2.451s]       |         [32m[KgetHeldObject[m[K
[2.460s] [01m[K/home/ubuntu/Desktop/MultiRobotSimulator/v5/src/mrsim/include/mrsim/object.h:29:30:[m[K [01;31m[Kerror: [m[K‘[01m[KgenerateSecondaryColor[m[K’ was not declared in this scope
[2.460s]    29 |             secondaryColor = [01;31m[KgenerateSecondaryColor[m[K(primaryColor);
[2.460s]       |                              [01;31m[K^~~~~~~~~~~~~~~~~~~~~~[m[K
[2.465s] [01m[K/home/ubuntu/Desktop/MultiRobotSimulator/v5/src/mrsim/include/mrsim/arm.h:[m[K In member function ‘[01m[KWorldItem* EndEffector::getHeldObject() const[m[K’:
[2.465s] [01m[K/home/ubuntu/Desktop/MultiRobotSimulator/v5/src/mrsim/include/mrsim/arm.h:65:47:[m[K [01;31m[Kerror: [m[K‘[01m[Kheld_object[m[K’ was not declared in this scope; did you mean ‘[01m[KgetHeldObject[m[K’?
[2.465s]    65 |     WorldItem* getHeldObject() const { return [01;31m[Kheld_object[m[K; }
[2.465s]       |                                               [01;31m[K^~~~~~~~~~~[m[K
[2.465s]       |                                               [32m[KgetHeldObject[m[K
[2.470s] [01m[K/home/ubuntu/Desktop/MultiRobotSimulator/v5/src/mrsim/include/mrsim/arm.h:[m[K At global scope:
[2.471s] [01m[K/home/ubuntu/Desktop/MultiRobotSimulator/v5/src/mrsim/include/mrsim/arm.h:99:15:[m[K [01;31m[Kerror: [m[K‘[01m[KObject[m[K’ has not been declared
[2.472s]    99 |     bool dock([01;31m[KObject[m[K*& out_obj, std::string& out_grasp_id);
[2.472s]       |               [01;31m[K^~~~~~[m[K
[3.448s] gmake[2]: *** [CMakeFiles/simulator.dir/build.make:90: CMakeFiles/simulator.dir/src/utils.cpp.o] Error 1
[3.448s] gmake[2]: *** Waiting for unfinished jobs....
[3.448s] gmake[2]: *** [CMakeFiles/simulator.dir/build.make:174: CMakeFiles/simulator.dir/src/object.cpp.o] Error 1
[7.493s] gmake[1]: *** [CMakeFiles/Makefile2:137: CMakeFiles/simulator.dir/all] Error 2
[7.493s] gmake: *** [Makefile:146: all] Error 2
[7.501s] Invoked command in '/home/ubuntu/Desktop/MultiRobotSimulator/v5/build/mrsim' returned '2': CMAKE_PREFIX_PATH=/opt/ros/humble /usr/bin/cmake --build /home/ubuntu/Desktop/MultiRobotSimulator/v5/build/mrsim -- -j8 -l8
