[0.122s] Invoking command in '/home/ubuntu/Desktop/MultiRobotSimulator/v5/build/mrsim': CMAKE_PREFIX_PATH=/opt/ros/humble /usr/bin/cmake --build /home/ubuntu/Desktop/MultiRobotSimulator/v5/build/mrsim -- -j8 -l8
[0.664s] [35m[1mConsolidate compiler generated dependencies of target simulator[0m
[1.735s] [ 11%] [32mBuilding CXX object CMakeFiles/simulator.dir/src/simulator.cpp.o[0m
[19.789s] [01m[K/home/ubuntu/Desktop/MultiRobotSimulator/v5/src/mrsim/src/simulator.cpp:[m[K In function ‘[01m[Kint main(int, char**)[m[K’:
[19.796s] [01m[K/home/ubuntu/Desktop/MultiRobotSimulator/v5/src/mrsim/src/simulator.cpp:268:45:[m[K [01;31m[Kerror: [m[Kno match for ‘[01m[Koperator<<[m[K’ (operand types are ‘[01m[Kstd::basic_ostream<char>[m[K’ and ‘[01m[Kstd::ifstream[m[K’ {aka ‘[01m[Kstd::basic_ifstream<char>[m[K’})
[19.799s]   268 |         [32m[Kcerr << "Error parsing JSON file: "[m[K [01;31m[K<<[m[K [34m[KjsonFileRanking[m[K << endl;
[19.799s]       |         [32m[K~~~~~~~~~~~~~~~~~~~~~~~~~~~~~~~~~~~[m[K [01;31m[K^~[m[K [34m[K~~~~~~~~~~~~~~~[m[K
[19.799s]       |              [32m[K|[m[K                                 [34m[K|[m[K
[19.799s]       |              [32m[Kstd::basic_ostream<char>[m[K          [34m[Kstd::ifstream {aka std::basic_ifstream<char>}[m[K
[19.800s] [01m[K/home/ubuntu/Desktop/MultiRobotSimulator/v5/src/mrsim/src/simulator.cpp:268:45:[m[K [01;36m[Knote: [m[Kcandidate: ‘[01m[Koperator<<(int, int)[m[K’ (built-in)
[19.800s]   268 |         [01;36m[Kcerr << "Error parsing JSON file: " << jsonFileRanking[m[K << endl;
[19.800s]       |         [01;36m[K~~~~~~~~~~~~~~~~~~~~~~~~~~~~~~~~~~~~^~~~~~~~~~~~~~~~~~[m[K
[19.800s] [01m[K/home/ubuntu/Desktop/MultiRobotSimulator/v5/src/mrsim/src/simulator.cpp:268:45:[m[K [01;36m[Knote: [m[K  no known conversion for argument 2 from ‘[01m[Kstd::ifstream[m[K’ {aka ‘[01m[Kstd::basic_ifstream<char>[m[K’} to ‘[01m[Kint[m[K’
[19.800s] In file included from [01m[K/usr/include/c++/11/iostream:39[m[K,
[19.801s]                  from [01m[K/home/ubuntu/Desktop/MultiRobotSimulator/v5/src/mrsim/src/simulator.cpp:1[m[K:
[19.801s] [01m[K/usr/include/c++/11/ostream:108:7:[m[K [01;36m[Knote: [m[Kcandidate: ‘[01m[Kstd::basic_ostream<_CharT, _Traits>::__ostream_type& std::basic_ostream<_CharT, _Traits>::operator<<(std::basic_ostream<_CharT, _Traits>::__ostream_type& (*)(std::basic_ostream<_CharT, _Traits>::__ostream_type&)) [with _CharT = char; _Traits = std::char_traits<char>; std::basic_ostream<_CharT, _Traits>::__ostream_type = std::basic_ostream<char>][m[K’
[19.801s]   108 |       [01;36m[Koperator[m[K<<(__ostream_type& (*__pf)(__ostream_type&))
[19.802s]       |       [01;36m[K^~~~~~~~[m[K
[19.802s] [01m[K/usr/include/c++/11/ostream:108:36:[m[K [01;36m[Knote: [m[K  no known conversion for argument 1 from ‘[01m[Kstd::ifstream[m[K’ {aka ‘[01m[Kstd::basic_ifstream<char>[m[K’} to ‘[01m[Kstd::basic_ostream<char>::__ostream_type& (*)(std::basic_ostream<char>::__ostream_type&)[m[K’ {aka ‘[01m[Kstd::basic_ostream<char>& (*)(std::basic_ostream<char>&)[m[K’}
[19.802s]   108 |       operator<<([01;36m[K__ostream_type& (*__pf)(__ostream_type&)[m[K)
[19.802s]       |                  [01;36m[K~~~~~~~~~~~~~~~~~~^~~~~~~~~~~~~~~~~~~~~~[m[K
[19.802s] [01m[K/usr/include/c++/11/ostream:117:7:[m[K [01;36m[Knote: [m[Kcandidate: ‘[01m[Kstd::basic_ostream<_CharT, _Traits>::__ostream_type& std::basic_ostream<_CharT, _Traits>::operator<<(std::basic_ostream<_CharT, _Traits>::__ios_type& (*)(std::basic_ostream<_CharT, _Traits>::__ios_type&)) [with _CharT = char; _Traits = std::char_traits<char>; std::basic_ostream<_CharT, _Traits>::__ostream_type = std::basic_ostream<char>; std::basic_ostream<_CharT, _Traits>::__ios_type = std::basic_ios<char>][m[K’
[19.802s]   117 |       [01;36m[Koperator[m[K<<(__ios_type& (*__pf)(__ios_type&))
[19.802s]       |       [01;36m[K^~~~~~~~[m[K
[19.802s] [01m[K/usr/include/c++/11/ostream:117:32:[m[K [01;36m[Knote: [m[K  no known conversion for argument 1 from ‘[01m[Kstd::ifstream[m[K’ {aka ‘[01m[Kstd::basic_ifstream<char>[m[K’} to ‘[01m[Kstd::basic_ostream<char>::__ios_type& (*)(std::basic_ostream<char>::__ios_type&)[m[K’ {aka ‘[01m[Kstd::basic_ios<char>& (*)(std::basic_ios<char>&)[m[K’}
[19.803s]   117 |       operator<<([01;36m[K__ios_type& (*__pf)(__ios_type&)[m[K)
[19.803s]       |                  [01;36m[K~~~~~~~~~~~~~~^~~~~~~~~~~~~~~~~~[m[K
[19.803s] [01m[K/usr/include/c++/11/ostream:127:7:[m[K [01;36m[Knote: [m[Kcandidate: ‘[01m[Kstd::basic_ostream<_CharT, _Traits>::__ostream_type& std::basic_ostream<_CharT, _Traits>::operator<<(std::ios_base& (*)(std::ios_base&)) [with _CharT = char; _Traits = std::char_traits<char>; std::basic_ostream<_CharT, _Traits>::__ostream_type = std::basic_ostream<char>][m[K’
[19.803s]   127 |       [01;36m[Koperator[m[K<<(ios_base& (*__pf) (ios_base&))
[19.803s]       |       [01;36m[K^~~~~~~~[m[K
[19.803s] [01m[K/usr/include/c++/11/ostream:127:30:[m[K [01;36m[Knote: [m[K  no known conversion for argument 1 from ‘[01m[Kstd::ifstream[m[K’ {aka ‘[01m[Kstd::basic_ifstream<char>[m[K’} to ‘[01m[Kstd::ios_base& (*)(std::ios_base&)[m[K’
[19.804s]   127 |       operator<<([01;36m[Kios_base& (*__pf) (ios_base&)[m[K)
[19.804s]       |                  [01;36m[K~~~~~~~~~~~~^~~~~~~~~~~~~~~~~[m[K
[19.804s] [01m[K/usr/include/c++/11/ostream:166:7:[m[K [01;36m[Knote: [m[Kcandidate: ‘[01m[Kstd::basic_ostream<_CharT, _Traits>::__ostream_type& std::basic_ostream<_CharT, _Traits>::operator<<(long int) [with _CharT = char; _Traits = std::char_traits<char>; std::basic_ostream<_CharT, _Traits>::__ostream_type = std::basic_ostream<char>][m[K’
[19.804s]   166 |       [01;36m[Koperator[m[K<<(long __n)
[19.804s]       |       [01;36m[K^~~~~~~~[m[K
[19.804s] [01m[K/usr/include/c++/11/ostream:166:23:[m[K [01;36m[Knote: [m[K  no known conversion for argument 1 from ‘[01m[Kstd::ifstream[m[K’ {aka ‘[01m[Kstd::basic_ifstream<char>[m[K’} to ‘[01m[Klong int[m[K’
[19.804s]   166 |       operator<<([01;36m[Klong __n[m[K)
[19.804s]       |                  [01;36m[K~~~~~^~~[m[K
[19.804s] [01m[K/usr/include/c++/11/ostream:170:7:[m[K [01;36m[Knote: [m[Kcandidate: ‘[01m[Kstd::basic_ostream<_CharT, _Traits>::__ostream_type& std::basic_ostream<_CharT, _Traits>::operator<<(long unsigned int) [with _CharT = char; _Traits = std::char_traits<char>; std::basic_ostream<_CharT, _Traits>::__ostream_type = std::basic_ostream<char>][m[K’
[19.804s]   170 |       [01;36m[Koperator[m[K<<(unsigned long __n)
[19.804s]       |       [01;36m[K^~~~~~~~[m[K
[19.804s] [01m[K/usr/include/c++/11/ostream:170:32:[m[K [01;36m[Knote: [m[K  no known conversion for argument 1 from ‘[01m[Kstd::ifstream[m[K’ {aka ‘[01m[Kstd::basic_ifstream<char>[m[K’} to ‘[01m[Klong unsigned int[m[K’
[19.804s]   170 |       operator<<([01;36m[Kunsigned long __n[m[K)
[19.805s]       |                  [01;36m[K~~~~~~~~~~~~~~^~~[m[K
[19.805s] [01m[K/usr/include/c++/11/ostream:174:7:[m[K [01;36m[Knote: [m[Kcandidate: ‘[01m[Kstd::basic_ostream<_CharT, _Traits>::__ostream_type& std::basic_ostream<_CharT, _Traits>::operator<<(bool) [with _CharT = char; _Traits = std::char_traits<char>; std::basic_ostream<_CharT, _Traits>::__ostream_type = std::basic_ostream<char>][m[K’
[19.805s]   174 |       [01;36m[Koperator[m[K<<(bool __n)
[19.805s]       |       [01;36m[K^~~~~~~~[m[K
[19.805s] [01m[K/usr/include/c++/11/ostream:174:23:[m[K [01;36m[Knote: [m[K  no known conversion for argument 1 from ‘[01m[Kstd::ifstream[m[K’ {aka ‘[01m[Kstd::basic_ifstream<char>[m[K’} to ‘[01m[Kbool[m[K’
[19.805s]   174 |       operator<<([01;36m[Kbool __n[m[K)
[19.805s]       |                  [01;36m[K~~~~~^~~[m[K
[19.805s] In file included from [01m[K/usr/include/c++/11/ostream:829[m[K,
[19.805s]                  from [01m[K/usr/include/c++/11/iostream:39[m[K,
[19.805s]                  from [01m[K/home/ubuntu/Desktop/MultiRobotSimulator/v5/src/mrsim/src/simulator.cpp:1[m[K:
[19.805s] [01m[K/usr/include/c++/11/bits/ostream.tcc:91:5:[m[K [01;36m[Knote: [m[Kcandidate: ‘[01m[Kstd::basic_ostream<_CharT, _Traits>& std::basic_ostream<_CharT, _Traits>::operator<<(short int) [with _CharT = char; _Traits = std::char_traits<char>][m[K’
[19.805s]    91 |     [01;36m[Kbasic_ostream<_CharT, _Traits>[m[K::
[19.805s]       |     [01;36m[K^~~~~~~~~~~~~~~~~~~~~~~~~~~~~~[m[K
[19.806s] [01m[K/usr/include/c++/11/bits/ostream.tcc:92:22:[m[K [01;36m[Knote: [m[K  no known conversion for argument 1 from ‘[01m[Kstd::ifstream[m[K’ {aka ‘[01m[Kstd::basic_ifstream<char>[m[K’} to ‘[01m[Kshort int[m[K’
[19.806s]    92 |     operator<<([01;36m[Kshort __n[m[K)
[19.806s]       |                [01;36m[K~~~~~~^~~[m[K
[19.806s] In file included from [01m[K/usr/include/c++/11/iostream:39[m[K,
[19.806s]                  from [01m[K/home/ubuntu/Desktop/MultiRobotSimulator/v5/src/mrsim/src/simulator.cpp:1[m[K:
[19.806s] [01m[K/usr/include/c++/11/ostream:181:7:[m[K [01;36m[Knote: [m[Kcandidate: ‘[01m[Kstd::basic_ostream<_CharT, _Traits>::__ostream_type& std::basic_ostream<_CharT, _Traits>::operator<<(short unsigned int) [with _CharT = char; _Traits = std::char_traits<char>; std::basic_ostream<_CharT, _Traits>::__ostream_type = std::basic_ostream<char>][m[K’
[19.806s]   181 |       [01;36m[Koperator[m[K<<(unsigned short __n)
[19.807s]       |       [01;36m[K^~~~~~~~[m[K
[19.807s] [01m[K/usr/include/c++/11/ostream:181:33:[m[K [01;36m[Knote: [m[K  no known conversion for argument 1 from ‘[01m[Kstd::ifstream[m[K’ {aka ‘[01m[Kstd::basic_ifstream<char>[m[K’} to ‘[01m[Kshort unsigned int[m[K’
[19.807s]   181 |       operator<<([01;36m[Kunsigned short __n[m[K)
[19.807s]       |                  [01;36m[K~~~~~~~~~~~~~~~^~~[m[K
[19.807s] In file included from [01m[K/usr/include/c++/11/ostream:829[m[K,
[19.807s]                  from [01m[K/usr/include/c++/11/iostream:39[m[K,
[19.807s]                  from [01m[K/home/ubuntu/Desktop/MultiRobotSimulator/v5/src/mrsim/src/simulator.cpp:1[m[K:
[19.807s] [01m[K/usr/include/c++/11/bits/ostream.tcc:105:5:[m[K [01;36m[Knote: [m[Kcandidate: ‘[01m[Kstd::basic_ostream<_CharT, _Traits>& std::basic_ostream<_CharT, _Traits>::operator<<(int) [with _CharT = char; _Traits = std::char_traits<char>][m[K’
[19.807s]   105 |     [01;36m[Kbasic_ostream<_CharT, _Traits>[m[K::
[19.807s]       |     [01;36m[K^~~~~~~~~~~~~~~~~~~~~~~~~~~~~~[m[K
[19.808s] [01m[K/usr/include/c++/11/bits/ostream.tcc:106:20:[m[K [01;36m[Knote: [m[K  no known conversion for argument 1 from ‘[01m[Kstd::ifstream[m[K’ {aka ‘[01m[Kstd::basic_ifstream<char>[m[K’} to ‘[01m[Kint[m[K’
[19.808s]   106 |     operator<<([01;36m[Kint __n[m[K)
[19.808s]       |                [01;36m[K~~~~^~~[m[K
[19.808s] In file included from [01m[K/usr/include/c++/11/iostream:39[m[K,
[19.808s]                  from [01m[K/home/ubuntu/Desktop/MultiRobotSimulator/v5/src/mrsim/src/simulator.cpp:1[m[K:
[19.808s] [01m[K/usr/include/c++/11/ostream:192:7:[m[K [01;36m[Knote: [m[Kcandidate: ‘[01m[Kstd::basic_ostream<_CharT, _Traits>::__ostream_type& std::basic_ostream<_CharT, _Traits>::operator<<(unsigned int) [with _CharT = char; _Traits = std::char_traits<char>; std::basic_ostream<_CharT, _Traits>::__ostream_type = std::basic_ostream<char>][m[K’
[19.808s]   192 |       [01;36m[Koperator[m[K<<(unsigned int __n)
[19.808s]       |       [01;36m[K^~~~~~~~[m[K
[19.808s] [01m[K/usr/include/c++/11/ostream:192:31:[m[K [01;36m[Knote: [m[K  no known conversion for argument 1 from ‘[01m[Kstd::ifstream[m[K’ {aka ‘[01m[Kstd::basic_ifstream<char>[m[K’} to ‘[01m[Kunsigned int[m[K’
[19.808s]   192 |       operator<<([01;36m[Kunsigned int __n[m[K)
[19.808s]       |                  [01;36m[K~~~~~~~~~~~~~^~~[m[K
[19.808s] [01m[K/usr/include/c++/11/ostream:201:7:[m[K [01;36m[Knote: [m[Kcandidate: ‘[01m[Kstd::basic_ostream<_CharT, _Traits>::__ostream_type& std::basic_ostream<_CharT, _Traits>::operator<<(long long int) [with _CharT = char; _Traits = std::char_traits<char>; std::basic_ostream<_CharT, _Traits>::__ostream_type = std::basic_ostream<char>][m[K’
[19.808s]   201 |       [01;36m[Koperator[m[K<<(long long __n)
[19.809s]       |       [01;36m[K^~~~~~~~[m[K
[19.809s] [01m[K/usr/include/c++/11/ostream:201:28:[m[K [01;36m[Knote: [m[K  no known conversion for argument 1 from ‘[01m[Kstd::ifstream[m[K’ {aka ‘[01m[Kstd::basic_ifstream<char>[m[K’} to ‘[01m[Klong long int[m[K’
[19.809s]   201 |       operator<<([01;36m[Klong long __n[m[K)
[19.809s]       |                  [01;36m[K~~~~~~~~~~^~~[m[K
[19.809s] [01m[K/usr/include/c++/11/ostream:205:7:[m[K [01;36m[Knote: [m[Kcandidate: ‘[01m[Kstd::basic_ostream<_CharT, _Traits>::__ostream_type& std::basic_ostream<_CharT, _Traits>::operator<<(long long unsigned int) [with _CharT = char; _Traits = std::char_traits<char>; std::basic_ostream<_CharT, _Traits>::__ostream_type = std::basic_ostream<char>][m[K’
[19.809s]   205 |       [01;36m[Koperator[m[K<<(unsigned long long __n)
[19.809s]       |       [01;36m[K^~~~~~~~[m[K
[19.809s] [01m[K/usr/include/c++/11/ostream:205:37:[m[K [01;36m[Knote: [m[K  no known conversion for argument 1 from ‘[01m[Kstd::ifstream[m[K’ {aka ‘[01m[Kstd::basic_ifstream<char>[m[K’} to ‘[01m[Klong long unsigned int[m[K’
[19.809s]   205 |       operator<<([01;36m[Kunsigned long long __n[m[K)
[19.809s]       |                  [01;36m[K~~~~~~~~~~~~~~~~~~~^~~[m[K
[19.809s] [01m[K/usr/include/c++/11/ostream:220:7:[m[K [01;36m[Knote: [m[Kcandidate: ‘[01m[Kstd::basic_ostream<_CharT, _Traits>::__ostream_type& std::basic_ostream<_CharT, _Traits>::operator<<(double) [with _CharT = char; _Traits = std::char_traits<char>; std::basic_ostream<_CharT, _Traits>::__ostream_type = std::basic_ostream<char>][m[K’
[19.809s]   220 |       [01;36m[Koperator[m[K<<(double __f)
[19.809s]       |       [01;36m[K^~~~~~~~[m[K
[19.809s] [01m[K/usr/include/c++/11/ostream:220:25:[m[K [01;36m[Knote: [m[K  no known conversion for argument 1 from ‘[01m[Kstd::ifstream[m[K’ {aka ‘[01m[Kstd::basic_ifstream<char>[m[K’} to ‘[01m[Kdouble[m[K’
[19.810s]   220 |       operator<<([01;36m[Kdouble __f[m[K)
[19.810s]       |                  [01;36m[K~~~~~~~^~~[m[K
[19.810s] [01m[K/usr/include/c++/11/ostream:224:7:[m[K [01;36m[Knote: [m[Kcandidate: ‘[01m[Kstd::basic_ostream<_CharT, _Traits>::__ostream_type& std::basic_ostream<_CharT, _Traits>::operator<<(float) [with _CharT = char; _Traits = std::char_traits<char>; std::basic_ostream<_CharT, _Traits>::__ostream_type = std::basic_ostream<char>][m[K’
[19.810s]   224 |       [01;36m[Koperator[m[K<<(float __f)
[19.810s]       |       [01;36m[K^~~~~~~~[m[K
[19.810s] [01m[K/usr/include/c++/11/ostream:224:24:[m[K [01;36m[Knote: [m[K  no known conversion for argument 1 from ‘[01m[Kstd::ifstream[m[K’ {aka ‘[01m[Kstd::basic_ifstream<char>[m[K’} to ‘[01m[Kfloat[m[K’
[19.810s]   224 |       operator<<([01;36m[Kfloat __f[m[K)
[19.810s]       |                  [01;36m[K~~~~~~^~~[m[K
[19.810s] [01m[K/usr/include/c++/11/ostream:232:7:[m[K [01;36m[Knote: [m[Kcandidate: ‘[01m[Kstd::basic_ostream<_CharT, _Traits>::__ostream_type& std::basic_ostream<_CharT, _Traits>::operator<<(long double) [with _CharT = char; _Traits = std::char_traits<char>; std::basic_ostream<_CharT, _Traits>::__ostream_type = std::basic_ostream<char>][m[K’
[19.810s]   232 |       [01;36m[Koperator[m[K<<(long double __f)
[19.810s]       |       [01;36m[K^~~~~~~~[m[K
[19.811s] [01m[K/usr/include/c++/11/ostream:232:30:[m[K [01;36m[Knote: [m[K  no known conversion for argument 1 from ‘[01m[Kstd::ifstream[m[K’ {aka ‘[01m[Kstd::basic_ifstream<char>[m[K’} to ‘[01m[Klong double[m[K’
[19.811s]   232 |       operator<<([01;36m[Klong double __f[m[K)
[19.811s]       |                  [01;36m[K~~~~~~~~~~~~^~~[m[K
[19.811s] [01m[K/usr/include/c++/11/ostream:245:7:[m[K [01;36m[Knote: [m[Kcandidate: ‘[01m[Kstd::basic_ostream<_CharT, _Traits>::__ostream_type& std::basic_ostream<_CharT, _Traits>::operator<<(const void*) [with _CharT = char; _Traits = std::char_traits<char>; std::basic_ostream<_CharT, _Traits>::__ostream_type = std::basic_ostream<char>][m[K’
[19.811s]   245 |       [01;36m[Koperator[m[K<<(const void* __p)
[19.811s]       |       [01;36m[K^~~~~~~~[m[K
[19.811s] [01m[K/usr/include/c++/11/ostream:245:30:[m[K [01;36m[Knote: [m[K  no known conversion for argument 1 from ‘[01m[Kstd::ifstream[m[K’ {aka ‘[01m[Kstd::basic_ifstream<char>[m[K’} to ‘[01m[Kconst void*[m[K’
[19.811s]   245 |       operator<<([01;36m[Kconst void* __p[m[K)
[19.811s]       |                  [01;36m[K~~~~~~~~~~~~^~~[m[K
[19.812s] [01m[K/usr/include/c++/11/ostream:250:7:[m[K [01;36m[Knote: [m[Kcandidate: ‘[01m[Kstd::basic_ostream<_CharT, _Traits>::__ostream_type& std::basic_ostream<_CharT, _Traits>::operator<<(std::nullptr_t) [with _CharT = char; _Traits = std::char_traits<char>; std::basic_ostream<_CharT, _Traits>::__ostream_type = std::basic_ostream<char>; std::nullptr_t = std::nullptr_t][m[K’
[19.812s]   250 |       [01;36m[Koperator[m[K<<(nullptr_t)
[19.812s]       |       [01;36m[K^~~~~~~~[m[K
[19.812s] [01m[K/usr/include/c++/11/ostream:250:18:[m[K [01;36m[Knote: [m[K  no known conversion for argument 1 from ‘[01m[Kstd::ifstream[m[K’ {aka ‘[01m[Kstd::basic_ifstream<char>[m[K’} to ‘[01m[Kstd::nullptr_t[m[K’
[19.812s]   250 |       operator<<([01;36m[Knullptr_t[m[K)
[19.812s]       |                  [01;36m[K^~~~~~~~~[m[K
[19.812s] In file included from [01m[K/usr/include/c++/11/ostream:829[m[K,
[19.815s]                  from [01m[K/usr/include/c++/11/iostream:39[m[K,
[19.815s]                  from [01m[K/home/ubuntu/Desktop/MultiRobotSimulator/v5/src/mrsim/src/simulator.cpp:1[m[K:
[19.815s] [01m[K/usr/include/c++/11/bits/ostream.tcc:119:5:[m[K [01;36m[Knote: [m[Kcandidate: ‘[01m[Kstd::basic_ostream<_CharT, _Traits>& std::basic_ostream<_CharT, _Traits>::operator<<(std::basic_ostream<_CharT, _Traits>::__streambuf_type*) [with _CharT = char; _Traits = std::char_traits<char>; std::basic_ostream<_CharT, _Traits>::__streambuf_type = std::basic_streambuf<char>][m[K’
[19.815s]   119 |     [01;36m[Kbasic_ostream<_CharT, _Traits>[m[K::
[19.815s]       |     [01;36m[K^~~~~~~~~~~~~~~~~~~~~~~~~~~~~~[m[K
[19.815s] [01m[K/usr/include/c++/11/bits/ostream.tcc:120:34:[m[K [01;36m[Knote: [m[K  no known conversion for argument 1 from ‘[01m[Kstd::ifstream[m[K’ {aka ‘[01m[Kstd::basic_ifstream<char>[m[K’} to ‘[01m[Kstd::basic_ostream<char>::__streambuf_type*[m[K’ {aka ‘[01m[Kstd::basic_streambuf<char>*[m[K’}
[19.815s]   120 |     operator<<([01;36m[K__streambuf_type* __sbin[m[K)
[19.815s]       |                [01;36m[K~~~~~~~~~~~~~~~~~~^~~~~~[m[K
[19.815s] In file included from [01m[K/usr/include/c++/11/bits/basic_string.h:48[m[K,
[19.815s]                  from [01m[K/usr/include/c++/11/string:55[m[K,
[19.816s]                  from [01m[K/usr/include/c++/11/bits/locale_classes.h:40[m[K,
[19.816s]                  from [01m[K/usr/include/c++/11/bits/ios_base.h:41[m[K,
[19.816s]                  from [01m[K/usr/include/c++/11/ios:42[m[K,
[19.817s]                  from [01m[K/usr/include/c++/11/ostream:38[m[K,
[19.817s]                  from [01m[K/usr/include/c++/11/iostream:39[m[K,
[19.817s]                  from [01m[K/home/ubuntu/Desktop/MultiRobotSimulator/v5/src/mrsim/src/simulator.cpp:1[m[K:
[19.817s] [01m[K/usr/include/c++/11/string_view:667:5:[m[K [01;36m[Knote: [m[Kcandidate: ‘[01m[Ktemplate<class _CharT, class _Traits> std::basic_ostream<_CharT, _Traits>& std::operator<<(std::basic_ostream<_CharT, _Traits>&, std::basic_string_view<_CharT, _Traits>)[m[K’
[19.817s]   667 |     [01;36m[Koperator[m[K<<(basic_ostream<_CharT, _Traits>& __os,
[19.817s]       |     [01;36m[K^~~~~~~~[m[K
[19.817s] [01m[K/usr/include/c++/11/string_view:667:5:[m[K [01;36m[Knote: [m[K  template argument deduction/substitution failed:
[19.817s] [01m[K/home/ubuntu/Desktop/MultiRobotSimulator/v5/src/mrsim/src/simulator.cpp:268:48:[m[K [01;36m[Knote: [m[K  ‘[01m[Kstd::basic_ifstream<char>[m[K’ is not derived from ‘[01m[Kstd::basic_string_view<_CharT, _Traits>[m[K’
[19.817s]   268 |         cerr << "Error parsing JSON file: " << [01;36m[KjsonFileRanking[m[K << endl;
[19.817s]       |                                                [01;36m[K^~~~~~~~~~~~~~~[m[K
[19.817s] In file included from [01m[K/usr/include/c++/11/string:55[m[K,
[19.817s]                  from [01m[K/usr/include/c++/11/bits/locale_classes.h:40[m[K,
[19.817s]                  from [01m[K/usr/include/c++/11/bits/ios_base.h:41[m[K,
[19.817s]                  from [01m[K/usr/include/c++/11/ios:42[m[K,
[19.817s]                  from [01m[K/usr/include/c++/11/ostream:38[m[K,
[19.818s]                  from [01m[K/usr/include/c++/11/iostream:39[m[K,
[19.818s]                  from [01m[K/home/ubuntu/Desktop/MultiRobotSimulator/v5/src/mrsim/src/simulator.cpp:1[m[K:
[19.818s] [01m[K/usr/include/c++/11/bits/basic_string.h:6531:5:[m[K [01;36m[Knote: [m[Kcandidate: ‘[01m[Ktemplate<class _CharT, class _Traits, class _Alloc> std::basic_ostream<_CharT, _Traits>& std::operator<<(std::basic_ostream<_CharT, _Traits>&, const std::__cxx11::basic_string<_CharT, _Traits, _Allocator>&)[m[K’
[19.818s]  6531 |     [01;36m[Koperator[m[K<<(basic_ostream<_CharT, _Traits>& __os,
[19.818s]       |     [01;36m[K^~~~~~~~[m[K
[19.818s] [01m[K/usr/include/c++/11/bits/basic_string.h:6531:5:[m[K [01;36m[Knote: [m[K  template argument deduction/substitution failed:
[19.818s] [01m[K/home/ubuntu/Desktop/MultiRobotSimulator/v5/src/mrsim/src/simulator.cpp:268:48:[m[K [01;36m[Knote: [m[K  ‘[01m[Kstd::ifstream[m[K’ {aka ‘[01m[Kstd::basic_ifstream<char>[m[K’} is not derived from ‘[01m[Kconst std::__cxx11::basic_string<_CharT, _Traits, _Allocator>[m[K’
[19.818s]   268 |         cerr << "Error parsing JSON file: " << [01;36m[KjsonFileRanking[m[K << endl;
[19.818s]       |                                                [01;36m[K^~~~~~~~~~~~~~~[m[K
[19.818s] In file included from [01m[K/usr/include/c++/11/bits/ios_base.h:46[m[K,
[19.818s]                  from [01m[K/usr/include/c++/11/ios:42[m[K,
[19.819s]                  from [01m[K/usr/include/c++/11/ostream:38[m[K,
[19.820s]                  from [01m[K/usr/include/c++/11/iostream:39[m[K,
[19.856s]                  from [01m[K/home/ubuntu/Desktop/MultiRobotSimulator/v5/src/mrsim/src/simulator.cpp:1[m[K:
[19.857s] [01m[K/usr/include/c++/11/system_error:279:5:[m[K [01;36m[Knote: [m[Kcandidate: ‘[01m[Ktemplate<class _CharT, class _Traits> std::basic_ostream<_CharT, _Traits>& std::operator<<(std::basic_ostream<_CharT, _Traits>&, const std::error_code&)[m[K’
[19.857s]   279 |     [01;36m[Koperator[m[K<<(basic_ostream<_CharT, _Traits>& __os, const error_code& __e)
[19.857s]       |     [01;36m[K^~~~~~~~[m[K
[19.857s] [01m[K/usr/include/c++/11/system_error:279:5:[m[K [01;36m[Knote: [m[K  template argument deduction/substitution failed:
[19.857s] [01m[K/home/ubuntu/Desktop/MultiRobotSimulator/v5/src/mrsim/src/simulator.cpp:268:48:[m[K [01;36m[Knote: [m[K  cannot convert ‘[01m[KjsonFileRanking[m[K’ (type ‘[01m[Kstd::ifstream[m[K’ {aka ‘[01m[Kstd::basic_ifstream<char>[m[K’}) to type ‘[01m[Kconst std::error_code&[m[K’
[19.857s]   268 |         cerr << "Error parsing JSON file: " << [01;36m[KjsonFileRanking[m[K << endl;
[19.857s]       |                                                [01;36m[K^~~~~~~~~~~~~~~[m[K
[19.857s] In file included from [01m[K/usr/include/c++/11/iostream:39[m[K,
[19.858s]                  from [01m[K/home/ubuntu/Desktop/MultiRobotSimulator/v5/src/mrsim/src/simulator.cpp:1[m[K:
[19.858s] [01m[K/usr/include/c++/11/ostream:513:5:[m[K [01;36m[Knote: [m[Kcandidate: ‘[01m[Ktemplate<class _CharT, class _Traits> std::basic_ostream<_CharT, _Traits>& std::operator<<(std::basic_ostream<_CharT, _Traits>&, _CharT)[m[K’
[19.858s]   513 |     [01;36m[Koperator[m[K<<(basic_ostream<_CharT, _Traits>& __out, _CharT __c)
[19.858s]       |     [01;36m[K^~~~~~~~[m[K
[19.858s] [01m[K/usr/include/c++/11/ostream:513:5:[m[K [01;36m[Knote: [m[K  template argument deduction/substitution failed:
[19.858s] [01m[K/home/ubuntu/Desktop/MultiRobotSimulator/v5/src/mrsim/src/simulator.cpp:268:48:[m[K [01;36m[Knote: [m[K  deduced conflicting types for parameter ‘[01m[K_CharT[m[K’ (‘[01m[Kchar[m[K’ and ‘[01m[Kstd::basic_ifstream<char>[m[K’)
[19.858s]   268 |         cerr << "Error parsing JSON file: " << [01;36m[KjsonFileRanking[m[K << endl;
[19.858s]       |                                                [01;36m[K^~~~~~~~~~~~~~~[m[K
[19.858s] In file included from [01m[K/usr/include/c++/11/iostream:39[m[K,
[19.858s]                  from [01m[K/home/ubuntu/Desktop/MultiRobotSimulator/v5/src/mrsim/src/simulator.cpp:1[m[K:
[19.858s] [01m[K/usr/include/c++/11/ostream:518:5:[m[K [01;36m[Knote: [m[Kcandidate: ‘[01m[Ktemplate<class _CharT, class _Traits> std::basic_ostream<_CharT, _Traits>& std::operator<<(std::basic_ostream<_CharT, _Traits>&, char)[m[K’
[19.858s]   518 |     [01;36m[Koperator[m[K<<(basic_ostream<_CharT, _Traits>& __out, char __c)
[19.858s]       |     [01;36m[K^~~~~~~~[m[K
[19.858s] [01m[K/usr/include/c++/11/ostream:518:5:[m[K [01;36m[Knote: [m[K  template argument deduction/substitution failed:
[19.858s] [01m[K/home/ubuntu/Desktop/MultiRobotSimulator/v5/src/mrsim/src/simulator.cpp:268:48:[m[K [01;36m[Knote: [m[K  cannot convert ‘[01m[KjsonFileRanking[m[K’ (type ‘[01m[Kstd::ifstream[m[K’ {aka ‘[01m[Kstd::basic_ifstream<char>[m[K’}) to type ‘[01m[Kchar[m[K’
[19.858s]   268 |         cerr << "Error parsing JSON file: " << [01;36m[KjsonFileRanking[m[K << endl;
[19.858s]       |                                                [01;36m[K^~~~~~~~~~~~~~~[m[K
[19.858s] In file included from [01m[K/usr/include/c++/11/iostream:39[m[K,
[19.862s]                  from [01m[K/home/ubuntu/Desktop/MultiRobotSimulator/v5/src/mrsim/src/simulator.cpp:1[m[K:
[19.863s] [01m[K/usr/include/c++/11/ostream:524:5:[m[K [01;36m[Knote: [m[Kcandidate: ‘[01m[Ktemplate<class _Traits> std::basic_ostream<char, _Traits>& std::operator<<(std::basic_ostream<char, _Traits>&, char)[m[K’
[19.864s]   524 |     [01;36m[Koperator[m[K<<(basic_ostream<char, _Traits>& __out, char __c)
[19.865s]       |     [01;36m[K^~~~~~~~[m[K
[19.865s] [01m[K/usr/include/c++/11/ostream:524:5:[m[K [01;36m[Knote: [m[K  template argument deduction/substitution failed:
[19.865s] [01m[K/home/ubuntu/Desktop/MultiRobotSimulator/v5/src/mrsim/src/simulator.cpp:268:48:[m[K [01;36m[Knote: [m[K  cannot convert ‘[01m[KjsonFileRanking[m[K’ (type ‘[01m[Kstd::ifstream[m[K’ {aka ‘[01m[Kstd::basic_ifstream<char>[m[K’}) to type ‘[01m[Kchar[m[K’
[19.865s]   268 |         cerr << "Error parsing JSON file: " << [01;36m[KjsonFileRanking[m[K << endl;
[19.865s]       |                                                [01;36m[K^~~~~~~~~~~~~~~[m[K
[19.865s] In file included from [01m[K/usr/include/c++/11/iostream:39[m[K,
[19.865s]                  from [01m[K/home/ubuntu/Desktop/MultiRobotSimulator/v5/src/mrsim/src/simulator.cpp:1[m[K:
[19.866s] [01m[K/usr/include/c++/11/ostream:530:5:[m[K [01;36m[Knote: [m[Kcandidate: ‘[01m[Ktemplate<class _Traits> std::basic_ostream<char, _Traits>& std::operator<<(std::basic_ostream<char, _Traits>&, signed char)[m[K’
[19.866s]   530 |     [01;36m[Koperator[m[K<<(basic_ostream<char, _Traits>& __out, signed char __c)
[19.866s]       |     [01;36m[K^~~~~~~~[m[K
[19.866s] [01m[K/usr/include/c++/11/ostream:530:5:[m[K [01;36m[Knote: [m[K  template argument deduction/substitution failed:
[19.866s] [01m[K/home/ubuntu/Desktop/MultiRobotSimulator/v5/src/mrsim/src/simulator.cpp:268:48:[m[K [01;36m[Knote: [m[K  cannot convert ‘[01m[KjsonFileRanking[m[K’ (type ‘[01m[Kstd::ifstream[m[K’ {aka ‘[01m[Kstd::basic_ifstream<char>[m[K’}) to type ‘[01m[Ksigned char[m[K’
[19.866s]   268 |         cerr << "Error parsing JSON file: " << [01;36m[KjsonFileRanking[m[K << endl;
[19.866s]       |                                                [01;36m[K^~~~~~~~~~~~~~~[m[K
[19.866s] In file included from [01m[K/usr/include/c++/11/iostream:39[m[K,
[19.866s]                  from [01m[K/home/ubuntu/Desktop/MultiRobotSimulator/v5/src/mrsim/src/simulator.cpp:1[m[K:
[19.866s] [01m[K/usr/include/c++/11/ostream:535:5:[m[K [01;36m[Knote: [m[Kcandidate: ‘[01m[Ktemplate<class _Traits> std::basic_ostream<char, _Traits>& std::operator<<(std::basic_ostream<char, _Traits>&, unsigned char)[m[K’
[19.866s]   535 |     [01;36m[Koperator[m[K<<(basic_ostream<char, _Traits>& __out, unsigned char __c)
[19.866s]       |     [01;36m[K^~~~~~~~[m[K
[19.866s] [01m[K/usr/include/c++/11/ostream:535:5:[m[K [01;36m[Knote: [m[K  template argument deduction/substitution failed:
[19.866s] [01m[K/home/ubuntu/Desktop/MultiRobotSimulator/v5/src/mrsim/src/simulator.cpp:268:48:[m[K [01;36m[Knote: [m[K  cannot convert ‘[01m[KjsonFileRanking[m[K’ (type ‘[01m[Kstd::ifstream[m[K’ {aka ‘[01m[Kstd::basic_ifstream<char>[m[K’}) to type ‘[01m[Kunsigned char[m[K’
[19.866s]   268 |         cerr << "Error parsing JSON file: " << [01;36m[KjsonFileRanking[m[K << endl;
[19.866s]       |                                                [01;36m[K^~~~~~~~~~~~~~~[m[K
[19.867s] In file included from [01m[K/usr/include/c++/11/iostream:39[m[K,
[19.867s]                  from [01m[K/home/ubuntu/Desktop/MultiRobotSimulator/v5/src/mrsim/src/simulator.cpp:1[m[K:
[19.867s] [01m[K/usr/include/c++/11/ostream:594:5:[m[K [01;36m[Knote: [m[Kcandidate: ‘[01m[Ktemplate<class _CharT, class _Traits> std::basic_ostream<_CharT, _Traits>& std::operator<<(std::basic_ostream<_CharT, _Traits>&, const _CharT*)[m[K’
[19.867s]   594 |     [01;36m[Koperator[m[K<<(basic_ostream<_CharT, _Traits>& __out, const _CharT* __s)
[19.867s]       |     [01;36m[K^~~~~~~~[m[K
[19.867s] [01m[K/usr/include/c++/11/ostream:594:5:[m[K [01;36m[Knote: [m[K  template argument deduction/substitution failed:
[19.867s] [01m[K/home/ubuntu/Desktop/MultiRobotSimulator/v5/src/mrsim/src/simulator.cpp:268:48:[m[K [01;36m[Knote: [m[K  mismatched types ‘[01m[Kconst _CharT*[m[K’ and ‘[01m[Kstd::basic_ifstream<char>[m[K’
[19.867s]   268 |         cerr << "Error parsing JSON file: " << [01;36m[KjsonFileRanking[m[K << endl;
[19.867s]       |                                                [01;36m[K^~~~~~~~~~~~~~~[m[K
[19.867s] In file included from [01m[K/usr/include/c++/11/ostream:829[m[K,
[19.867s]                  from [01m[K/usr/include/c++/11/iostream:39[m[K,
[19.867s]                  from [01m[K/home/ubuntu/Desktop/MultiRobotSimulator/v5/src/mrsim/src/simulator.cpp:1[m[K:
[19.867s] [01m[K/usr/include/c++/11/bits/ostream.tcc:321:5:[m[K [01;36m[Knote: [m[Kcandidate: ‘[01m[Ktemplate<class _CharT, class _Traits> std::basic_ostream<_CharT, _Traits>& std::operator<<(std::basic_ostream<_CharT, _Traits>&, const char*)[m[K’
[19.867s]   321 |     [01;36m[Koperator[m[K<<(basic_ostream<_CharT, _Traits>& __out, const char* __s)
[19.867s]       |     [01;36m[K^~~~~~~~[m[K
[19.867s] [01m[K/usr/include/c++/11/bits/ostream.tcc:321:5:[m[K [01;36m[Knote: [m[K  template argument deduction/substitution failed:
[19.867s] [01m[K/home/ubuntu/Desktop/MultiRobotSimulator/v5/src/mrsim/src/simulator.cpp:268:48:[m[K [01;36m[Knote: [m[K  cannot convert ‘[01m[KjsonFileRanking[m[K’ (type ‘[01m[Kstd::ifstream[m[K’ {aka ‘[01m[Kstd::basic_ifstream<char>[m[K’}) to type ‘[01m[Kconst char*[m[K’
[19.867s]   268 |         cerr << "Error parsing JSON file: " << [01;36m[KjsonFileRanking[m[K << endl;
[19.868s]       |                                                [01;36m[K^~~~~~~~~~~~~~~[m[K
[19.868s] In file included from [01m[K/usr/include/c++/11/iostream:39[m[K,
[19.868s]                  from [01m[K/home/ubuntu/Desktop/MultiRobotSimulator/v5/src/mrsim/src/simulator.cpp:1[m[K:
[19.868s] [01m[K/usr/include/c++/11/ostream:611:5:[m[K [01;36m[Knote: [m[Kcandidate: ‘[01m[Ktemplate<class _Traits> std::basic_ostream<char, _Traits>& std::operator<<(std::basic_ostream<char, _Traits>&, const char*)[m[K’
[19.868s]   611 |     [01;36m[Koperator[m[K<<(basic_ostream<char, _Traits>& __out, const char* __s)
[19.868s]       |     [01;36m[K^~~~~~~~[m[K
[19.868s] [01m[K/usr/include/c++/11/ostream:611:5:[m[K [01;36m[Knote: [m[K  template argument deduction/substitution failed:
[19.868s] [01m[K/home/ubuntu/Desktop/MultiRobotSimulator/v5/src/mrsim/src/simulator.cpp:268:48:[m[K [01;36m[Knote: [m[K  cannot convert ‘[01m[KjsonFileRanking[m[K’ (type ‘[01m[Kstd::ifstream[m[K’ {aka ‘[01m[Kstd::basic_ifstream<char>[m[K’}) to type ‘[01m[Kconst char*[m[K’
[19.869s]   268 |         cerr << "Error parsing JSON file: " << [01;36m[KjsonFileRanking[m[K << endl;
[19.869s]       |                                                [01;36m[K^~~~~~~~~~~~~~~[m[K
[19.869s] In file included from [01m[K/usr/include/c++/11/iostream:39[m[K,
[19.869s]                  from [01m[K/home/ubuntu/Desktop/MultiRobotSimulator/v5/src/mrsim/src/simulator.cpp:1[m[K:
[19.869s] [01m[K/usr/include/c++/11/ostream:624:5:[m[K [01;36m[Knote: [m[Kcandidate: ‘[01m[Ktemplate<class _Traits> std::basic_ostream<char, _Traits>& std::operator<<(std::basic_ostream<char, _Traits>&, const signed char*)[m[K’
[19.869s]   624 |     [01;36m[Koperator[m[K<<(basic_ostream<char, _Traits>& __out, const signed char* __s)
[19.869s]       |     [01;36m[K^~~~~~~~[m[K
[19.881s] [01m[K/usr/include/c++/11/ostream:624:5:[m[K [01;36m[Knote: [m[K  template argument deduction/substitution failed:
[19.881s] [01m[K/home/ubuntu/Desktop/MultiRobotSimulator/v5/src/mrsim/src/simulator.cpp:268:48:[m[K [01;36m[Knote: [m[K  cannot convert ‘[01m[KjsonFileRanking[m[K’ (type ‘[01m[Kstd::ifstream[m[K’ {aka ‘[01m[Kstd::basic_ifstream<char>[m[K’}) to type ‘[01m[Kconst signed char*[m[K’
[19.882s]   268 |         cerr << "Error parsing JSON file: " << [01;36m[KjsonFileRanking[m[K << endl;
[19.882s]       |                                                [01;36m[K^~~~~~~~~~~~~~~[m[K
[19.882s] In file included from [01m[K/usr/include/c++/11/iostream:39[m[K,
[19.882s]                  from [01m[K/home/ubuntu/Desktop/MultiRobotSimulator/v5/src/mrsim/src/simulator.cpp:1[m[K:
[19.882s] [01m[K/usr/include/c++/11/ostream:629:5:[m[K [01;36m[Knote: [m[Kcandidate: ‘[01m[Ktemplate<class _Traits> std::basic_ostream<char, _Traits>& std::operator<<(std::basic_ostream<char, _Traits>&, const unsigned char*)[m[K’
[19.883s]   629 |     [01;36m[Koperator[m[K<<(basic_ostream<char, _Traits>& __out, const unsigned char* __s)
[19.883s]       |     [01;36m[K^~~~~~~~[m[K
[19.883s] [01m[K/usr/include/c++/11/ostream:629:5:[m[K [01;36m[Knote: [m[K  template argument deduction/substitution failed:
[19.883s] [01m[K/home/ubuntu/Desktop/MultiRobotSimulator/v5/src/mrsim/src/simulator.cpp:268:48:[m[K [01;36m[Knote: [m[K  cannot convert ‘[01m[KjsonFileRanking[m[K’ (type ‘[01m[Kstd::ifstream[m[K’ {aka ‘[01m[Kstd::basic_ifstream<char>[m[K’}) to type ‘[01m[Kconst unsigned char*[m[K’
[19.883s]   268 |         cerr << "Error parsing JSON file: " << [01;36m[KjsonFileRanking[m[K << endl;
[19.883s]       |                                                [01;36m[K^~~~~~~~~~~~~~~[m[K
[19.896s] In file included from [01m[K/usr/include/c++/11/iostream:39[m[K,
[19.896s]                  from [01m[K/home/ubuntu/Desktop/MultiRobotSimulator/v5/src/mrsim/src/simulator.cpp:1[m[K:
[19.896s] [01m[K/usr/include/c++/11/ostream:750:5:[m[K [01;36m[Knote: [m[Kcandidate: ‘[01m[Ktemplate<class _Ostream, class _Tp> _Ostream&& std::operator<<(_Ostream&&, const _Tp&)[m[K’
[19.897s]   750 |     [01;36m[Koperator[m[K<<(_Ostream&& __os, const _Tp& __x)
[19.897s]       |     [01;36m[K^~~~~~~~[m[K
[19.897s] [01m[K/usr/include/c++/11/ostream:750:5:[m[K [01;36m[Knote: [m[K  template argument deduction/substitution failed:
[19.898s] /usr/include/c++/11/ostream: In substitution of ‘[01m[Ktemplate<class _Ostream, class _Tp> _Ostream&& std::operator<<(_Ostream&&, const _Tp&) [with _Ostream = std::basic_ostream<char>&; _Tp = std::basic_ifstream<char>][m[K’:
[19.899s] [01m[K/home/ubuntu/Desktop/MultiRobotSimulator/v5/src/mrsim/src/simulator.cpp:268:48:[m[K   required from here
[19.899s] [01m[K/usr/include/c++/11/ostream:750:5:[m[K [01;31m[Kerror: [m[Kno type named ‘[01m[Ktype[m[K’ in ‘[01m[Kstruct std::enable_if<false, void>[m[K’
[19.899s] In file included from [01m[K/usr/include/jsoncpp/json/config.h:8[m[K,
[19.899s]                  from [01m[K/usr/include/jsoncpp/json/json.h:9[m[K,
[19.900s]                  from [01m[K/home/ubuntu/Desktop/MultiRobotSimulator/v5/src/mrsim/src/simulator.cpp:3[m[K:
[19.900s] [01m[K/usr/include/c++/11/cstddef:126:5:[m[K [01;36m[Knote: [m[Kcandidate: ‘[01m[Ktemplate<class _IntegerType> constexpr std::__byte_op_t<_IntegerType> std::operator<<(std::byte, _IntegerType)[m[K’
[19.900s]   126 |     [01;36m[Koperator[m[K<<(byte __b, _IntegerType __shift) noexcept
[19.901s]       |     [01;36m[K^~~~~~~~[m[K
[19.901s] [01m[K/usr/include/c++/11/cstddef:126:5:[m[K [01;36m[Knote: [m[K  template argument deduction/substitution failed:
[19.901s] [01m[K/home/ubuntu/Desktop/MultiRobotSimulator/v5/src/mrsim/src/simulator.cpp:268:14:[m[K [01;36m[Knote: [m[K  cannot convert ‘[01m[Kstd::operator<< <std::char_traits<char> >(std::cerr, ((const char*)"Error parsing JSON file: "))[m[K’ (type ‘[01m[Kstd::basic_ostream<char>[m[K’) to type ‘[01m[Kstd::byte[m[K’
[19.902s]   268 |         [01;36m[Kcerr << "Error parsing JSON file: "[m[K << jsonFileRanking << endl;
[19.902s]       |         [01;36m[K~~~~~^~~~~~~~~~~~~~~~~~~~~~~~~~~~~~[m[K
[19.902s] In file included from [01m[K/usr/include/c++/11/memory:77[m[K,
[19.903s]                  from [01m[K/usr/include/jsoncpp/json/config.h:11[m[K,
[19.903s]                  from [01m[K/usr/include/jsoncpp/json/json.h:9[m[K,
[19.903s]                  from [01m[K/home/ubuntu/Desktop/MultiRobotSimulator/v5/src/mrsim/src/simulator.cpp:3[m[K:
[19.903s] [01m[K/usr/include/c++/11/bits/shared_ptr.h:70:5:[m[K [01;36m[Knote: [m[Kcandidate: ‘[01m[Ktemplate<class _Ch, class _Tr, class _Tp, __gnu_cxx::_Lock_policy _Lp> std::basic_ostream<_CharT, _Traits>& std::operator<<(std::basic_ostream<_CharT, _Traits>&, const std::__shared_ptr<_Tp, _Lp>&)[m[K’
[19.903s]    70 |     [01;36m[Koperator[m[K<<(std::basic_ostream<_Ch, _Tr>& __os,
[19.904s]       |     [01;36m[K^~~~~~~~[m[K
[19.904s] [01m[K/usr/include/c++/11/bits/shared_ptr.h:70:5:[m[K [01;36m[Knote: [m[K  template argument deduction/substitution failed:
[19.907s] [01m[K/home/ubuntu/Desktop/MultiRobotSimulator/v5/src/mrsim/src/simulator.cpp:268:48:[m[K [01;36m[Knote: [m[K  ‘[01m[Kstd::ifstream[m[K’ {aka ‘[01m[Kstd::basic_ifstream<char>[m[K’} is not derived from ‘[01m[Kconst std::__shared_ptr<_Tp, _Lp>[m[K’
[19.926s]   268 |         cerr << "Error parsing JSON file: " << [01;36m[KjsonFileRanking[m[K << endl;
[19.926s]       |                                                [01;36m[K^~~~~~~~~~~~~~~[m[K
[19.926s] In file included from [01m[K/usr/include/opencv4/opencv2/core/cvstd.inl.hpp:47[m[K,
[19.926s]                  from [01m[K/usr/include/opencv4/opencv2/core.hpp:3306[m[K,
[19.926s]                  from [01m[K/usr/include/opencv4/opencv2/opencv.hpp:52[m[K,
[19.927s]                  from [01m[K/home/ubuntu/Desktop/MultiRobotSimulator/v5/src/mrsim/src/simulator.cpp:4[m[K:
[19.927s] [01m[K/usr/include/c++/11/complex:555:5:[m[K [01;36m[Knote: [m[Kcandidate: ‘[01m[Ktemplate<class _Tp, class _CharT, class _Traits> std::basic_ostream<_CharT, _Traits>& std::operator<<(std::basic_ostream<_CharT, _Traits>&, const std::complex<_Tp>&)[m[K’
[19.927s]   555 |     [01;36m[Koperator[m[K<<(basic_ostream<_CharT, _Traits>& __os, const complex<_Tp>& __x)
[19.927s]       |     [01;36m[K^~~~~~~~[m[K
[19.927s] [01m[K/usr/include/c++/11/complex:555:5:[m[K [01;36m[Knote: [m[K  template argument deduction/substitution failed:
[19.927s] [01m[K/home/ubuntu/Desktop/MultiRobotSimulator/v5/src/mrsim/src/simulator.cpp:268:48:[m[K [01;36m[Knote: [m[K  ‘[01m[Kstd::ifstream[m[K’ {aka ‘[01m[Kstd::basic_ifstream<char>[m[K’} is not derived from ‘[01m[Kconst std::complex<_Tp>[m[K’
[19.927s]   268 |         cerr << "Error parsing JSON file: " << [01;36m[KjsonFileRanking[m[K << endl;
[19.927s]       |                                                [01;36m[K^~~~~~~~~~~~~~~[m[K
[19.928s] In file included from [01m[K/usr/include/opencv4/opencv2/flann/lsh_table.h:42[m[K,
[19.929s]                  from [01m[K/usr/include/opencv4/opencv2/flann/lsh_index.h:49[m[K,
[19.929s]                  from [01m[K/usr/include/opencv4/opencv2/flann/all_indices.h:44[m[K,
[19.929s]                  from [01m[K/usr/include/opencv4/opencv2/flann/flann_base.hpp:44[m[K,
[19.929s]                  from [01m[K/usr/include/opencv4/opencv2/flann.hpp:48[m[K,
[19.929s]                  from [01m[K/usr/include/opencv4/opencv2/opencv.hpp:65[m[K,
[19.930s]                  from [01m[K/home/ubuntu/Desktop/MultiRobotSimulator/v5/src/mrsim/src/simulator.cpp:4[m[K:
[19.930s] [01m[K/usr/include/c++/11/iomanip:79:5:[m[K [01;36m[Knote: [m[Kcandidate: ‘[01m[Ktemplate<class _CharT, class _Traits> std::basic_ostream<_CharT, _Traits>& std::operator<<(std::basic_ostream<_CharT, _Traits>&, std::_Resetiosflags)[m[K’
[19.930s]    79 |     [01;36m[Koperator[m[K<<(basic_ostream<_CharT, _Traits>& __os, _Resetiosflags __f)
[19.930s]       |     [01;36m[K^~~~~~~~[m[K
[19.930s] [01m[K/usr/include/c++/11/iomanip:79:5:[m[K [01;36m[Knote: [m[K  template argument deduction/substitution failed:
[19.930s] [01m[K/home/ubuntu/Desktop/MultiRobotSimulator/v5/src/mrsim/src/simulator.cpp:268:48:[m[K [01;36m[Knote: [m[K  cannot convert ‘[01m[KjsonFileRanking[m[K’ (type ‘[01m[Kstd::ifstream[m[K’ {aka ‘[01m[Kstd::basic_ifstream<char>[m[K’}) to type ‘[01m[Kstd::_Resetiosflags[m[K’
[19.930s]   268 |         cerr << "Error parsing JSON file: " << [01;36m[KjsonFileRanking[m[K << endl;
[19.931s]       |                                                [01;36m[K^~~~~~~~~~~~~~~[m[K
[19.931s] In file included from [01m[K/usr/include/opencv4/opencv2/flann/lsh_table.h:42[m[K,
[19.932s]                  from [01m[K/usr/include/opencv4/opencv2/flann/lsh_index.h:49[m[K,
[19.932s]                  from [01m[K/usr/include/opencv4/opencv2/flann/all_indices.h:44[m[K,
[19.932s]                  from [01m[K/usr/include/opencv4/opencv2/flann/flann_base.hpp:44[m[K,
[19.932s]                  from [01m[K/usr/include/opencv4/opencv2/flann.hpp:48[m[K,
[19.932s]                  from [01m[K/usr/include/opencv4/opencv2/opencv.hpp:65[m[K,
[19.932s]                  from [01m[K/home/ubuntu/Desktop/MultiRobotSimulator/v5/src/mrsim/src/simulator.cpp:4[m[K:
[19.932s] [01m[K/usr/include/c++/11/iomanip:109:5:[m[K [01;36m[Knote: [m[Kcandidate: ‘[01m[Ktemplate<class _CharT, class _Traits> std::basic_ostream<_CharT, _Traits>& std::operator<<(std::basic_ostream<_CharT, _Traits>&, std::_Setiosflags)[m[K’
[19.945s]   109 |     [01;36m[Koperator[m[K<<(basic_ostream<_CharT, _Traits>& __os, _Setiosflags __f)
[19.945s]       |     [01;36m[K^~~~~~~~[m[K
[19.945s] [01m[K/usr/include/c++/11/iomanip:109:5:[m[K [01;36m[Knote: [m[K  template argument deduction/substitution failed:
[19.946s] [01m[K/home/ubuntu/Desktop/MultiRobotSimulator/v5/src/mrsim/src/simulator.cpp:268:48:[m[K [01;36m[Knote: [m[K  cannot convert ‘[01m[KjsonFileRanking[m[K’ (type ‘[01m[Kstd::ifstream[m[K’ {aka ‘[01m[Kstd::basic_ifstream<char>[m[K’}) to type ‘[01m[Kstd::_Setiosflags[m[K’
[19.946s]   268 |         cerr << "Error parsing JSON file: " << [01;36m[KjsonFileRanking[m[K << endl;
[19.946s]       |                                                [01;36m[K^~~~~~~~~~~~~~~[m[K
[19.946s] In file included from [01m[K/usr/include/opencv4/opencv2/flann/lsh_table.h:42[m[K,
[19.946s]                  from [01m[K/usr/include/opencv4/opencv2/flann/lsh_index.h:49[m[K,
[19.946s]                  from [01m[K/usr/include/opencv4/opencv2/flann/all_indices.h:44[m[K,
[19.946s]                  from [01m[K/usr/include/opencv4/opencv2/flann/flann_base.hpp:44[m[K,
[19.946s]                  from [01m[K/usr/include/opencv4/opencv2/flann.hpp:48[m[K,
[19.946s]                  from [01m[K/usr/include/opencv4/opencv2/opencv.hpp:65[m[K,
[19.946s]                  from [01m[K/home/ubuntu/Desktop/MultiRobotSimulator/v5/src/mrsim/src/simulator.cpp:4[m[K:
[19.946s] [01m[K/usr/include/c++/11/iomanip:143:5:[m[K [01;36m[Knote: [m[Kcandidate: ‘[01m[Ktemplate<class _CharT, class _Traits> std::basic_ostream<_CharT, _Traits>& std::operator<<(std::basic_ostream<_CharT, _Traits>&, std::_Setbase)[m[K’
[19.946s]   143 |     [01;36m[Koperator[m[K<<(basic_ostream<_CharT, _Traits>& __os, _Setbase __f)
[19.946s]       |     [01;36m[K^~~~~~~~[m[K
[19.946s] [01m[K/usr/include/c++/11/iomanip:143:5:[m[K [01;36m[Knote: [m[K  template argument deduction/substitution failed:
[19.946s] [01m[K/home/ubuntu/Desktop/MultiRobotSimulator/v5/src/mrsim/src/simulator.cpp:268:48:[m[K [01;36m[Knote: [m[K  cannot convert ‘[01m[KjsonFileRanking[m[K’ (type ‘[01m[Kstd::ifstream[m[K’ {aka ‘[01m[Kstd::basic_ifstream<char>[m[K’}) to type ‘[01m[Kstd::_Setbase[m[K’
[19.946s]   268 |         cerr << "Error parsing JSON file: " << [01;36m[KjsonFileRanking[m[K << endl;
[19.946s]       |                                                [01;36m[K^~~~~~~~~~~~~~~[m[K
[19.946s] In file included from [01m[K/usr/include/opencv4/opencv2/flann/lsh_table.h:42[m[K,
[19.946s]                  from [01m[K/usr/include/opencv4/opencv2/flann/lsh_index.h:49[m[K,
[19.947s]                  from [01m[K/usr/include/opencv4/opencv2/flann/all_indices.h:44[m[K,
[19.947s]                  from [01m[K/usr/include/opencv4/opencv2/flann/flann_base.hpp:44[m[K,
[19.947s]                  from [01m[K/usr/include/opencv4/opencv2/flann.hpp:48[m[K,
[19.947s]                  from [01m[K/usr/include/opencv4/opencv2/opencv.hpp:65[m[K,
[19.947s]                  from [01m[K/home/ubuntu/Desktop/MultiRobotSimulator/v5/src/mrsim/src/simulator.cpp:4[m[K:
[19.947s] [01m[K/usr/include/c++/11/iomanip:178:5:[m[K [01;36m[Knote: [m[Kcandidate: ‘[01m[Ktemplate<class _CharT, class _Traits> std::basic_ostream<_CharT, _Traits>& std::operator<<(std::basic_ostream<_CharT, _Traits>&, std::_Setfill<_CharT>)[m[K’
[19.947s]   178 |     [01;36m[Koperator[m[K<<(basic_ostream<_CharT, _Traits>& __os, _Setfill<_CharT> __f)
[19.947s]       |     [01;36m[K^~~~~~~~[m[K
[19.947s] [01m[K/usr/include/c++/11/iomanip:178:5:[m[K [01;36m[Knote: [m[K  template argument deduction/substitution failed:
[19.947s] [01m[K/home/ubuntu/Desktop/MultiRobotSimulator/v5/src/mrsim/src/simulator.cpp:268:48:[m[K [01;36m[Knote: [m[K  ‘[01m[Kstd::basic_ifstream<char>[m[K’ is not derived from ‘[01m[Kstd::_Setfill<_CharT>[m[K’
[19.947s]   268 |         cerr << "Error parsing JSON file: " << [01;36m[KjsonFileRanking[m[K << endl;
[19.947s]       |                                                [01;36m[K^~~~~~~~~~~~~~~[m[K
[19.947s] In file included from [01m[K/usr/include/opencv4/opencv2/flann/lsh_table.h:42[m[K,
[19.947s]                  from [01m[K/usr/include/opencv4/opencv2/flann/lsh_index.h:49[m[K,
[19.947s]                  from [01m[K/usr/include/opencv4/opencv2/flann/all_indices.h:44[m[K,
[19.947s]                  from [01m[K/usr/include/opencv4/opencv2/flann/flann_base.hpp:44[m[K,
[19.947s]                  from [01m[K/usr/include/opencv4/opencv2/flann.hpp:48[m[K,
[19.947s]                  from [01m[K/usr/include/opencv4/opencv2/opencv.hpp:65[m[K,
[19.947s]                  from [01m[K/home/ubuntu/Desktop/MultiRobotSimulator/v5/src/mrsim/src/simulator.cpp:4[m[K:
[19.947s] [01m[K/usr/include/c++/11/iomanip:208:5:[m[K [01;36m[Knote: [m[Kcandidate: ‘[01m[Ktemplate<class _CharT, class _Traits> std::basic_ostream<_CharT, _Traits>& std::operator<<(std::basic_ostream<_CharT, _Traits>&, std::_Setprecision)[m[K’
[19.947s]   208 |     [01;36m[Koperator[m[K<<(basic_ostream<_CharT, _Traits>& __os, _Setprecision __f)
[19.947s]       |     [01;36m[K^~~~~~~~[m[K
[19.948s] [01m[K/usr/include/c++/11/iomanip:208:5:[m[K [01;36m[Knote: [m[K  template argument deduction/substitution failed:
[19.948s] [01m[K/home/ubuntu/Desktop/MultiRobotSimulator/v5/src/mrsim/src/simulator.cpp:268:48:[m[K [01;36m[Knote: [m[K  cannot convert ‘[01m[KjsonFileRanking[m[K’ (type ‘[01m[Kstd::ifstream[m[K’ {aka ‘[01m[Kstd::basic_ifstream<char>[m[K’}) to type ‘[01m[Kstd::_Setprecision[m[K’
[19.948s]   268 |         cerr << "Error parsing JSON file: " << [01;36m[KjsonFileRanking[m[K << endl;
[19.948s]       |                                                [01;36m[K^~~~~~~~~~~~~~~[m[K
[19.948s] In file included from [01m[K/usr/include/opencv4/opencv2/flann/lsh_table.h:42[m[K,
[19.948s]                  from [01m[K/usr/include/opencv4/opencv2/flann/lsh_index.h:49[m[K,
[19.948s]                  from [01m[K/usr/include/opencv4/opencv2/flann/all_indices.h:44[m[K,
[19.948s]                  from [01m[K/usr/include/opencv4/opencv2/flann/flann_base.hpp:44[m[K,
[19.948s]                  from [01m[K/usr/include/opencv4/opencv2/flann.hpp:48[m[K,
[19.948s]                  from [01m[K/usr/include/opencv4/opencv2/opencv.hpp:65[m[K,
[19.948s]                  from [01m[K/home/ubuntu/Desktop/MultiRobotSimulator/v5/src/mrsim/src/simulator.cpp:4[m[K:
[19.948s] [01m[K/usr/include/c++/11/iomanip:238:5:[m[K [01;36m[Knote: [m[Kcandidate: ‘[01m[Ktemplate<class _CharT, class _Traits> std::basic_ostream<_CharT, _Traits>& std::operator<<(std::basic_ostream<_CharT, _Traits>&, std::_Setw)[m[K’
[19.948s]   238 |     [01;36m[Koperator[m[K<<(basic_ostream<_CharT, _Traits>& __os, _Setw __f)
[19.948s]       |     [01;36m[K^~~~~~~~[m[K
[19.948s] [01m[K/usr/include/c++/11/iomanip:238:5:[m[K [01;36m[Knote: [m[K  template argument deduction/substitution failed:
[19.948s] [01m[K/home/ubuntu/Desktop/MultiRobotSimulator/v5/src/mrsim/src/simulator.cpp:268:48:[m[K [01;36m[Knote: [m[K  cannot convert ‘[01m[KjsonFileRanking[m[K’ (type ‘[01m[Kstd::ifstream[m[K’ {aka ‘[01m[Kstd::basic_ifstream<char>[m[K’}) to type ‘[01m[Kstd::_Setw[m[K’
[19.948s]   268 |         cerr << "Error parsing JSON file: " << [01;36m[KjsonFileRanking[m[K << endl;
[19.948s]       |                                                [01;36m[K^~~~~~~~~~~~~~~[m[K
[19.948s] In file included from [01m[K/usr/include/opencv4/opencv2/flann/lsh_table.h:42[m[K,
[19.949s]                  from [01m[K/usr/include/opencv4/opencv2/flann/lsh_index.h:49[m[K,
[19.949s]                  from [01m[K/usr/include/opencv4/opencv2/flann/all_indices.h:44[m[K,
[19.949s]                  from [01m[K/usr/include/opencv4/opencv2/flann/flann_base.hpp:44[m[K,
[19.949s]                  from [01m[K/usr/include/opencv4/opencv2/flann.hpp:48[m[K,
[19.949s]                  from [01m[K/usr/include/opencv4/opencv2/opencv.hpp:65[m[K,
[19.949s]                  from [01m[K/home/ubuntu/Desktop/MultiRobotSimulator/v5/src/mrsim/src/simulator.cpp:4[m[K:
[19.949s] [01m[K/usr/include/c++/11/iomanip:311:5:[m[K [01;36m[Knote: [m[Kcandidate: ‘[01m[Ktemplate<class _CharT, class _Traits, class _MoneyT> std::basic_ostream<_CharT, _Traits>& std::operator<<(std::basic_ostream<_CharT, _Traits>&, std::_Put_money<_MoneyT>)[m[K’
[19.949s]   311 |     [01;36m[Koperator[m[K<<(basic_ostream<_CharT, _Traits>& __os, _Put_money<_MoneyT> __f)
[19.949s]       |     [01;36m[K^~~~~~~~[m[K
[19.949s] [01m[K/usr/include/c++/11/iomanip:311:5:[m[K [01;36m[Knote: [m[K  template argument deduction/substitution failed:
[19.949s] [01m[K/home/ubuntu/Desktop/MultiRobotSimulator/v5/src/mrsim/src/simulator.cpp:268:48:[m[K [01;36m[Knote: [m[K  ‘[01m[Kstd::basic_ifstream<char>[m[K’ is not derived from ‘[01m[Kstd::_Put_money<_MoneyT>[m[K’
[19.949s]   268 |         cerr << "Error parsing JSON file: " << [01;36m[KjsonFileRanking[m[K << endl;
[19.949s]       |                                                [01;36m[K^~~~~~~~~~~~~~~[m[K
[19.949s] In file included from [01m[K/usr/include/opencv4/opencv2/flann/lsh_table.h:42[m[K,
[19.949s]                  from [01m[K/usr/include/opencv4/opencv2/flann/lsh_index.h:49[m[K,
[19.949s]                  from [01m[K/usr/include/opencv4/opencv2/flann/all_indices.h:44[m[K,
[19.949s]                  from [01m[K/usr/include/opencv4/opencv2/flann/flann_base.hpp:44[m[K,
[19.950s]                  from [01m[K/usr/include/opencv4/opencv2/flann.hpp:48[m[K,
[19.950s]                  from [01m[K/usr/include/opencv4/opencv2/opencv.hpp:65[m[K,
[19.950s]                  from [01m[K/home/ubuntu/Desktop/MultiRobotSimulator/v5/src/mrsim/src/simulator.cpp:4[m[K:
[19.950s] [01m[K/usr/include/c++/11/iomanip:363:5:[m[K [01;36m[Knote: [m[Kcandidate: ‘[01m[Ktemplate<class _CharT, class _Traits> std::basic_ostream<_CharT, _Traits>& std::operator<<(std::basic_ostream<_CharT, _Traits>&, std::_Put_time<_CharT>)[m[K’
[19.950s]   363 |     [01;36m[Koperator[m[K<<(basic_ostream<_CharT, _Traits>& __os, _Put_time<_CharT> __f)
[19.950s]       |     [01;36m[K^~~~~~~~[m[K
[19.950s] [01m[K/usr/include/c++/11/iomanip:363:5:[m[K [01;36m[Knote: [m[K  template argument deduction/substitution failed:
[19.950s] [01m[K/home/ubuntu/Desktop/MultiRobotSimulator/v5/src/mrsim/src/simulator.cpp:268:48:[m[K [01;36m[Knote: [m[K  ‘[01m[Kstd::basic_ifstream<char>[m[K’ is not derived from ‘[01m[Kstd::_Put_time<_CharT>[m[K’
[19.950s]   268 |         cerr << "Error parsing JSON file: " << [01;36m[KjsonFileRanking[m[K << endl;
[19.950s]       |                                                [01;36m[K^~~~~~~~~~~~~~~[m[K
[19.950s] In file included from [01m[K/opt/ros/humble/include/rclcpp/rclcpp/executors/multi_threaded_executor.hpp:22[m[K,
[19.950s]                  from [01m[K/opt/ros/humble/include/rclcpp/rclcpp/executors.hpp:21[m[K,
[19.950s]                  from [01m[K/opt/ros/humble/include/rclcpp/rclcpp/rclcpp.hpp:155[m[K,
[19.950s]                  from [01m[K/home/ubuntu/Desktop/MultiRobotSimulator/v5/src/mrsim/src/simulator.cpp:10[m[K:
[19.950s] [01m[K/usr/include/c++/11/thread:92:5:[m[K [01;36m[Knote: [m[Kcandidate: ‘[01m[Ktemplate<class _CharT, class _Traits> std::basic_ostream<_CharT, _Traits>& std::operator<<(std::basic_ostream<_CharT, _Traits>&, std::thread::id)[m[K’
[19.951s]    92 |     [01;36m[Koperator[m[K<<(basic_ostream<_CharT, _Traits>& __out, thread::id __id)
[19.951s]       |     [01;36m[K^~~~~~~~[m[K
[19.951s] [01m[K/usr/include/c++/11/thread:92:5:[m[K [01;36m[Knote: [m[K  template argument deduction/substitution failed:
[19.951s] [01m[K/home/ubuntu/Desktop/MultiRobotSimulator/v5/src/mrsim/src/simulator.cpp:268:48:[m[K [01;36m[Knote: [m[K  cannot convert ‘[01m[KjsonFileRanking[m[K’ (type ‘[01m[Kstd::ifstream[m[K’ {aka ‘[01m[Kstd::basic_ifstream<char>[m[K’}) to type ‘[01m[Kstd::thread::id[m[K’
[19.951s]   268 |         cerr << "Error parsing JSON file: " << [01;36m[KjsonFileRanking[m[K << endl;
[19.951s]       |                                                [01;36m[K^~~~~~~~~~~~~~~[m[K
[24.333s] gmake[2]: *** [CMakeFiles/simulator.dir/build.make:76: CMakeFiles/simulator.dir/src/simulator.cpp.o] Error 1
[24.335s] gmake[1]: *** [CMakeFiles/Makefile2:137: CMakeFiles/simulator.dir/all] Error 2
[24.338s] gmake: *** [Makefile:146: all] Error 2
[24.359s] Invoked command in '/home/ubuntu/Desktop/MultiRobotSimulator/v5/build/mrsim' returned '2': CMAKE_PREFIX_PATH=/opt/ros/humble /usr/bin/cmake --build /home/ubuntu/Desktop/MultiRobotSimulator/v5/build/mrsim -- -j8 -l8
