[0.080s] Invoking command in '/home/ubuntu/Desktop/MultiRobotSimulator/v5/build/mrsim': CMAKE_PREFIX_PATH=/opt/ros/humble /usr/bin/cmake --build /home/ubuntu/Desktop/MultiRobotSimulator/v5/build/mrsim -- -j8 -l8
[0.282s] [ 10%] [32mBuilding CXX object CMakeFiles/simulator.dir/src/arm.cpp.o[0m
[8.071s] [ 20%] [32m[1mLinking CXX executable simulator[0m
[11.331s] [100%] Built target simulator
[11.382s] Invoked command in '/home/ubuntu/Desktop/MultiRobotSimulator/v5/build/mrsim' returned '0': CMAKE_PREFIX_PATH=/opt/ros/humble /usr/bin/cmake --build /home/ubuntu/Desktop/MultiRobotSimulator/v5/build/mrsim -- -j8 -l8
[11.502s] Invoking command in '/home/ubuntu/Desktop/MultiRobotSimulator/v5/build/mrsim': CMAKE_PREFIX_PATH=/opt/ros/humble /usr/bin/cmake --install /home/ubuntu/Desktop/MultiRobotSimulator/v5/build/mrsim
[11.551s] -- Install configuration: "Release"
[11.554s] -- Execute custom install script
[11.555s] -- Up-to-date symlink: /home/ubuntu/Desktop/MultiRobotSimulator/v5/install/mrsim/lib/mrsim/simulator
[11.557s] -- Up-to-date symlink: /home/ubuntu/Desktop/MultiRobotSimulator/v5/install/mrsim/share/ament_index/resource_index/package_run_dependencies/mrsim
[11.563s] -- Up-to-date symlink: /home/ubuntu/Desktop/MultiRobotSimulator/v5/install/mrsim/share/ament_index/resource_index/parent_prefix_path/mrsim
[11.564s] -- Up-to-date symlink: /home/ubuntu/Desktop/MultiRobotSimulator/v5/install/mrsim/share/mrsim/environment/ament_prefix_path.sh
[11.565s] -- Up-to-date symlink: /home/ubuntu/Desktop/MultiRobotSimulator/v5/install/mrsim/share/mrsim/environment/ament_prefix_path.dsv
[11.566s] -- Up-to-date symlink: /home/ubuntu/Desktop/MultiRobotSimulator/v5/install/mrsim/share/mrsim/environment/path.sh
[11.569s] -- Up-to-date symlink: /home/ubuntu/Desktop/MultiRobotSimulator/v5/install/mrsim/share/mrsim/environment/path.dsv
[11.570s] -- Up-to-date symlink: /home/ubuntu/Desktop/MultiRobotSimulator/v5/install/mrsim/share/mrsim/local_setup.bash
[11.571s] -- Up-to-date symlink: /home/ubuntu/Desktop/MultiRobotSimulator/v5/install/mrsim/share/mrsim/local_setup.sh
[11.572s] -- Up-to-date symlink: /home/ubuntu/Desktop/MultiRobotSimulator/v5/install/mrsim/share/mrsim/local_setup.zsh
[11.572s] -- Up-to-date symlink: /home/ubuntu/Desktop/MultiRobotSimulator/v5/install/mrsim/share/mrsim/local_setup.dsv
[11.572s] -- Symlinking: /home/ubuntu/Desktop/MultiRobotSimulator/v5/install/mrsim/share/mrsim/package.dsv
[11.605s] -- Up-to-date symlink: /home/ubuntu/Desktop/MultiRobotSimulator/v5/install/mrsim/share/ament_index/resource_index/packages/mrsim
[11.606s] -- Up-to-date symlink: /home/ubuntu/Desktop/MultiRobotSimulator/v5/install/mrsim/share/mrsim/cmake/mrsimConfig.cmake
[11.607s] -- Up-to-date symlink: /home/ubuntu/Desktop/MultiRobotSimulator/v5/install/mrsim/share/mrsim/cmake/mrsimConfig-version.cmake
[11.608s] -- Up-to-date symlink: /home/ubuntu/Desktop/MultiRobotSimulator/v5/install/mrsim/share/mrsim/package.xml
[11.619s] Invoked command in '/home/ubuntu/Desktop/MultiRobotSimulator/v5/build/mrsim' returned '0': CMAKE_PREFIX_PATH=/opt/ros/humble /usr/bin/cmake --install /home/ubuntu/Desktop/MultiRobotSimulator/v5/build/mrsim
