[0.189s] DEBUG:colcon:Command line arguments: ['/usr/bin/colcon', 'build', '--symlink-install', '--packages-select', 'mrsim']
[0.189s] DEBUG:colcon:Parsed command line arguments: Namespace(log_base=None, log_level=None, verb_name='build', build_base='build', install_base='install', merge_install=False, symlink_install=True, test_result_base=None, continue_on_error=False, executor='parallel', parallel_workers=8, event_handlers=None, ignore_user_meta=False, metas=['./colcon.meta'], base_paths=['.'], packages_ignore=None, packages_ignore_regex=None, paths=None, packages_up_to=None, packages_up_to_regex=None, packages_above=None, packages_above_and_dependencies=None, packages_above_depth=None, packages_select_by_dep=None, packages_skip_by_dep=None, packages_skip_up_to=None, packages_select_build_failed=False, packages_skip_build_finished=False, packages_select_test_failures=False, packages_skip_test_passed=False, packages_select=['mrsim'], packages_skip=None, packages_select_regex=None, packages_skip_regex=None, packages_start=None, packages_end=None, allow_overriding=[], cmake_args=None, cmake_target=None, cmake_target_skip_unavailable=False, cmake_clean_cache=False, cmake_clean_first=False, cmake_force_configure=False, ament_cmake_args=None, catkin_cmake_args=None, catkin_skip_building_tests=False, verb_parser=<colcon_defaults.argument_parser.defaults.DefaultArgumentsDecorator object at 0xffffb5de75b0>, verb_extension=<colcon_core.verb.build.BuildVerb object at 0xffffb5de7160>, main=<bound method BuildVerb.main of <colcon_core.verb.build.BuildVerb object at 0xffffb5de7160>>)
[0.461s] Level 1:colcon.colcon_core.package_discovery:discover_packages(colcon_meta) check parameters
[0.462s] Level 1:colcon.colcon_core.package_discovery:discover_packages(recursive) check parameters
[0.462s] Level 1:colcon.colcon_core.package_discovery:discover_packages(ignore) check parameters
[0.462s] Level 1:colcon.colcon_core.package_discovery:discover_packages(path) check parameters
[0.462s] Level 1:colcon.colcon_core.package_discovery:discover_packages(colcon_meta) discover
[0.462s] Level 1:colcon.colcon_core.package_discovery:discover_packages(recursive) discover
[0.462s] INFO:colcon.colcon_core.package_discovery:Crawling recursively for packages in '/home/ubuntu/Desktop/MultiRobotSimulator/v5'
[0.462s] Level 1:colcon.colcon_core.package_identification:_identify(.) by extensions ['ignore', 'ignore_ament_install']
[0.462s] Level 1:colcon.colcon_core.package_identification:_identify(.) by extension 'ignore'
[0.462s] Level 1:colcon.colcon_core.package_identification:_identify(.) by extension 'ignore_ament_install'
[0.462s] Level 1:colcon.colcon_core.package_identification:_identify(.) by extensions ['colcon_pkg']
[0.462s] Level 1:colcon.colcon_core.package_identification:_identify(.) by extension 'colcon_pkg'
[0.462s] Level 1:colcon.colcon_core.package_identification:_identify(.) by extensions ['colcon_meta']
[0.462s] Level 1:colcon.colcon_core.package_identification:_identify(.) by extension 'colcon_meta'
[0.463s] Level 1:colcon.colcon_core.package_identification:_identify(.) by extensions ['ros']
[0.463s] Level 1:colcon.colcon_core.package_identification:_identify(.) by extension 'ros'
[0.481s] Level 1:colcon.colcon_core.package_identification:_identify(.) by extensions ['cmake', 'python']
[0.481s] Level 1:colcon.colcon_core.package_identification:_identify(.) by extension 'cmake'
[0.481s] Level 1:colcon.colcon_core.package_identification:_identify(.) by extension 'python'
[0.481s] Level 1:colcon.colcon_core.package_identification:_identify(.) by extensions ['python_setup_py']
[0.481s] Level 1:colcon.colcon_core.package_identification:_identify(.) by extension 'python_setup_py'
[0.481s] Level 1:colcon.colcon_core.package_identification:_identify(build) by extensions ['ignore', 'ignore_ament_install']
[0.481s] Level 1:colcon.colcon_core.package_identification:_identify(build) by extension 'ignore'
[0.481s] Level 1:colcon.colcon_core.package_identification:_identify(build) ignored
[0.481s] Level 1:colcon.colcon_core.package_identification:_identify(install) by extensions ['ignore', 'ignore_ament_install']
[0.481s] Level 1:colcon.colcon_core.package_identification:_identify(install) by extension 'ignore'
[0.481s] Level 1:colcon.colcon_core.package_identification:_identify(install) ignored
[0.482s] Level 1:colcon.colcon_core.package_identification:_identify(log) by extensions ['ignore', 'ignore_ament_install']
[0.482s] Level 1:colcon.colcon_core.package_identification:_identify(log) by extension 'ignore'
[0.482s] Level 1:colcon.colcon_core.package_identification:_identify(log) ignored
[0.482s] Level 1:colcon.colcon_core.package_identification:_identify(src) by extensions ['ignore', 'ignore_ament_install']
[0.482s] Level 1:colcon.colcon_core.package_identification:_identify(src) by extension 'ignore'
[0.482s] Level 1:colcon.colcon_core.package_identification:_identify(src) by extension 'ignore_ament_install'
[0.482s] Level 1:colcon.colcon_core.package_identification:_identify(src) by extensions ['colcon_pkg']
[0.482s] Level 1:colcon.colcon_core.package_identification:_identify(src) by extension 'colcon_pkg'
[0.482s] Level 1:colcon.colcon_core.package_identification:_identify(src) by extensions ['colcon_meta']
[0.482s] Level 1:colcon.colcon_core.package_identification:_identify(src) by extension 'colcon_meta'
[0.482s] Level 1:colcon.colcon_core.package_identification:_identify(src) by extensions ['ros']
[0.482s] Level 1:colcon.colcon_core.package_identification:_identify(src) by extension 'ros'
[0.482s] Level 1:colcon.colcon_core.package_identification:_identify(src) by extensions ['cmake', 'python']
[0.482s] Level 1:colcon.colcon_core.package_identification:_identify(src) by extension 'cmake'
[0.482s] Level 1:colcon.colcon_core.package_identification:_identify(src) by extension 'python'
[0.482s] Level 1:colcon.colcon_core.package_identification:_identify(src) by extensions ['python_setup_py']
[0.482s] Level 1:colcon.colcon_core.package_identification:_identify(src) by extension 'python_setup_py'
[0.482s] Level 1:colcon.colcon_core.package_identification:_identify(src/mrsim) by extensions ['ignore', 'ignore_ament_install']
[0.482s] Level 1:colcon.colcon_core.package_identification:_identify(src/mrsim) by extension 'ignore'
[0.482s] Level 1:colcon.colcon_core.package_identification:_identify(src/mrsim) by extension 'ignore_ament_install'
[0.482s] Level 1:colcon.colcon_core.package_identification:_identify(src/mrsim) by extensions ['colcon_pkg']
[0.482s] Level 1:colcon.colcon_core.package_identification:_identify(src/mrsim) by extension 'colcon_pkg'
[0.482s] Level 1:colcon.colcon_core.package_identification:_identify(src/mrsim) by extensions ['colcon_meta']
[0.482s] Level 1:colcon.colcon_core.package_identification:_identify(src/mrsim) by extension 'colcon_meta'
[0.482s] Level 1:colcon.colcon_core.package_identification:_identify(src/mrsim) by extensions ['ros']
[0.482s] Level 1:colcon.colcon_core.package_identification:_identify(src/mrsim) by extension 'ros'
[0.485s] DEBUG:colcon.colcon_core.package_identification:Package 'src/mrsim' with type 'ros.ament_cmake' and name 'mrsim'
[0.485s] Level 1:colcon.colcon_core.package_discovery:discover_packages(recursive) using defaults
[0.485s] Level 1:colcon.colcon_core.package_discovery:discover_packages(ignore) discover
[0.485s] Level 1:colcon.colcon_core.package_discovery:discover_packages(ignore) using defaults
[0.485s] Level 1:colcon.colcon_core.package_discovery:discover_packages(path) discover
[0.485s] Level 1:colcon.colcon_core.package_discovery:discover_packages(path) using defaults
[0.506s] Level 1:colcon.colcon_core.package_discovery:discover_packages(prefix_path) check parameters
[0.506s] Level 1:colcon.colcon_core.package_discovery:discover_packages(prefix_path) discover
[0.508s] WARNING:colcon.colcon_ros.prefix_path.ament:The path '/home/ubuntu/Desktop/MultiRobotSimulator/v5/install/mrsim' in the environment variable AMENT_PREFIX_PATH doesn't exist
[0.508s] WARNING:colcon.colcon_ros.prefix_path.catkin:The path '/home/ubuntu/Desktop/MultiRobotSimulator/v5/install/mrsim' in the environment variable CMAKE_PREFIX_PATH doesn't exist
[0.509s] DEBUG:colcon.colcon_installed_package_information.package_discovery:Found 0 installed packages in /home/ubuntu/Desktop/MultiRobotSimulator/v5/install
[0.511s] DEBUG:colcon.colcon_installed_package_information.package_discovery:Found 271 installed packages in /opt/ros/humble
[0.521s] Level 1:colcon.colcon_core.package_discovery:discover_packages(prefix_path) using defaults
[0.561s] Level 5:colcon.colcon_core.verb:set package 'mrsim' build argument 'cmake_args' from command line to 'None'
[0.561s] Level 5:colcon.colcon_core.verb:set package 'mrsim' build argument 'cmake_target' from command line to 'None'
[0.561s] Level 5:colcon.colcon_core.verb:set package 'mrsim' build argument 'cmake_target_skip_unavailable' from command line to 'False'
[0.561s] Level 5:colcon.colcon_core.verb:set package 'mrsim' build argument 'cmake_clean_cache' from command line to 'False'
[0.561s] Level 5:colcon.colcon_core.verb:set package 'mrsim' build argument 'cmake_clean_first' from command line to 'False'
[0.561s] Level 5:colcon.colcon_core.verb:set package 'mrsim' build argument 'cmake_force_configure' from command line to 'False'
[0.561s] Level 5:colcon.colcon_core.verb:set package 'mrsim' build argument 'ament_cmake_args' from command line to 'None'
[0.561s] Level 5:colcon.colcon_core.verb:set package 'mrsim' build argument 'catkin_cmake_args' from command line to 'None'
[0.561s] Level 5:colcon.colcon_core.verb:set package 'mrsim' build argument 'catkin_skip_building_tests' from command line to 'False'
[0.561s] DEBUG:colcon.colcon_core.verb:Building package 'mrsim' with the following arguments: {'ament_cmake_args': None, 'build_base': '/home/ubuntu/Desktop/MultiRobotSimulator/v5/build/mrsim', 'catkin_cmake_args': None, 'catkin_skip_building_tests': False, 'cmake_args': None, 'cmake_clean_cache': False, 'cmake_clean_first': False, 'cmake_force_configure': False, 'cmake_target': None, 'cmake_target_skip_unavailable': False, 'install_base': '/home/ubuntu/Desktop/MultiRobotSimulator/v5/install/mrsim', 'merge_install': False, 'path': '/home/ubuntu/Desktop/MultiRobotSimulator/v5/src/mrsim', 'symlink_install': True, 'test_result_base': None}
[0.561s] INFO:colcon.colcon_core.executor:Executing jobs using 'parallel' executor
[0.562s] DEBUG:colcon.colcon_parallel_executor.executor.parallel:run_until_complete
[0.562s] INFO:colcon.colcon_ros.task.ament_cmake.build:Building ROS package in '/home/ubuntu/Desktop/MultiRobotSimulator/v5/src/mrsim' with build type 'ament_cmake'
[0.562s] INFO:colcon.colcon_cmake.task.cmake.build:Building CMake package in '/home/ubuntu/Desktop/MultiRobotSimulator/v5/src/mrsim'
[0.565s] INFO:colcon.colcon_core.plugin_system:Skipping extension 'colcon_core.shell.bat': Not used on non-Windows systems
[0.565s] INFO:colcon.colcon_core.shell:Skip shell extension 'powershell' for command environment: Not usable outside of PowerShell
[0.565s] DEBUG:colcon.colcon_core.shell:Skip shell extension 'dsv' for command environment
[0.575s] DEBUG:colcon.colcon_core.event_handler.log_command:Invoking command in '/home/ubuntu/Desktop/MultiRobotSimulator/v5/build/mrsim': CMAKE_PREFIX_PATH=${CMAKE_PREFIX_PATH}:/opt/ros/humble /usr/bin/cmake /home/ubuntu/Desktop/MultiRobotSimulator/v5/src/mrsim -DAMENT_CMAKE_SYMLINK_INSTALL=1 -DCMAKE_INSTALL_PREFIX=/home/ubuntu/Desktop/MultiRobotSimulator/v5/install/mrsim
[2.170s] DEBUG:colcon.colcon_core.event_handler.log_command:Invoked command in '/home/ubuntu/Desktop/MultiRobotSimulator/v5/build/mrsim' returned '0': CMAKE_PREFIX_PATH=${CMAKE_PREFIX_PATH}:/opt/ros/humble /usr/bin/cmake /home/ubuntu/Desktop/MultiRobotSimulator/v5/src/mrsim -DAMENT_CMAKE_SYMLINK_INSTALL=1 -DCMAKE_INSTALL_PREFIX=/home/ubuntu/Desktop/MultiRobotSimulator/v5/install/mrsim
[2.172s] DEBUG:colcon.colcon_core.event_handler.log_command:Invoking command in '/home/ubuntu/Desktop/MultiRobotSimulator/v5/build/mrsim': CMAKE_PREFIX_PATH=${CMAKE_PREFIX_PATH}:/opt/ros/humble /usr/bin/cmake --build /home/ubuntu/Desktop/MultiRobotSimulator/v5/build/mrsim -- -j8 -l8
[31.306s] DEBUG:colcon.colcon_core.event_handler.log_command:Invoked command in '/home/ubuntu/Desktop/MultiRobotSimulator/v5/build/mrsim' returned '0': CMAKE_PREFIX_PATH=${CMAKE_PREFIX_PATH}:/opt/ros/humble /usr/bin/cmake --build /home/ubuntu/Desktop/MultiRobotSimulator/v5/build/mrsim -- -j8 -l8
[31.321s] DEBUG:colcon.colcon_core.event_handler.log_command:Invoking command in '/home/ubuntu/Desktop/MultiRobotSimulator/v5/build/mrsim': CMAKE_PREFIX_PATH=${CMAKE_PREFIX_PATH}:/opt/ros/humble /usr/bin/cmake --install /home/ubuntu/Desktop/MultiRobotSimulator/v5/build/mrsim
[31.521s] Level 1:colcon.colcon_core.environment:create_environment_scripts_only(mrsim)
[31.522s] DEBUG:colcon.colcon_core.event_handler.log_command:Invoked command in '/home/ubuntu/Desktop/MultiRobotSimulator/v5/build/mrsim' returned '0': CMAKE_PREFIX_PATH=${CMAKE_PREFIX_PATH}:/opt/ros/humble /usr/bin/cmake --install /home/ubuntu/Desktop/MultiRobotSimulator/v5/build/mrsim
[31.527s] Level 1:colcon.colcon_core.environment:checking '/home/ubuntu/Desktop/MultiRobotSimulator/v5/install/mrsim' for CMake module files
[31.528s] Level 1:colcon.colcon_core.environment:checking '/home/ubuntu/Desktop/MultiRobotSimulator/v5/install/mrsim' for CMake config files
[31.528s] Level 1:colcon.colcon_core.shell:create_environment_hook('mrsim', 'cmake_prefix_path')
[31.528s] INFO:colcon.colcon_core.shell:Creating environment hook '/home/ubuntu/Desktop/MultiRobotSimulator/v5/install/mrsim/share/mrsim/hook/cmake_prefix_path.ps1'
[31.530s] INFO:colcon.colcon_core.shell:Creating environment descriptor '/home/ubuntu/Desktop/MultiRobotSimulator/v5/install/mrsim/share/mrsim/hook/cmake_prefix_path.dsv'
[31.530s] INFO:colcon.colcon_core.shell:Creating environment hook '/home/ubuntu/Desktop/MultiRobotSimulator/v5/install/mrsim/share/mrsim/hook/cmake_prefix_path.sh'
[31.531s] Level 1:colcon.colcon_core.environment:checking '/home/ubuntu/Desktop/MultiRobotSimulator/v5/install/mrsim/lib'
[31.532s] Level 1:colcon.colcon_core.environment:checking '/home/ubuntu/Desktop/MultiRobotSimulator/v5/install/mrsim/bin'
[31.532s] Level 1:colcon.colcon_core.environment:checking '/home/ubuntu/Desktop/MultiRobotSimulator/v5/install/mrsim/lib/pkgconfig/mrsim.pc'
[31.532s] Level 1:colcon.colcon_core.environment:checking '/home/ubuntu/Desktop/MultiRobotSimulator/v5/install/mrsim/lib/python3.10/site-packages'
[31.533s] Level 1:colcon.colcon_core.environment:checking '/home/ubuntu/Desktop/MultiRobotSimulator/v5/install/mrsim/bin'
[31.533s] INFO:colcon.colcon_core.shell:Creating package script '/home/ubuntu/Desktop/MultiRobotSimulator/v5/install/mrsim/share/mrsim/package.ps1'
[31.533s] INFO:colcon.colcon_core.shell:Creating package descriptor '/home/ubuntu/Desktop/MultiRobotSimulator/v5/install/mrsim/share/mrsim/package.dsv'
[31.534s] INFO:colcon.colcon_core.shell:Creating package script '/home/ubuntu/Desktop/MultiRobotSimulator/v5/install/mrsim/share/mrsim/package.sh'
[31.535s] INFO:colcon.colcon_core.shell:Creating package script '/home/ubuntu/Desktop/MultiRobotSimulator/v5/install/mrsim/share/mrsim/package.bash'
[31.536s] INFO:colcon.colcon_core.shell:Creating package script '/home/ubuntu/Desktop/MultiRobotSimulator/v5/install/mrsim/share/mrsim/package.zsh'
[31.537s] Level 1:colcon.colcon_core.environment:create_file_with_runtime_dependencies(/home/ubuntu/Desktop/MultiRobotSimulator/v5/install/mrsim/share/colcon-core/packages/mrsim)
[31.538s] Level 1:colcon.colcon_core.environment:create_environment_scripts_only(mrsim)
[31.538s] Level 1:colcon.colcon_core.environment:checking '/home/ubuntu/Desktop/MultiRobotSimulator/v5/install/mrsim' for CMake module files
[31.538s] Level 1:colcon.colcon_core.environment:checking '/home/ubuntu/Desktop/MultiRobotSimulator/v5/install/mrsim' for CMake config files
[31.538s] Level 1:colcon.colcon_core.shell:create_environment_hook('mrsim', 'cmake_prefix_path')
[31.538s] INFO:colcon.colcon_core.shell:Creating environment hook '/home/ubuntu/Desktop/MultiRobotSimulator/v5/install/mrsim/share/mrsim/hook/cmake_prefix_path.ps1'
[31.539s] INFO:colcon.colcon_core.shell:Creating environment descriptor '/home/ubuntu/Desktop/MultiRobotSimulator/v5/install/mrsim/share/mrsim/hook/cmake_prefix_path.dsv'
[31.539s] INFO:colcon.colcon_core.shell:Creating environment hook '/home/ubuntu/Desktop/MultiRobotSimulator/v5/install/mrsim/share/mrsim/hook/cmake_prefix_path.sh'
[31.539s] Level 1:colcon.colcon_core.environment:checking '/home/ubuntu/Desktop/MultiRobotSimulator/v5/install/mrsim/lib'
[31.539s] Level 1:colcon.colcon_core.environment:checking '/home/ubuntu/Desktop/MultiRobotSimulator/v5/install/mrsim/bin'
[31.539s] Level 1:colcon.colcon_core.environment:checking '/home/ubuntu/Desktop/MultiRobotSimulator/v5/install/mrsim/lib/pkgconfig/mrsim.pc'
[31.539s] Level 1:colcon.colcon_core.environment:checking '/home/ubuntu/Desktop/MultiRobotSimulator/v5/install/mrsim/lib/python3.10/site-packages'
[31.540s] Level 1:colcon.colcon_core.environment:checking '/home/ubuntu/Desktop/MultiRobotSimulator/v5/install/mrsim/bin'
[31.540s] INFO:colcon.colcon_core.shell:Creating package script '/home/ubuntu/Desktop/MultiRobotSimulator/v5/install/mrsim/share/mrsim/package.ps1'
[31.540s] INFO:colcon.colcon_core.shell:Creating package descriptor '/home/ubuntu/Desktop/MultiRobotSimulator/v5/install/mrsim/share/mrsim/package.dsv'
[31.541s] INFO:colcon.colcon_core.shell:Creating package script '/home/ubuntu/Desktop/MultiRobotSimulator/v5/install/mrsim/share/mrsim/package.sh'
[31.541s] INFO:colcon.colcon_core.shell:Creating package script '/home/ubuntu/Desktop/MultiRobotSimulator/v5/install/mrsim/share/mrsim/package.bash'
[31.541s] INFO:colcon.colcon_core.shell:Creating package script '/home/ubuntu/Desktop/MultiRobotSimulator/v5/install/mrsim/share/mrsim/package.zsh'
[31.541s] Level 1:colcon.colcon_core.environment:create_file_with_runtime_dependencies(/home/ubuntu/Desktop/MultiRobotSimulator/v5/install/mrsim/share/colcon-core/packages/mrsim)
[31.542s] DEBUG:colcon.colcon_parallel_executor.executor.parallel:closing loop
[31.542s] DEBUG:colcon.colcon_parallel_executor.executor.parallel:loop closed
[31.542s] DEBUG:colcon.colcon_parallel_executor.executor.parallel:run_until_complete finished with '0'
[31.542s] DEBUG:colcon.colcon_core.event_reactor:joining thread
[31.562s] INFO:colcon.colcon_core.plugin_system:Skipping extension 'colcon_notification.desktop_notification.terminal_notifier': Not used on non-Darwin systems
[31.562s] INFO:colcon.colcon_core.plugin_system:Skipping extension 'colcon_notification.desktop_notification.win32': Not used on non-Windows systems
[31.562s] INFO:colcon.colcon_notification.desktop_notification:Sending desktop notification using 'notify2'
[31.562s] DEBUG:colcon.colcon_notification.desktop_notification.notify2:Failed to initialize notify2: org.freedesktop.DBus.Error.NotSupported: Unable to autolaunch a dbus-daemon without a $DISPLAY for X11
[31.562s] DEBUG:colcon.colcon_core.event_reactor:joined thread
[31.563s] INFO:colcon.colcon_core.shell:Creating prefix script '/home/ubuntu/Desktop/MultiRobotSimulator/v5/install/local_setup.ps1'
[31.564s] INFO:colcon.colcon_core.shell:Creating prefix util module '/home/ubuntu/Desktop/MultiRobotSimulator/v5/install/_local_setup_util_ps1.py'
[31.565s] INFO:colcon.colcon_core.shell:Creating prefix chain script '/home/ubuntu/Desktop/MultiRobotSimulator/v5/install/setup.ps1'
[31.566s] INFO:colcon.colcon_core.shell:Creating prefix script '/home/ubuntu/Desktop/MultiRobotSimulator/v5/install/local_setup.sh'
[31.567s] INFO:colcon.colcon_core.shell:Creating prefix util module '/home/ubuntu/Desktop/MultiRobotSimulator/v5/install/_local_setup_util_sh.py'
[31.567s] INFO:colcon.colcon_core.shell:Creating prefix chain script '/home/ubuntu/Desktop/MultiRobotSimulator/v5/install/setup.sh'
[31.568s] INFO:colcon.colcon_core.shell:Creating prefix script '/home/ubuntu/Desktop/MultiRobotSimulator/v5/install/local_setup.bash'
[31.568s] INFO:colcon.colcon_core.shell:Creating prefix chain script '/home/ubuntu/Desktop/MultiRobotSimulator/v5/install/setup.bash'
[31.569s] INFO:colcon.colcon_core.shell:Creating prefix script '/home/ubuntu/Desktop/MultiRobotSimulator/v5/install/local_setup.zsh'
[31.570s] INFO:colcon.colcon_core.shell:Creating prefix chain script '/home/ubuntu/Desktop/MultiRobotSimulator/v5/install/setup.zsh'
