[0.029s] Invoking command in '/home/ubuntu/Desktop/MultiRobotSimulator/v5/build/mrsim': /usr/bin/cmake --build /home/ubuntu/Desktop/MultiRobotSimulator/v5/build/mrsim -- -j8 -l8
[0.263s] [35m[1mConsolidate compiler generated dependencies of target simulator[0m
[0.336s] [ 11%] [32mBuilding CXX object CMakeFiles/simulator.dir/src/object.cpp.o[0m
[8.860s] [ 22%] [32m[1mLinking CXX executable simulator[0m
[13.425s] [100%] Built target simulator
[13.494s] Invoked command in '/home/ubuntu/Desktop/MultiRobotSimulator/v5/build/mrsim' returned '0': /usr/bin/cmake --build /home/ubuntu/Desktop/MultiRobotSimulator/v5/build/mrsim -- -j8 -l8
[13.542s] Invoking command in '/home/ubuntu/Desktop/MultiRobotSimulator/v5/build/mrsim': /usr/bin/cmake --install /home/ubuntu/Desktop/MultiRobotSimulator/v5/build/mrsim
[13.564s] -- Install configuration: "Release"
[13.566s] -- Execute custom install script
[13.568s] -- Up-to-date symlink: /home/ubuntu/Desktop/MultiRobotSimulator/v5/install/mrsim/lib/mrsim/simulator
[13.569s] -- Up-to-date symlink: /home/ubuntu/Desktop/MultiRobotSimulator/v5/install/mrsim/share/ament_index/resource_index/package_run_dependencies/mrsim
[13.569s] -- Up-to-date symlink: /home/ubuntu/Desktop/MultiRobotSimulator/v5/install/mrsim/share/ament_index/resource_index/parent_prefix_path/mrsim
[13.571s] -- Up-to-date symlink: /home/ubuntu/Desktop/MultiRobotSimulator/v5/install/mrsim/share/mrsim/environment/ament_prefix_path.sh
[13.571s] -- Up-to-date symlink: /home/ubuntu/Desktop/MultiRobotSimulator/v5/install/mrsim/share/mrsim/environment/ament_prefix_path.dsv
[13.571s] -- Up-to-date symlink: /home/ubuntu/Desktop/MultiRobotSimulator/v5/install/mrsim/share/mrsim/environment/path.sh
[13.572s] -- Up-to-date symlink: /home/ubuntu/Desktop/MultiRobotSimulator/v5/install/mrsim/share/mrsim/environment/path.dsv
[13.572s] -- Up-to-date symlink: /home/ubuntu/Desktop/MultiRobotSimulator/v5/install/mrsim/share/mrsim/local_setup.bash
[13.572s] -- Up-to-date symlink: /home/ubuntu/Desktop/MultiRobotSimulator/v5/install/mrsim/share/mrsim/local_setup.sh
[13.573s] -- Up-to-date symlink: /home/ubuntu/Desktop/MultiRobotSimulator/v5/install/mrsim/share/mrsim/local_setup.zsh
[13.573s] -- Up-to-date symlink: /home/ubuntu/Desktop/MultiRobotSimulator/v5/install/mrsim/share/mrsim/local_setup.dsv
[13.574s] -- Symlinking: /home/ubuntu/Desktop/MultiRobotSimulator/v5/install/mrsim/share/mrsim/package.dsv
[13.613s] -- Up-to-date symlink: /home/ubuntu/Desktop/MultiRobotSimulator/v5/install/mrsim/share/ament_index/resource_index/packages/mrsim
[13.614s] -- Up-to-date symlink: /home/ubuntu/Desktop/MultiRobotSimulator/v5/install/mrsim/share/mrsim/cmake/mrsimConfig.cmake
[13.615s] -- Up-to-date symlink: /home/ubuntu/Desktop/MultiRobotSimulator/v5/install/mrsim/share/mrsim/cmake/mrsimConfig-version.cmake
[13.616s] -- Up-to-date symlink: /home/ubuntu/Desktop/MultiRobotSimulator/v5/install/mrsim/share/mrsim/package.xml
[13.622s] Invoked command in '/home/ubuntu/Desktop/MultiRobotSimulator/v5/build/mrsim' returned '0': /usr/bin/cmake --install /home/ubuntu/Desktop/MultiRobotSimulator/v5/build/mrsim
