[0.010s] Invoking command in '/home/ubuntu/Desktop/MultiRobotSimulator/v5/build/mrsim': CMAKE_PREFIX_PATH=/opt/ros/humble /usr/bin/cmake --build /home/ubuntu/Desktop/MultiRobotSimulator/v5/build/mrsim -- -j8 -l8
[0.100s] [35m[1mConsolidate compiler generated dependencies of target simulator[0m
[0.140s] [ 10%] [32mBuilding CXX object CMakeFiles/simulator.dir/src/freeflying.cpp.o[0m
[0.144s] [ 20%] [32mBuilding CXX object CMakeFiles/simulator.dir/src/utils.cpp.o[0m
[0.145s] [ 30%] [32mBuilding CXX object CMakeFiles/simulator.dir/src/car.cpp.o[0m
[0.152s] [ 40%] [32mBuilding CXX object CMakeFiles/simulator.dir/src/simulator.cpp.o[0m
[0.155s] [ 50%] [32mBuilding CXX object CMakeFiles/simulator.dir/src/arm.cpp.o[0m
[0.157s] [ 60%] [32mBuilding CXX object CMakeFiles/simulator.dir/src/object.cpp.o[0m
[0.170s] [ 70%] [32mBuilding CXX object CMakeFiles/simulator.dir/src/ros_bridge.cpp.o[0m
[5.939s] In file included from [01m[K/home/ubuntu/Desktop/MultiRobotSimulator/v5/src/mrsim/include/mrsim/arm.h:4[m[K,
[5.939s]                  from [01m[K/home/ubuntu/Desktop/MultiRobotSimulator/v5/src/mrsim/include/mrsim/utils.h:16[m[K,
[5.940s]                  from [01m[K/home/ubuntu/Desktop/MultiRobotSimulator/v5/src/mrsim/src/utils.cpp:1[m[K:
[5.941s] [01m[K/home/ubuntu/Desktop/MultiRobotSimulator/v5/src/mrsim/include/mrsim/object.h:18:5:[m[K [01;31m[Kerror: [m[K‘[01m[KColor[m[K’ does not name a type
[5.941s]    18 |     [01;31m[KColor[m[K primaryColor = Color(0,0,0); // Color for visualization
[5.942s]       |     [01;31m[K^~~~~[m[K
[5.942s] [01m[K/home/ubuntu/Desktop/MultiRobotSimulator/v5/src/mrsim/include/mrsim/object.h:19:5:[m[K [01;31m[Kerror: [m[K‘[01m[KColor[m[K’ does not name a type
[5.942s]    19 |     [01;31m[KColor[m[K secondaryColor = Color(0,0,0);
[5.942s]       |     [01;31m[K^~~~~[m[K
[5.986s] In file included from [01m[K/home/ubuntu/Desktop/MultiRobotSimulator/v5/src/mrsim/include/mrsim/object.h:4[m[K,
[5.986s]                  from [01m[K/home/ubuntu/Desktop/MultiRobotSimulator/v5/src/mrsim/include/mrsim/arm.h:4[m[K,
[5.986s]                  from [01m[K/home/ubuntu/Desktop/MultiRobotSimulator/v5/src/mrsim/include/mrsim/car.h:3[m[K,
[5.987s]                  from [01m[K/home/ubuntu/Desktop/MultiRobotSimulator/v5/src/mrsim/src/freeflying.cpp:5[m[K:
[5.987s] [01m[K/home/ubuntu/Desktop/MultiRobotSimulator/v5/src/mrsim/include/mrsim/utils.h:262:8:[m[K [01;31m[Kerror: [m[K‘[01m[KArm[m[K’ does not name a type
[5.987s]   262 | inline [01;31m[KArm[m[K* makeArmIfPresent(World& world, RobotBase* parent, const Json::Value& r, const std::string& id) {
[5.987s]       |        [01;31m[K^~~[m[K
[5.994s] In file included from [01m[K/home/ubuntu/Desktop/MultiRobotSimulator/v5/src/mrsim/include/mrsim/utils.h:16[m[K,
[5.995s]                  from [01m[K/home/ubuntu/Desktop/MultiRobotSimulator/v5/src/mrsim/include/mrsim/object.h:4[m[K,
[5.995s]                  from [01m[K/home/ubuntu/Desktop/MultiRobotSimulator/v5/src/mrsim/src/object.cpp:4[m[K:
[5.995s] [01m[K/home/ubuntu/Desktop/MultiRobotSimulator/v5/src/mrsim/include/mrsim/arm.h:22:5:[m[K [01;31m[Kerror: [m[K‘[01m[KObject[m[K’ does not name a type
[5.995s]    22 |     [01;31m[KObject[m[K* held_object = nullptr;
[5.996s]       |     [01;31m[K^~~~~~[m[K
[5.996s] [01m[K/home/ubuntu/Desktop/MultiRobotSimulator/v5/src/mrsim/include/mrsim/arm.h:33:35:[m[K [01;31m[Kerror: [m[K‘[01m[KObject[m[K’ has not been declared
[5.996s]    33 |     EndEffector(bool is_holding_, [01;31m[KObject[m[K* held_object_ = nullptr)
[5.997s]       |                                   [01;31m[K^~~~~~[m[K
[5.997s] [01m[K/home/ubuntu/Desktop/MultiRobotSimulator/v5/src/mrsim/include/mrsim/arm.h:[m[K In constructor ‘[01m[KEndEffector::EndEffector(bool, int*)[m[K’:
[5.997s] [01m[K/home/ubuntu/Desktop/MultiRobotSimulator/v5/src/mrsim/include/mrsim/arm.h:34:36:[m[K [01;31m[Kerror: [m[Kclass ‘[01m[KEndEffector[m[K’ does not have any field named ‘[01m[Kheld_object[m[K’
[6.003s]    34 |         : is_holding(is_holding_), [01;31m[Kheld_object[m[K(held_object_), position(0,0), pixel_pos(0,0) {}
[6.004s]       |                                    [01;31m[K^~~~~~~~~~~[m[K
[6.004s] [01m[K/home/ubuntu/Desktop/MultiRobotSimulator/v5/src/mrsim/include/mrsim/object.h:[m[K In constructor ‘[01m[KObject::Object(World*, const Pose&, const std::vector<Prehensile_Point>&, const std::vector<Point>&)[m[K’:
[6.004s] [01m[K/home/ubuntu/Desktop/MultiRobotSimulator/v5/src/mrsim/include/mrsim/object.h:28:13:[m[K [01;31m[Kerror: [m[K‘[01m[KprimaryColor[m[K’ was not declared in this scope
[6.004s]    28 |             [01;31m[KprimaryColor[m[K = Color::generateRandomColor();
[6.005s]       |             [01;31m[K^~~~~~~~~~~~[m[K
[6.005s] [01m[K/home/ubuntu/Desktop/MultiRobotSimulator/v5/src/mrsim/include/mrsim/object.h:28:28:[m[K [01;31m[Kerror: [m[K‘[01m[KColor[m[K’ has not been declared
[6.006s]    28 |             primaryColor = [01;31m[KColor[m[K::generateRandomColor();
[6.006s]       |                            [01;31m[K^~~~~[m[K
[6.013s] [01m[K/home/ubuntu/Desktop/MultiRobotSimulator/v5/src/mrsim/include/mrsim/arm.h:[m[K In member function ‘[01m[Kvoid EndEffector::release()[m[K’:
[6.013s] [01m[K/home/ubuntu/Desktop/MultiRobotSimulator/v5/src/mrsim/include/mrsim/arm.h:43:27:[m[K [01;31m[Kerror: [m[K‘[01m[Kheld_object[m[K’ was not declared in this scope; did you mean ‘[01m[KgetHeldObject[m[K’?
[6.014s]    43 |         if (is_holding && [01;31m[Kheld_object[m[K) {
[6.014s]       |                           [01;31m[K^~~~~~~~~~~[m[K
[6.014s]       |                           [32m[KgetHeldObject[m[K
[6.014s] [01m[K/home/ubuntu/Desktop/MultiRobotSimulator/v5/src/mrsim/include/mrsim/object.h:29:13:[m[K [01;31m[Kerror: [m[K‘[01m[KsecondaryColor[m[K’ was not declared in this scope
[6.014s]    29 |             [01;31m[KsecondaryColor[m[K = generateSecondaryColor(primaryColor);
[6.014s]       |             [01;31m[K^~~~~~~~~~~~~~[m[K
[6.042s] [01m[K/home/ubuntu/Desktop/MultiRobotSimulator/v5/src/mrsim/include/mrsim/object.h:29:30:[m[K [01;31m[Kerror: [m[K‘[01m[KgenerateSecondaryColor[m[K’ was not declared in this scope
[6.042s]    29 |             secondaryColor = [01;31m[KgenerateSecondaryColor[m[K(primaryColor);
[6.043s]       |                              [01;31m[K^~~~~~~~~~~~~~~~~~~~~~[m[K
[6.053s] In file included from [01m[K/home/ubuntu/Desktop/MultiRobotSimulator/v5/src/mrsim/src/utils.cpp:1[m[K:
[6.058s] [01m[K/home/ubuntu/Desktop/MultiRobotSimulator/v5/src/mrsim/include/mrsim/utils.h:[m[K At global scope:
[6.059s] [01m[K/home/ubuntu/Desktop/MultiRobotSimulator/v5/src/mrsim/include/mrsim/utils.h:262:44:[m[K [01;31m[Kerror: [m[K‘[01m[KRobotBase[m[K’ has not been declared
[6.060s]   262 | inline Arm* makeArmIfPresent(World& world, [01;31m[KRobotBase[m[K* parent, const Json::Value& r, const std::string& id) {
[6.060s]       |                                            [01;31m[K^~~~~~~~~[m[K
[6.060s] [01m[K/home/ubuntu/Desktop/MultiRobotSimulator/v5/src/mrsim/include/mrsim/arm.h:57:9:[m[K [01;31m[Kerror: [m[K‘[01m[Kheld_object[m[K’ was not declared in this scope; did you mean ‘[01m[KgetHeldObject[m[K’?
[6.060s]    57 |         [01;31m[Kheld_object[m[K = nullptr;
[6.060s]       |         [01;31m[K^~~~~~~~~~~[m[K
[6.061s]       |         [32m[KgetHeldObject[m[K
[6.070s] [01m[K/home/ubuntu/Desktop/MultiRobotSimulator/v5/src/mrsim/include/mrsim/utils.h:[m[K In function ‘[01m[KArm* makeArmIfPresent(World&, int*, const Json::Value&, const string&)[m[K’:
[6.070s] [01m[K/home/ubuntu/Desktop/MultiRobotSimulator/v5/src/mrsim/include/mrsim/utils.h:281:52:[m[K [01;31m[Kerror: [m[Kno matching function for call to ‘[01m[KArm::Arm(int*&, std::vector<Link>&, EndEffector&)[m[K’
[6.070s]   281 |     auto* arm = new Arm(parent, links, end_effector[01;31m[K)[m[K;
[6.070s]       |                                                    [01;31m[K^[m[K
[6.071s] In file included from [01m[K/home/ubuntu/Desktop/MultiRobotSimulator/v5/src/mrsim/include/mrsim/utils.h:16[m[K,
[6.071s]                  from [01m[K/home/ubuntu/Desktop/MultiRobotSimulator/v5/src/mrsim/src/utils.cpp:1[m[K:
[6.071s] [01m[K/home/ubuntu/Desktop/MultiRobotSimulator/v5/src/mrsim/include/mrsim/arm.h:82:5:[m[K [01;36m[Knote: [m[Kcandidate: ‘[01m[KArm::Arm(WorldItem*, const std::vector<Link>&, const EndEffector&)[m[K’
[6.071s]    82 |     [01;36m[KArm[m[K(WorldItem* parent_robot_ = nullptr,
[6.071s]       |     [01;36m[K^~~[m[K
[6.071s] [01m[K/home/ubuntu/Desktop/MultiRobotSimulator/v5/src/mrsim/include/mrsim/arm.h:82:20:[m[K [01;36m[Knote: [m[K  no known conversion for argument 1 from ‘[01m[Kint*[m[K’ to ‘[01m[KWorldItem*[m[K’
[6.071s]    82 |     Arm([01;36m[KWorldItem* parent_robot_ = nullptr[m[K,
[6.072s]       |         [01;36m[K~~~~~~~~~~~^~~~~~~~~~~~~~~~~~~~~~~[m[K
[6.072s] [01m[K/home/ubuntu/Desktop/MultiRobotSimulator/v5/src/mrsim/include/mrsim/arm.h:69:8:[m[K [01;36m[Knote: [m[Kcandidate: ‘[01m[KArm::Arm(const Arm&)[m[K’
[6.072s]    69 | struct [01;36m[KArm[m[K: public WorldItem {
[6.072s]       |        [01;36m[K^~~[m[K
[6.072s] [01m[K/home/ubuntu/Desktop/MultiRobotSimulator/v5/src/mrsim/include/mrsim/arm.h:69:8:[m[K [01;36m[Knote: [m[K  candidate expects 1 argument, 3 provided
[6.072s] [01m[K/home/ubuntu/Desktop/MultiRobotSimulator/v5/src/mrsim/include/mrsim/arm.h:69:8:[m[K [01;36m[Knote: [m[Kcandidate: ‘[01m[KArm::Arm(Arm&&)[m[K’
[6.073s] [01m[K/home/ubuntu/Desktop/MultiRobotSimulator/v5/src/mrsim/include/mrsim/arm.h:69:8:[m[K [01;36m[Knote: [m[K  candidate expects 1 argument, 3 provided
[6.074s] In file included from [01m[K/home/ubuntu/Desktop/MultiRobotSimulator/v5/src/mrsim/src/utils.cpp:1[m[K:
[6.074s] [01m[K/home/ubuntu/Desktop/MultiRobotSimulator/v5/src/mrsim/include/mrsim/utils.h:282:13:[m[K [01;31m[Kerror: [m[Krequest for member ‘[01m[Karm[m[K’ in ‘[01m[K* parent[m[K’, which is of non-class type ‘[01m[Kint[m[K’
[6.074s]   282 |     parent->[01;31m[Karm[m[K = arm;            // attach arm to robot
[6.074s]       |             [01;31m[K^~~[m[K
[6.075s] In file included from [01m[K/home/ubuntu/Desktop/MultiRobotSimulator/v5/src/mrsim/include/mrsim/object.h:4[m[K,
[6.075s]                  from [01m[K/home/ubuntu/Desktop/MultiRobotSimulator/v5/src/mrsim/include/mrsim/arm.h:4[m[K,
[6.076s]                  from [01m[K/home/ubuntu/Desktop/MultiRobotSimulator/v5/src/mrsim/src/arm.cpp:6[m[K:
[6.077s] [01m[K/home/ubuntu/Desktop/MultiRobotSimulator/v5/src/mrsim/include/mrsim/utils.h:262:8:[m[K [01;31m[Kerror: [m[K‘[01m[KArm[m[K’ does not name a type
[6.077s]   262 | inline [01;31m[KArm[m[K* makeArmIfPresent(World& world, RobotBase* parent, const Json::Value& r, const std::string& id) {
[6.077s]       |        [01;31m[K^~~[m[K
[6.088s] [01m[K/home/ubuntu/Desktop/MultiRobotSimulator/v5/src/mrsim/include/mrsim/arm.h:[m[K In member function ‘[01m[KWorldItem* EndEffector::getHeldObject() const[m[K’:
[6.088s] [01m[K/home/ubuntu/Desktop/MultiRobotSimulator/v5/src/mrsim/include/mrsim/arm.h:65:47:[m[K [01;31m[Kerror: [m[K‘[01m[Kheld_object[m[K’ was not declared in this scope; did you mean ‘[01m[KgetHeldObject[m[K’?
[6.088s]    65 |     WorldItem* getHeldObject() const { return [01;31m[Kheld_object[m[K; }
[6.089s]       |                                               [01;31m[K^~~~~~~~~~~[m[K
[6.089s]       |                                               [32m[KgetHeldObject[m[K
[6.108s] [01m[K/home/ubuntu/Desktop/MultiRobotSimulator/v5/src/mrsim/include/mrsim/arm.h:[m[K At global scope:
[6.108s] [01m[K/home/ubuntu/Desktop/MultiRobotSimulator/v5/src/mrsim/include/mrsim/arm.h:99:15:[m[K [01;31m[Kerror: [m[K‘[01m[KObject[m[K’ has not been declared
[6.108s]    99 |     bool dock([01;31m[KObject[m[K*& out_obj, std::string& out_grasp_id);
[6.108s]       |               [01;31m[K^~~~~~[m[K
[6.123s] In file included from [01m[K/home/ubuntu/Desktop/MultiRobotSimulator/v5/src/mrsim/include/mrsim/object.h:4[m[K,
[6.123s]                  from [01m[K/home/ubuntu/Desktop/MultiRobotSimulator/v5/src/mrsim/src/object.cpp:4[m[K:
[6.123s] [01m[K/home/ubuntu/Desktop/MultiRobotSimulator/v5/src/mrsim/include/mrsim/utils.h:262:44:[m[K [01;31m[Kerror: [m[K‘[01m[KRobotBase[m[K’ has not been declared
[6.123s]   262 | inline Arm* makeArmIfPresent(World& world, [01;31m[KRobotBase[m[K* parent, const Json::Value& r, const std::string& id) {
[6.124s]       |                                            [01;31m[K^~~~~~~~~[m[K
[6.125s] [01m[K/home/ubuntu/Desktop/MultiRobotSimulator/v5/src/mrsim/include/mrsim/utils.h:[m[K In function ‘[01m[KArm* makeArmIfPresent(World&, int*, const Json::Value&, const string&)[m[K’:
[6.125s] [01m[K/home/ubuntu/Desktop/MultiRobotSimulator/v5/src/mrsim/include/mrsim/utils.h:281:52:[m[K [01;31m[Kerror: [m[Kno matching function for call to ‘[01m[KArm::Arm(int*&, std::vector<Link>&, EndEffector&)[m[K’
[6.125s]   281 |     auto* arm = new Arm(parent, links, end_effector[01;31m[K)[m[K;
[6.125s]       |                                                    [01;31m[K^[m[K
[6.126s] In file included from [01m[K/home/ubuntu/Desktop/MultiRobotSimulator/v5/src/mrsim/include/mrsim/utils.h:16[m[K,
[6.126s]                  from [01m[K/home/ubuntu/Desktop/MultiRobotSimulator/v5/src/mrsim/include/mrsim/object.h:4[m[K,
[6.126s]                  from [01m[K/home/ubuntu/Desktop/MultiRobotSimulator/v5/src/mrsim/src/object.cpp:4[m[K:
[6.126s] [01m[K/home/ubuntu/Desktop/MultiRobotSimulator/v5/src/mrsim/include/mrsim/arm.h:82:5:[m[K [01;36m[Knote: [m[Kcandidate: ‘[01m[KArm::Arm(WorldItem*, const std::vector<Link>&, const EndEffector&)[m[K’
[6.126s]    82 |     [01;36m[KArm[m[K(WorldItem* parent_robot_ = nullptr,
[6.127s]       |     [01;36m[K^~~[m[K
[6.127s] [01m[K/home/ubuntu/Desktop/MultiRobotSimulator/v5/src/mrsim/include/mrsim/arm.h:82:20:[m[K [01;36m[Knote: [m[K  no known conversion for argument 1 from ‘[01m[Kint*[m[K’ to ‘[01m[KWorldItem*[m[K’
[6.127s]    82 |     Arm([01;36m[KWorldItem* parent_robot_ = nullptr[m[K,
[6.127s]       |         [01;36m[K~~~~~~~~~~~^~~~~~~~~~~~~~~~~~~~~~~[m[K
[6.127s] [01m[K/home/ubuntu/Desktop/MultiRobotSimulator/v5/src/mrsim/include/mrsim/arm.h:69:8:[m[K [01;36m[Knote: [m[Kcandidate: ‘[01m[KArm::Arm(const Arm&)[m[K’
[6.128s]    69 | struct [01;36m[KArm[m[K: public WorldItem {
[6.128s]       |        [01;36m[K^~~[m[K
[6.128s] [01m[K/home/ubuntu/Desktop/MultiRobotSimulator/v5/src/mrsim/include/mrsim/arm.h:69:8:[m[K [01;36m[Knote: [m[K  candidate expects 1 argument, 3 provided
[6.128s] [01m[K/home/ubuntu/Desktop/MultiRobotSimulator/v5/src/mrsim/include/mrsim/arm.h:69:8:[m[K [01;36m[Knote: [m[Kcandidate: ‘[01m[KArm::Arm(Arm&&)[m[K’
[6.128s] [01m[K/home/ubuntu/Desktop/MultiRobotSimulator/v5/src/mrsim/include/mrsim/arm.h:69:8:[m[K [01;36m[Knote: [m[K  candidate expects 1 argument, 3 provided
[6.129s] In file included from [01m[K/home/ubuntu/Desktop/MultiRobotSimulator/v5/src/mrsim/include/mrsim/object.h:4[m[K,
[6.129s]                  from [01m[K/home/ubuntu/Desktop/MultiRobotSimulator/v5/src/mrsim/src/object.cpp:4[m[K:
[6.129s] [01m[K/home/ubuntu/Desktop/MultiRobotSimulator/v5/src/mrsim/include/mrsim/utils.h:282:13:[m[K [01;31m[Kerror: [m[Krequest for member ‘[01m[Karm[m[K’ in ‘[01m[K* parent[m[K’, which is of non-class type ‘[01m[Kint[m[K’
[6.129s]   282 |     parent->[01;31m[Karm[m[K = arm;            // attach arm to robot
[6.129s]       |             [01;31m[K^~~[m[K
[6.278s] In file included from [01m[K/home/ubuntu/Desktop/MultiRobotSimulator/v5/src/mrsim/include/mrsim/object.h:4[m[K,
[6.278s]                  from [01m[K/home/ubuntu/Desktop/MultiRobotSimulator/v5/src/mrsim/include/mrsim/arm.h:4[m[K,
[6.278s]                  from [01m[K/home/ubuntu/Desktop/MultiRobotSimulator/v5/src/mrsim/include/mrsim/car.h:3[m[K,
[6.278s]                  from [01m[K/home/ubuntu/Desktop/MultiRobotSimulator/v5/src/mrsim/src/car.cpp:4[m[K:
[6.279s] [01m[K/home/ubuntu/Desktop/MultiRobotSimulator/v5/src/mrsim/include/mrsim/utils.h:262:8:[m[K [01;31m[Kerror: [m[K‘[01m[KArm[m[K’ does not name a type
[6.279s]   262 | inline [01;31m[KArm[m[K* makeArmIfPresent(World& world, RobotBase* parent, const Json::Value& r, const std::string& id) {
[6.282s]       |        [01;31m[K^~~[m[K
[9.055s] gmake[2]: *** [CMakeFiles/simulator.dir/build.make:118: CMakeFiles/simulator.dir/src/freeflying.cpp.o] Error 1
[9.056s] gmake[2]: *** Waiting for unfinished jobs....
[9.126s] gmake[2]: *** [CMakeFiles/simulator.dir/build.make:90: CMakeFiles/simulator.dir/src/utils.cpp.o] Error 1
[9.129s] gmake[2]: *** [CMakeFiles/simulator.dir/build.make:160: CMakeFiles/simulator.dir/src/arm.cpp.o] Error 1
[9.130s] gmake[2]: *** [CMakeFiles/simulator.dir/build.make:146: CMakeFiles/simulator.dir/src/car.cpp.o] Error 1
[9.176s] gmake[2]: *** [CMakeFiles/simulator.dir/build.make:174: CMakeFiles/simulator.dir/src/object.cpp.o] Error 1
[10.210s] In file included from [01m[K/home/ubuntu/Desktop/MultiRobotSimulator/v5/src/mrsim/include/mrsim/object.h:4[m[K,
[10.210s]                  from [01m[K/home/ubuntu/Desktop/MultiRobotSimulator/v5/src/mrsim/include/mrsim/arm.h:4[m[K,
[10.210s]                  from [01m[K/home/ubuntu/Desktop/MultiRobotSimulator/v5/src/mrsim/include/mrsim/ros_bridge.h:9[m[K,
[10.210s]                  from [01m[K/home/ubuntu/Desktop/MultiRobotSimulator/v5/src/mrsim/src/simulator.cpp:15[m[K:
[10.210s] [01m[K/home/ubuntu/Desktop/MultiRobotSimulator/v5/src/mrsim/include/mrsim/utils.h:262:8:[m[K [01;31m[Kerror: [m[K‘[01m[KArm[m[K’ does not name a type
[10.210s]   262 | inline [01;31m[KArm[m[K* makeArmIfPresent(World& world, RobotBase* parent, const Json::Value& r, const std::string& id) {
[10.210s]       |        [01;31m[K^~~[m[K
[10.259s] In file included from [01m[K/home/ubuntu/Desktop/MultiRobotSimulator/v5/src/mrsim/include/mrsim/object.h:4[m[K,
[10.259s]                  from [01m[K/home/ubuntu/Desktop/MultiRobotSimulator/v5/src/mrsim/include/mrsim/arm.h:4[m[K,
[10.259s]                  from [01m[K/home/ubuntu/Desktop/MultiRobotSimulator/v5/src/mrsim/include/mrsim/ros_bridge.h:9[m[K,
[10.259s]                  from [01m[K/home/ubuntu/Desktop/MultiRobotSimulator/v5/src/mrsim/src/ros_bridge.cpp:1[m[K:
[10.259s] [01m[K/home/ubuntu/Desktop/MultiRobotSimulator/v5/src/mrsim/include/mrsim/utils.h:262:8:[m[K [01;31m[Kerror: [m[K‘[01m[KArm[m[K’ does not name a type
[10.259s]   262 | inline [01;31m[KArm[m[K* makeArmIfPresent(World& world, RobotBase* parent, const Json::Value& r, const std::string& id) {
[10.259s]       |        [01;31m[K^~~[m[K
[10.349s] [01m[K/home/ubuntu/Desktop/MultiRobotSimulator/v5/src/mrsim/src/simulator.cpp:[m[K In function ‘[01m[Kvoid placeItems(World&, const Json::Value&, std::vector<RobotHandle>&)[m[K’:
[10.349s] [01m[K/home/ubuntu/Desktop/MultiRobotSimulator/v5/src/mrsim/src/simulator.cpp:56:13:[m[K [01;31m[Kerror: [m[K‘[01m[KmakeArmIfPresent[m[K’ was not declared in this scope
[10.349s]    56 |             [01;31m[KmakeArmIfPresent[m[K(world, ff, r, id);
[10.349s]       |             [01;31m[K^~~~~~~~~~~~~~~~[m[K
[10.394s] [01m[K/home/ubuntu/Desktop/MultiRobotSimulator/v5/src/mrsim/src/simulator.cpp:66:13:[m[K [01;31m[Kerror: [m[K‘[01m[KmakeArmIfPresent[m[K’ was not declared in this scope
[10.394s]    66 |             [01;31m[KmakeArmIfPresent[m[K(world, car, r, id);
[10.395s]       |             [01;31m[K^~~~~~~~~~~~~~~~[m[K
[11.914s] gmake[2]: *** [CMakeFiles/simulator.dir/build.make:76: CMakeFiles/simulator.dir/src/simulator.cpp.o] Error 1
[14.670s] gmake[2]: *** [CMakeFiles/simulator.dir/build.make:188: CMakeFiles/simulator.dir/src/ros_bridge.cpp.o] Error 1
[14.671s] gmake[1]: *** [CMakeFiles/Makefile2:137: CMakeFiles/simulator.dir/all] Error 2
[14.671s] gmake: *** [Makefile:146: all] Error 2
[14.677s] Invoked command in '/home/ubuntu/Desktop/MultiRobotSimulator/v5/build/mrsim' returned '2': CMAKE_PREFIX_PATH=/opt/ros/humble /usr/bin/cmake --build /home/ubuntu/Desktop/MultiRobotSimulator/v5/build/mrsim -- -j8 -l8
