[1.011s] DEBUG:colcon:Command line arguments: ['/usr/bin/colcon', 'build', '--symlink-install', '--packages-select', 'mrsim']
[1.012s] DEBUG:colcon:Parsed command line arguments: Namespace(log_base=None, log_level=None, verb_name='build', build_base='build', install_base='install', merge_install=False, symlink_install=True, test_result_base=None, continue_on_error=False, executor='parallel', parallel_workers=8, event_handlers=None, ignore_user_meta=False, metas=['./colcon.meta'], base_paths=['.'], packages_ignore=None, packages_ignore_regex=None, paths=None, packages_up_to=None, packages_up_to_regex=None, packages_above=None, packages_above_and_dependencies=None, packages_above_depth=None, packages_select_by_dep=None, packages_skip_by_dep=None, packages_skip_up_to=None, packages_select_build_failed=False, packages_skip_build_finished=False, packages_select_test_failures=False, packages_skip_test_passed=False, packages_select=['mrsim'], packages_skip=None, packages_select_regex=None, packages_skip_regex=None, packages_start=None, packages_end=None, allow_overriding=[], cmake_args=None, cmake_target=None, cmake_target_skip_unavailable=False, cmake_clean_cache=False, cmake_clean_first=False, cmake_force_configure=False, ament_cmake_args=None, catkin_cmake_args=None, catkin_skip_building_tests=False, verb_parser=<colcon_defaults.argument_parser.defaults.DefaultArgumentsDecorator object at 0xffff7e5975e0>, verb_extension=<colcon_core.verb.build.BuildVerb object at 0xffff7e597190>, main=<bound method BuildVerb.main of <colcon_core.verb.build.BuildVerb object at 0xffff7e597190>>)
[4.073s] Level 1:colcon.colcon_core.package_discovery:discover_packages(colcon_meta) check parameters
[4.087s] Level 1:colcon.colcon_core.package_discovery:discover_packages(recursive) check parameters
[4.087s] Level 1:colcon.colcon_core.package_discovery:discover_packages(ignore) check parameters
[4.087s] Level 1:colcon.colcon_core.package_discovery:discover_packages(path) check parameters
[4.088s] Level 1:colcon.colcon_core.package_discovery:discover_packages(colcon_meta) discover
[4.091s] Level 1:colcon.colcon_core.package_discovery:discover_packages(recursive) discover
[4.091s] INFO:colcon.colcon_core.package_discovery:Crawling recursively for packages in '/home/ubuntu/Desktop/MultiRobotSimulator/v5'
[4.092s] Level 1:colcon.colcon_core.package_identification:_identify(.) by extensions ['ignore', 'ignore_ament_install']
[4.102s] Level 1:colcon.colcon_core.package_identification:_identify(.) by extension 'ignore'
[4.102s] Level 1:colcon.colcon_core.package_identification:_identify(.) by extension 'ignore_ament_install'
[4.102s] Level 1:colcon.colcon_core.package_identification:_identify(.) by extensions ['colcon_pkg']
[4.102s] Level 1:colcon.colcon_core.package_identification:_identify(.) by extension 'colcon_pkg'
[4.102s] Level 1:colcon.colcon_core.package_identification:_identify(.) by extensions ['colcon_meta']
[4.102s] Level 1:colcon.colcon_core.package_identification:_identify(.) by extension 'colcon_meta'
[4.103s] Level 1:colcon.colcon_core.package_identification:_identify(.) by extensions ['ros']
[4.103s] Level 1:colcon.colcon_core.package_identification:_identify(.) by extension 'ros'
[4.574s] Level 1:colcon.colcon_core.package_identification:_identify(.) by extensions ['cmake', 'python']
[4.581s] Level 1:colcon.colcon_core.package_identification:_identify(.) by extension 'cmake'
[4.585s] Level 1:colcon.colcon_core.package_identification:_identify(.) by extension 'python'
[4.585s] Level 1:colcon.colcon_core.package_identification:_identify(.) by extensions ['python_setup_py']
[4.585s] Level 1:colcon.colcon_core.package_identification:_identify(.) by extension 'python_setup_py'
[4.586s] Level 1:colcon.colcon_core.package_identification:_identify(build) by extensions ['ignore', 'ignore_ament_install']
[4.588s] Level 1:colcon.colcon_core.package_identification:_identify(build) by extension 'ignore'
[4.588s] Level 1:colcon.colcon_core.package_identification:_identify(build) ignored
[4.589s] Level 1:colcon.colcon_core.package_identification:_identify(install) by extensions ['ignore', 'ignore_ament_install']
[4.589s] Level 1:colcon.colcon_core.package_identification:_identify(install) by extension 'ignore'
[4.589s] Level 1:colcon.colcon_core.package_identification:_identify(install) ignored
[4.591s] Level 1:colcon.colcon_core.package_identification:_identify(log) by extensions ['ignore', 'ignore_ament_install']
[4.593s] Level 1:colcon.colcon_core.package_identification:_identify(log) by extension 'ignore'
[4.593s] Level 1:colcon.colcon_core.package_identification:_identify(log) ignored
[4.593s] Level 1:colcon.colcon_core.package_identification:_identify(src) by extensions ['ignore', 'ignore_ament_install']
[4.594s] Level 1:colcon.colcon_core.package_identification:_identify(src) by extension 'ignore'
[4.594s] Level 1:colcon.colcon_core.package_identification:_identify(src) by extension 'ignore_ament_install'
[4.594s] Level 1:colcon.colcon_core.package_identification:_identify(src) by extensions ['colcon_pkg']
[4.594s] Level 1:colcon.colcon_core.package_identification:_identify(src) by extension 'colcon_pkg'
[4.594s] Level 1:colcon.colcon_core.package_identification:_identify(src) by extensions ['colcon_meta']
[4.595s] Level 1:colcon.colcon_core.package_identification:_identify(src) by extension 'colcon_meta'
[4.595s] Level 1:colcon.colcon_core.package_identification:_identify(src) by extensions ['ros']
[4.595s] Level 1:colcon.colcon_core.package_identification:_identify(src) by extension 'ros'
[4.595s] Level 1:colcon.colcon_core.package_identification:_identify(src) by extensions ['cmake', 'python']
[4.595s] Level 1:colcon.colcon_core.package_identification:_identify(src) by extension 'cmake'
[4.596s] Level 1:colcon.colcon_core.package_identification:_identify(src) by extension 'python'
[4.596s] Level 1:colcon.colcon_core.package_identification:_identify(src) by extensions ['python_setup_py']
[4.597s] Level 1:colcon.colcon_core.package_identification:_identify(src) by extension 'python_setup_py'
[4.602s] Level 1:colcon.colcon_core.package_identification:_identify(src/mrsim) by extensions ['ignore', 'ignore_ament_install']
[4.602s] Level 1:colcon.colcon_core.package_identification:_identify(src/mrsim) by extension 'ignore'
[4.603s] Level 1:colcon.colcon_core.package_identification:_identify(src/mrsim) by extension 'ignore_ament_install'
[4.604s] Level 1:colcon.colcon_core.package_identification:_identify(src/mrsim) by extensions ['colcon_pkg']
[4.604s] Level 1:colcon.colcon_core.package_identification:_identify(src/mrsim) by extension 'colcon_pkg'
[4.605s] Level 1:colcon.colcon_core.package_identification:_identify(src/mrsim) by extensions ['colcon_meta']
[4.605s] Level 1:colcon.colcon_core.package_identification:_identify(src/mrsim) by extension 'colcon_meta'
[4.606s] Level 1:colcon.colcon_core.package_identification:_identify(src/mrsim) by extensions ['ros']
[4.607s] Level 1:colcon.colcon_core.package_identification:_identify(src/mrsim) by extension 'ros'
[4.643s] DEBUG:colcon.colcon_core.package_identification:Package 'src/mrsim' with type 'ros.ament_cmake' and name 'mrsim'
[4.644s] Level 1:colcon.colcon_core.package_discovery:discover_packages(recursive) using defaults
[4.644s] Level 1:colcon.colcon_core.package_discovery:discover_packages(ignore) discover
[4.644s] Level 1:colcon.colcon_core.package_discovery:discover_packages(ignore) using defaults
[4.644s] Level 1:colcon.colcon_core.package_discovery:discover_packages(path) discover
[4.645s] Level 1:colcon.colcon_core.package_discovery:discover_packages(path) using defaults
[4.883s] Level 1:colcon.colcon_core.package_discovery:discover_packages(prefix_path) check parameters
[4.884s] Level 1:colcon.colcon_core.package_discovery:discover_packages(prefix_path) discover
[4.944s] DEBUG:colcon.colcon_installed_package_information.package_discovery:Found 271 installed packages in /opt/ros/humble
[5.085s] Level 1:colcon.colcon_core.package_discovery:discover_packages(prefix_path) using defaults
[5.441s] Level 5:colcon.colcon_core.verb:set package 'mrsim' build argument 'cmake_args' from command line to 'None'
[5.451s] Level 5:colcon.colcon_core.verb:set package 'mrsim' build argument 'cmake_target' from command line to 'None'
[5.536s] Level 5:colcon.colcon_core.verb:set package 'mrsim' build argument 'cmake_target_skip_unavailable' from command line to 'False'
[5.537s] Level 5:colcon.colcon_core.verb:set package 'mrsim' build argument 'cmake_clean_cache' from command line to 'False'
[5.537s] Level 5:colcon.colcon_core.verb:set package 'mrsim' build argument 'cmake_clean_first' from command line to 'False'
[5.537s] Level 5:colcon.colcon_core.verb:set package 'mrsim' build argument 'cmake_force_configure' from command line to 'False'
[5.537s] Level 5:colcon.colcon_core.verb:set package 'mrsim' build argument 'ament_cmake_args' from command line to 'None'
[5.537s] Level 5:colcon.colcon_core.verb:set package 'mrsim' build argument 'catkin_cmake_args' from command line to 'None'
[5.538s] Level 5:colcon.colcon_core.verb:set package 'mrsim' build argument 'catkin_skip_building_tests' from command line to 'False'
[5.540s] DEBUG:colcon.colcon_core.verb:Building package 'mrsim' with the following arguments: {'ament_cmake_args': None, 'build_base': '/home/ubuntu/Desktop/MultiRobotSimulator/v5/build/mrsim', 'catkin_cmake_args': None, 'catkin_skip_building_tests': False, 'cmake_args': None, 'cmake_clean_cache': False, 'cmake_clean_first': False, 'cmake_force_configure': False, 'cmake_target': None, 'cmake_target_skip_unavailable': False, 'install_base': '/home/ubuntu/Desktop/MultiRobotSimulator/v5/install/mrsim', 'merge_install': False, 'path': '/home/ubuntu/Desktop/MultiRobotSimulator/v5/src/mrsim', 'symlink_install': True, 'test_result_base': None}
[5.542s] INFO:colcon.colcon_core.executor:Executing jobs using 'parallel' executor
[5.655s] DEBUG:colcon.colcon_parallel_executor.executor.parallel:run_until_complete
[5.657s] INFO:colcon.colcon_ros.task.ament_cmake.build:Building ROS package in '/home/ubuntu/Desktop/MultiRobotSimulator/v5/src/mrsim' with build type 'ament_cmake'
[5.658s] INFO:colcon.colcon_cmake.task.cmake.build:Building CMake package in '/home/ubuntu/Desktop/MultiRobotSimulator/v5/src/mrsim'
[5.697s] INFO:colcon.colcon_core.plugin_system:Skipping extension 'colcon_core.shell.bat': Not used on non-Windows systems
[5.698s] INFO:colcon.colcon_core.shell:Skip shell extension 'powershell' for command environment: Not usable outside of PowerShell
[5.699s] DEBUG:colcon.colcon_core.shell:Skip shell extension 'dsv' for command environment
[5.994s] DEBUG:colcon.colcon_core.event_handler.log_command:Invoking command in '/home/ubuntu/Desktop/MultiRobotSimulator/v5/build/mrsim': CMAKE_PREFIX_PATH=/opt/ros/humble /usr/bin/cmake --build /home/ubuntu/Desktop/MultiRobotSimulator/v5/build/mrsim -- -j8 -l8
[57.517s] DEBUG:colcon.colcon_core.event_handler.log_command:Invoked command in '/home/ubuntu/Desktop/MultiRobotSimulator/v5/build/mrsim' returned '0': CMAKE_PREFIX_PATH=/opt/ros/humble /usr/bin/cmake --build /home/ubuntu/Desktop/MultiRobotSimulator/v5/build/mrsim -- -j8 -l8
[57.550s] DEBUG:colcon.colcon_core.event_handler.log_command:Invoking command in '/home/ubuntu/Desktop/MultiRobotSimulator/v5/build/mrsim': CMAKE_PREFIX_PATH=/opt/ros/humble /usr/bin/cmake --install /home/ubuntu/Desktop/MultiRobotSimulator/v5/build/mrsim
[57.613s] Level 1:colcon.colcon_core.environment:create_environment_scripts_only(mrsim)
[57.617s] DEBUG:colcon.colcon_core.event_handler.log_command:Invoked command in '/home/ubuntu/Desktop/MultiRobotSimulator/v5/build/mrsim' returned '0': CMAKE_PREFIX_PATH=/opt/ros/humble /usr/bin/cmake --install /home/ubuntu/Desktop/MultiRobotSimulator/v5/build/mrsim
[57.648s] Level 1:colcon.colcon_core.environment:checking '/home/ubuntu/Desktop/MultiRobotSimulator/v5/install/mrsim' for CMake module files
[57.667s] Level 1:colcon.colcon_core.environment:checking '/home/ubuntu/Desktop/MultiRobotSimulator/v5/install/mrsim' for CMake config files
[57.668s] Level 1:colcon.colcon_core.shell:create_environment_hook('mrsim', 'cmake_prefix_path')
[57.668s] INFO:colcon.colcon_core.shell:Creating environment hook '/home/ubuntu/Desktop/MultiRobotSimulator/v5/install/mrsim/share/mrsim/hook/cmake_prefix_path.ps1'
[57.675s] INFO:colcon.colcon_core.shell:Creating environment descriptor '/home/ubuntu/Desktop/MultiRobotSimulator/v5/install/mrsim/share/mrsim/hook/cmake_prefix_path.dsv'
[57.677s] INFO:colcon.colcon_core.shell:Creating environment hook '/home/ubuntu/Desktop/MultiRobotSimulator/v5/install/mrsim/share/mrsim/hook/cmake_prefix_path.sh'
[57.680s] Level 1:colcon.colcon_core.environment:checking '/home/ubuntu/Desktop/MultiRobotSimulator/v5/install/mrsim/lib'
[57.680s] Level 1:colcon.colcon_core.environment:checking '/home/ubuntu/Desktop/MultiRobotSimulator/v5/install/mrsim/bin'
[57.680s] Level 1:colcon.colcon_core.environment:checking '/home/ubuntu/Desktop/MultiRobotSimulator/v5/install/mrsim/lib/pkgconfig/mrsim.pc'
[57.682s] Level 1:colcon.colcon_core.environment:checking '/home/ubuntu/Desktop/MultiRobotSimulator/v5/install/mrsim/lib/python3.10/site-packages'
[57.683s] Level 1:colcon.colcon_core.environment:checking '/home/ubuntu/Desktop/MultiRobotSimulator/v5/install/mrsim/bin'
[57.683s] INFO:colcon.colcon_core.shell:Creating package script '/home/ubuntu/Desktop/MultiRobotSimulator/v5/install/mrsim/share/mrsim/package.ps1'
[57.684s] INFO:colcon.colcon_core.shell:Creating package descriptor '/home/ubuntu/Desktop/MultiRobotSimulator/v5/install/mrsim/share/mrsim/package.dsv'
[57.686s] INFO:colcon.colcon_core.shell:Creating package script '/home/ubuntu/Desktop/MultiRobotSimulator/v5/install/mrsim/share/mrsim/package.sh'
[57.688s] INFO:colcon.colcon_core.shell:Creating package script '/home/ubuntu/Desktop/MultiRobotSimulator/v5/install/mrsim/share/mrsim/package.bash'
[57.690s] INFO:colcon.colcon_core.shell:Creating package script '/home/ubuntu/Desktop/MultiRobotSimulator/v5/install/mrsim/share/mrsim/package.zsh'
[57.695s] Level 1:colcon.colcon_core.environment:create_file_with_runtime_dependencies(/home/ubuntu/Desktop/MultiRobotSimulator/v5/install/mrsim/share/colcon-core/packages/mrsim)
[57.697s] Level 1:colcon.colcon_core.environment:create_environment_scripts_only(mrsim)
[57.697s] Level 1:colcon.colcon_core.environment:checking '/home/ubuntu/Desktop/MultiRobotSimulator/v5/install/mrsim' for CMake module files
[57.698s] Level 1:colcon.colcon_core.environment:checking '/home/ubuntu/Desktop/MultiRobotSimulator/v5/install/mrsim' for CMake config files
[57.698s] Level 1:colcon.colcon_core.shell:create_environment_hook('mrsim', 'cmake_prefix_path')
[57.698s] INFO:colcon.colcon_core.shell:Creating environment hook '/home/ubuntu/Desktop/MultiRobotSimulator/v5/install/mrsim/share/mrsim/hook/cmake_prefix_path.ps1'
[57.699s] INFO:colcon.colcon_core.shell:Creating environment descriptor '/home/ubuntu/Desktop/MultiRobotSimulator/v5/install/mrsim/share/mrsim/hook/cmake_prefix_path.dsv'
[57.699s] INFO:colcon.colcon_core.shell:Creating environment hook '/home/ubuntu/Desktop/MultiRobotSimulator/v5/install/mrsim/share/mrsim/hook/cmake_prefix_path.sh'
[57.702s] Level 1:colcon.colcon_core.environment:checking '/home/ubuntu/Desktop/MultiRobotSimulator/v5/install/mrsim/lib'
[57.702s] Level 1:colcon.colcon_core.environment:checking '/home/ubuntu/Desktop/MultiRobotSimulator/v5/install/mrsim/bin'
[57.702s] Level 1:colcon.colcon_core.environment:checking '/home/ubuntu/Desktop/MultiRobotSimulator/v5/install/mrsim/lib/pkgconfig/mrsim.pc'
[57.702s] Level 1:colcon.colcon_core.environment:checking '/home/ubuntu/Desktop/MultiRobotSimulator/v5/install/mrsim/lib/python3.10/site-packages'
[57.703s] Level 1:colcon.colcon_core.environment:checking '/home/ubuntu/Desktop/MultiRobotSimulator/v5/install/mrsim/bin'
[57.703s] INFO:colcon.colcon_core.shell:Creating package script '/home/ubuntu/Desktop/MultiRobotSimulator/v5/install/mrsim/share/mrsim/package.ps1'
[57.703s] INFO:colcon.colcon_core.shell:Creating package descriptor '/home/ubuntu/Desktop/MultiRobotSimulator/v5/install/mrsim/share/mrsim/package.dsv'
[57.704s] INFO:colcon.colcon_core.shell:Creating package script '/home/ubuntu/Desktop/MultiRobotSimulator/v5/install/mrsim/share/mrsim/package.sh'
[57.704s] INFO:colcon.colcon_core.shell:Creating package script '/home/ubuntu/Desktop/MultiRobotSimulator/v5/install/mrsim/share/mrsim/package.bash'
[57.705s] INFO:colcon.colcon_core.shell:Creating package script '/home/ubuntu/Desktop/MultiRobotSimulator/v5/install/mrsim/share/mrsim/package.zsh'
[57.705s] Level 1:colcon.colcon_core.environment:create_file_with_runtime_dependencies(/home/ubuntu/Desktop/MultiRobotSimulator/v5/install/mrsim/share/colcon-core/packages/mrsim)
[57.706s] DEBUG:colcon.colcon_parallel_executor.executor.parallel:closing loop
[57.707s] DEBUG:colcon.colcon_parallel_executor.executor.parallel:loop closed
[57.708s] DEBUG:colcon.colcon_parallel_executor.executor.parallel:run_until_complete finished with '0'
[57.708s] DEBUG:colcon.colcon_core.event_reactor:joining thread
[57.742s] INFO:colcon.colcon_core.plugin_system:Skipping extension 'colcon_notification.desktop_notification.terminal_notifier': Not used on non-Darwin systems
[57.742s] INFO:colcon.colcon_core.plugin_system:Skipping extension 'colcon_notification.desktop_notification.win32': Not used on non-Windows systems
[57.742s] INFO:colcon.colcon_notification.desktop_notification:Sending desktop notification using 'notify2'
[57.743s] DEBUG:colcon.colcon_notification.desktop_notification.notify2:Failed to initialize notify2: org.freedesktop.DBus.Error.NotSupported: Unable to autolaunch a dbus-daemon without a $DISPLAY for X11
[57.744s] DEBUG:colcon.colcon_core.event_reactor:joined thread
[57.744s] INFO:colcon.colcon_core.shell:Creating prefix script '/home/ubuntu/Desktop/MultiRobotSimulator/v5/install/local_setup.ps1'
[57.746s] INFO:colcon.colcon_core.shell:Creating prefix util module '/home/ubuntu/Desktop/MultiRobotSimulator/v5/install/_local_setup_util_ps1.py'
[57.749s] INFO:colcon.colcon_core.shell:Creating prefix chain script '/home/ubuntu/Desktop/MultiRobotSimulator/v5/install/setup.ps1'
[57.752s] INFO:colcon.colcon_core.shell:Creating prefix script '/home/ubuntu/Desktop/MultiRobotSimulator/v5/install/local_setup.sh'
[57.754s] INFO:colcon.colcon_core.shell:Creating prefix util module '/home/ubuntu/Desktop/MultiRobotSimulator/v5/install/_local_setup_util_sh.py'
[57.758s] INFO:colcon.colcon_core.shell:Creating prefix chain script '/home/ubuntu/Desktop/MultiRobotSimulator/v5/install/setup.sh'
[57.760s] INFO:colcon.colcon_core.shell:Creating prefix script '/home/ubuntu/Desktop/MultiRobotSimulator/v5/install/local_setup.bash'
[57.762s] INFO:colcon.colcon_core.shell:Creating prefix chain script '/home/ubuntu/Desktop/MultiRobotSimulator/v5/install/setup.bash'
[57.764s] INFO:colcon.colcon_core.shell:Creating prefix script '/home/ubuntu/Desktop/MultiRobotSimulator/v5/install/local_setup.zsh'
[57.765s] INFO:colcon.colcon_core.shell:Creating prefix chain script '/home/ubuntu/Desktop/MultiRobotSimulator/v5/install/setup.zsh'
