[0.012s] Invoking command in '/home/ubuntu/Desktop/MultiRobotSimulator/build/mrsim': CMAKE_PREFIX_PATH=/opt/ros/humble /usr/bin/cmake /home/ubuntu/Desktop/MultiRobotSimulator/v5/src/mrsim -DAMENT_CMAKE_SYMLINK_INSTALL=1 -DCMAKE_INSTALL_PREFIX=/home/ubuntu/Desktop/MultiRobotSimulator/install/mrsim
[0.124s] -- The CXX compiler identification is GNU 11.4.0
[0.133s] -- Detecting CXX compiler ABI info
[0.243s] -- Detecting CXX compiler ABI info - done
[0.248s] -- Check for working CXX compiler: /usr/bin/c++ - skipped
[0.248s] -- Detecting CXX compile features
[0.248s] -- Detecting CXX compile features - done
[0.251s] -- Found ament_cmake: 1.3.12 (/opt/ros/humble/share/ament_cmake/cmake)
[0.361s] -- Found Python3: /usr/bin/python3 (found version "3.10.12") found components: Interpreter 
[0.407s] -- Override CMake install command with custom implementation using symlinks instead of copying resources
[0.427s] -- Found rclcpp: 16.0.14 (/opt/ros/humble/share/rclcpp/cmake)
[0.462s] -- Found rosidl_generator_c: 3.1.7 (/opt/ros/humble/share/rosidl_generator_c/cmake)
[0.466s] -- Found rosidl_adapter: 3.1.7 (/opt/ros/humble/share/rosidl_adapter/cmake)
[0.472s] -- Found rosidl_generator_cpp: 3.1.7 (/opt/ros/humble/share/rosidl_generator_cpp/cmake)
[0.482s] -- Using all available rosidl_typesupport_c: rosidl_typesupport_fastrtps_c;rosidl_typesupport_introspection_c
[0.493s] -- Using all available rosidl_typesupport_cpp: rosidl_typesupport_fastrtps_cpp;rosidl_typesupport_introspection_cpp
[0.526s] -- Found rmw_implementation_cmake: 6.1.2 (/opt/ros/humble/share/rmw_implementation_cmake/cmake)
[0.528s] -- Found rmw_fastrtps_cpp: 6.2.8 (/opt/ros/humble/share/rmw_fastrtps_cpp/cmake)
[0.624s] -- Found OpenSSL: /usr/lib/aarch64-linux-gnu/libcrypto.so (found version "3.0.2")  
[0.650s] -- Found FastRTPS: /opt/ros/humble/include  
[0.692s] -- Using RMW implementation 'rmw_fastrtps_cpp' as default
[0.698s] -- Looking for C++ include pthread.h
[0.798s] -- Looking for C++ include pthread.h - found
[0.798s] -- Performing Test CMAKE_HAVE_LIBC_PTHREAD
[0.892s] -- Performing Test CMAKE_HAVE_LIBC_PTHREAD - Success
[0.893s] -- Found Threads: TRUE  
[0.932s] -- Found geometry_msgs: 4.9.0 (/opt/ros/humble/share/geometry_msgs/cmake)
[0.943s] -- Found sensor_msgs: 4.9.0 (/opt/ros/humble/share/sensor_msgs/cmake)
[0.957s] -- Found tf2: 0.25.15 (/opt/ros/humble/share/tf2/cmake)
[0.967s] -- Found tf2_ros: 0.25.15 (/opt/ros/humble/share/tf2_ros/cmake)
[1.067s] -- Found std_srvs: 4.9.0 (/opt/ros/humble/share/std_srvs/cmake)
[1.111s] -- Found OpenCV: /usr (found version "4.5.4") 
[1.121s] -- Eigen3 found: /usr/include/eigen3
[1.208s] -- Configuring done
[1.244s] -- Generating done
[1.290s] -- Build files have been written to: /home/ubuntu/Desktop/MultiRobotSimulator/build/mrsim
[1.326s] Invoked command in '/home/ubuntu/Desktop/MultiRobotSimulator/build/mrsim' returned '0': CMAKE_PREFIX_PATH=/opt/ros/humble /usr/bin/cmake /home/ubuntu/Desktop/MultiRobotSimulator/v5/src/mrsim -DAMENT_CMAKE_SYMLINK_INSTALL=1 -DCMAKE_INSTALL_PREFIX=/home/ubuntu/Desktop/MultiRobotSimulator/install/mrsim
[1.329s] Invoking command in '/home/ubuntu/Desktop/MultiRobotSimulator/build/mrsim': CMAKE_PREFIX_PATH=/opt/ros/humble /usr/bin/cmake --build /home/ubuntu/Desktop/MultiRobotSimulator/build/mrsim -- -j8 -l8
[1.402s] [ 10%] [32mBuilding CXX object CMakeFiles/simulator.dir/src/utils.cpp.o[0m
[1.407s] [ 20%] [32mBuilding CXX object CMakeFiles/simulator.dir/src/lidar.cpp.o[0m
[1.408s] [ 30%] [32mBuilding CXX object CMakeFiles/simulator.dir/src/world.cpp.o[0m
[1.408s] [ 40%] [32mBuilding CXX object CMakeFiles/simulator.dir/src/simulator.cpp.o[0m
[1.412s] [ 50%] [32mBuilding CXX object CMakeFiles/simulator.dir/src/car.cpp.o[0m
[1.415s] [ 60%] [32mBuilding CXX object CMakeFiles/simulator.dir/src/object.cpp.o[0m
[1.415s] [ 70%] [32mBuilding CXX object CMakeFiles/simulator.dir/src/freeflying.cpp.o[0m
[1.426s] [ 80%] [32mBuilding CXX object CMakeFiles/simulator.dir/src/arm.cpp.o[0m
[9.568s] [ 90%] [32mBuilding CXX object CMakeFiles/simulator.dir/src/ros_bridge.cpp.o[0m
[30.506s] [100%] [32m[1mLinking CXX executable simulator[0m
[31.062s] [100%] Built target simulator
[31.081s] Invoked command in '/home/ubuntu/Desktop/MultiRobotSimulator/build/mrsim' returned '0': CMAKE_PREFIX_PATH=/opt/ros/humble /usr/bin/cmake --build /home/ubuntu/Desktop/MultiRobotSimulator/build/mrsim -- -j8 -l8
[31.098s] Invoking command in '/home/ubuntu/Desktop/MultiRobotSimulator/build/mrsim': CMAKE_PREFIX_PATH=/opt/ros/humble /usr/bin/cmake --install /home/ubuntu/Desktop/MultiRobotSimulator/build/mrsim
[31.107s] -- Install configuration: "Release"
[31.107s] -- Execute custom install script
[31.108s] -- Symlinking: /home/ubuntu/Desktop/MultiRobotSimulator/install/mrsim/lib/mrsim/simulator
[31.120s] -- Symlinking: /home/ubuntu/Desktop/MultiRobotSimulator/install/mrsim/share/ament_index/resource_index/package_run_dependencies/mrsim
[31.130s] -- Symlinking: /home/ubuntu/Desktop/MultiRobotSimulator/install/mrsim/share/ament_index/resource_index/parent_prefix_path/mrsim
[31.141s] -- Symlinking: /home/ubuntu/Desktop/MultiRobotSimulator/install/mrsim/share/mrsim/environment/ament_prefix_path.sh
[31.150s] -- Symlinking: /home/ubuntu/Desktop/MultiRobotSimulator/install/mrsim/share/mrsim/environment/ament_prefix_path.dsv
[31.160s] -- Symlinking: /home/ubuntu/Desktop/MultiRobotSimulator/install/mrsim/share/mrsim/environment/path.sh
[31.170s] -- Symlinking: /home/ubuntu/Desktop/MultiRobotSimulator/install/mrsim/share/mrsim/environment/path.dsv
[31.181s] -- Symlinking: /home/ubuntu/Desktop/MultiRobotSimulator/install/mrsim/share/mrsim/local_setup.bash
[31.191s] -- Symlinking: /home/ubuntu/Desktop/MultiRobotSimulator/install/mrsim/share/mrsim/local_setup.sh
[31.201s] -- Symlinking: /home/ubuntu/Desktop/MultiRobotSimulator/install/mrsim/share/mrsim/local_setup.zsh
[31.212s] -- Symlinking: /home/ubuntu/Desktop/MultiRobotSimulator/install/mrsim/share/mrsim/local_setup.dsv
[31.222s] -- Symlinking: /home/ubuntu/Desktop/MultiRobotSimulator/install/mrsim/share/mrsim/package.dsv
[31.233s] -- Symlinking: /home/ubuntu/Desktop/MultiRobotSimulator/install/mrsim/share/ament_index/resource_index/packages/mrsim
[31.246s] -- Symlinking: /home/ubuntu/Desktop/MultiRobotSimulator/install/mrsim/share/mrsim/cmake/mrsimConfig.cmake
[31.257s] -- Symlinking: /home/ubuntu/Desktop/MultiRobotSimulator/install/mrsim/share/mrsim/cmake/mrsimConfig-version.cmake
[31.270s] -- Symlinking: /home/ubuntu/Desktop/MultiRobotSimulator/install/mrsim/share/mrsim/package.xml
[31.287s] Invoked command in '/home/ubuntu/Desktop/MultiRobotSimulator/build/mrsim' returned '0': CMAKE_PREFIX_PATH=/opt/ros/humble /usr/bin/cmake --install /home/ubuntu/Desktop/MultiRobotSimulator/build/mrsim
