[3.573s] DEBUG:colcon:Command line arguments: ['/usr/bin/colcon', 'build', '--symlink-install', '--packages-select', 'mrsim']
[3.580s] DEBUG:colcon:Parsed command line arguments: Namespace(log_base=None, log_level=None, verb_name='build', build_base='build', install_base='install', merge_install=False, symlink_install=True, test_result_base=None, continue_on_error=False, executor='parallel', parallel_workers=8, event_handlers=None, ignore_user_meta=False, metas=['./colcon.meta'], base_paths=['.'], packages_ignore=None, packages_ignore_regex=None, paths=None, packages_up_to=None, packages_up_to_regex=None, packages_above=None, packages_above_and_dependencies=None, packages_above_depth=None, packages_select_by_dep=None, packages_skip_by_dep=None, packages_skip_up_to=None, packages_select_build_failed=False, packages_skip_build_finished=False, packages_select_test_failures=False, packages_skip_test_passed=False, packages_select=['mrsim'], packages_skip=None, packages_select_regex=None, packages_skip_regex=None, packages_start=None, packages_end=None, allow_overriding=[], cmake_args=None, cmake_target=None, cmake_target_skip_unavailable=False, cmake_clean_cache=False, cmake_clean_first=False, cmake_force_configure=False, ament_cmake_args=None, catkin_cmake_args=None, catkin_skip_building_tests=False, verb_parser=<colcon_defaults.argument_parser.defaults.DefaultArgumentsDecorator object at 0xffff947e75b0>, verb_extension=<colcon_core.verb.build.BuildVerb object at 0xffff947e7160>, main=<bound method BuildVerb.main of <colcon_core.verb.build.BuildVerb object at 0xffff947e7160>>)
[5.131s] Level 1:colcon.colcon_core.package_discovery:discover_packages(colcon_meta) check parameters
[5.132s] Level 1:colcon.colcon_core.package_discovery:discover_packages(recursive) check parameters
[5.132s] Level 1:colcon.colcon_core.package_discovery:discover_packages(ignore) check parameters
[5.132s] Level 1:colcon.colcon_core.package_discovery:discover_packages(path) check parameters
[5.133s] Level 1:colcon.colcon_core.package_discovery:discover_packages(colcon_meta) discover
[5.133s] Level 1:colcon.colcon_core.package_discovery:discover_packages(recursive) discover
[5.133s] INFO:colcon.colcon_core.package_discovery:Crawling recursively for packages in '/home/ubuntu/Desktop/MultiRobotSimulator/v5'
[5.133s] Level 1:colcon.colcon_core.package_identification:_identify(.) by extensions ['ignore', 'ignore_ament_install']
[5.134s] Level 1:colcon.colcon_core.package_identification:_identify(.) by extension 'ignore'
[5.134s] Level 1:colcon.colcon_core.package_identification:_identify(.) by extension 'ignore_ament_install'
[5.134s] Level 1:colcon.colcon_core.package_identification:_identify(.) by extensions ['colcon_pkg']
[5.134s] Level 1:colcon.colcon_core.package_identification:_identify(.) by extension 'colcon_pkg'
[5.135s] Level 1:colcon.colcon_core.package_identification:_identify(.) by extensions ['colcon_meta']
[5.135s] Level 1:colcon.colcon_core.package_identification:_identify(.) by extension 'colcon_meta'
[5.135s] Level 1:colcon.colcon_core.package_identification:_identify(.) by extensions ['ros']
[5.135s] Level 1:colcon.colcon_core.package_identification:_identify(.) by extension 'ros'
[5.207s] Level 1:colcon.colcon_core.package_identification:_identify(.) by extensions ['cmake', 'python']
[5.208s] Level 1:colcon.colcon_core.package_identification:_identify(.) by extension 'cmake'
[5.209s] Level 1:colcon.colcon_core.package_identification:_identify(.) by extension 'python'
[5.210s] Level 1:colcon.colcon_core.package_identification:_identify(.) by extensions ['python_setup_py']
[5.210s] Level 1:colcon.colcon_core.package_identification:_identify(.) by extension 'python_setup_py'
[5.212s] Level 1:colcon.colcon_core.package_identification:_identify(build) by extensions ['ignore', 'ignore_ament_install']
[5.213s] Level 1:colcon.colcon_core.package_identification:_identify(build) by extension 'ignore'
[5.213s] Level 1:colcon.colcon_core.package_identification:_identify(build) ignored
[5.215s] Level 1:colcon.colcon_core.package_identification:_identify(install) by extensions ['ignore', 'ignore_ament_install']
[5.218s] Level 1:colcon.colcon_core.package_identification:_identify(install) by extension 'ignore'
[5.219s] Level 1:colcon.colcon_core.package_identification:_identify(install) ignored
[5.220s] Level 1:colcon.colcon_core.package_identification:_identify(log) by extensions ['ignore', 'ignore_ament_install']
[5.221s] Level 1:colcon.colcon_core.package_identification:_identify(log) by extension 'ignore'
[5.221s] Level 1:colcon.colcon_core.package_identification:_identify(log) ignored
[5.222s] Level 1:colcon.colcon_core.package_identification:_identify(src) by extensions ['ignore', 'ignore_ament_install']
[5.223s] Level 1:colcon.colcon_core.package_identification:_identify(src) by extension 'ignore'
[5.223s] Level 1:colcon.colcon_core.package_identification:_identify(src) by extension 'ignore_ament_install'
[5.224s] Level 1:colcon.colcon_core.package_identification:_identify(src) by extensions ['colcon_pkg']
[5.224s] Level 1:colcon.colcon_core.package_identification:_identify(src) by extension 'colcon_pkg'
[5.225s] Level 1:colcon.colcon_core.package_identification:_identify(src) by extensions ['colcon_meta']
[5.226s] Level 1:colcon.colcon_core.package_identification:_identify(src) by extension 'colcon_meta'
[5.227s] Level 1:colcon.colcon_core.package_identification:_identify(src) by extensions ['ros']
[5.227s] Level 1:colcon.colcon_core.package_identification:_identify(src) by extension 'ros'
[5.230s] Level 1:colcon.colcon_core.package_identification:_identify(src) by extensions ['cmake', 'python']
[5.231s] Level 1:colcon.colcon_core.package_identification:_identify(src) by extension 'cmake'
[5.231s] Level 1:colcon.colcon_core.package_identification:_identify(src) by extension 'python'
[5.232s] Level 1:colcon.colcon_core.package_identification:_identify(src) by extensions ['python_setup_py']
[5.233s] Level 1:colcon.colcon_core.package_identification:_identify(src) by extension 'python_setup_py'
[5.234s] Level 1:colcon.colcon_core.package_identification:_identify(src/mrsim) by extensions ['ignore', 'ignore_ament_install']
[5.235s] Level 1:colcon.colcon_core.package_identification:_identify(src/mrsim) by extension 'ignore'
[5.236s] Level 1:colcon.colcon_core.package_identification:_identify(src/mrsim) by extension 'ignore_ament_install'
[5.237s] Level 1:colcon.colcon_core.package_identification:_identify(src/mrsim) by extensions ['colcon_pkg']
[5.237s] Level 1:colcon.colcon_core.package_identification:_identify(src/mrsim) by extension 'colcon_pkg'
[5.238s] Level 1:colcon.colcon_core.package_identification:_identify(src/mrsim) by extensions ['colcon_meta']
[5.238s] Level 1:colcon.colcon_core.package_identification:_identify(src/mrsim) by extension 'colcon_meta'
[5.239s] Level 1:colcon.colcon_core.package_identification:_identify(src/mrsim) by extensions ['ros']
[5.239s] Level 1:colcon.colcon_core.package_identification:_identify(src/mrsim) by extension 'ros'
[5.265s] DEBUG:colcon.colcon_core.package_identification:Package 'src/mrsim' with type 'ros.ament_cmake' and name 'mrsim'
[5.265s] Level 1:colcon.colcon_core.package_discovery:discover_packages(recursive) using defaults
[5.267s] Level 1:colcon.colcon_core.package_discovery:discover_packages(ignore) discover
[5.268s] Level 1:colcon.colcon_core.package_discovery:discover_packages(ignore) using defaults
[5.269s] Level 1:colcon.colcon_core.package_discovery:discover_packages(path) discover
[5.270s] Level 1:colcon.colcon_core.package_discovery:discover_packages(path) using defaults
[5.544s] Level 1:colcon.colcon_core.package_discovery:discover_packages(prefix_path) check parameters
[5.544s] Level 1:colcon.colcon_core.package_discovery:discover_packages(prefix_path) discover
[5.596s] DEBUG:colcon.colcon_installed_package_information.package_discovery:Found 271 installed packages in /opt/ros/humble
[5.661s] Level 1:colcon.colcon_core.package_discovery:discover_packages(prefix_path) using defaults
[5.883s] Level 5:colcon.colcon_core.verb:set package 'mrsim' build argument 'cmake_args' from command line to 'None'
[5.884s] Level 5:colcon.colcon_core.verb:set package 'mrsim' build argument 'cmake_target' from command line to 'None'
[5.884s] Level 5:colcon.colcon_core.verb:set package 'mrsim' build argument 'cmake_target_skip_unavailable' from command line to 'False'
[5.884s] Level 5:colcon.colcon_core.verb:set package 'mrsim' build argument 'cmake_clean_cache' from command line to 'False'
[5.885s] Level 5:colcon.colcon_core.verb:set package 'mrsim' build argument 'cmake_clean_first' from command line to 'False'
[5.885s] Level 5:colcon.colcon_core.verb:set package 'mrsim' build argument 'cmake_force_configure' from command line to 'False'
[5.885s] Level 5:colcon.colcon_core.verb:set package 'mrsim' build argument 'ament_cmake_args' from command line to 'None'
[5.885s] Level 5:colcon.colcon_core.verb:set package 'mrsim' build argument 'catkin_cmake_args' from command line to 'None'
[5.886s] Level 5:colcon.colcon_core.verb:set package 'mrsim' build argument 'catkin_skip_building_tests' from command line to 'False'
[5.886s] DEBUG:colcon.colcon_core.verb:Building package 'mrsim' with the following arguments: {'ament_cmake_args': None, 'build_base': '/home/ubuntu/Desktop/MultiRobotSimulator/v5/build/mrsim', 'catkin_cmake_args': None, 'catkin_skip_building_tests': False, 'cmake_args': None, 'cmake_clean_cache': False, 'cmake_clean_first': False, 'cmake_force_configure': False, 'cmake_target': None, 'cmake_target_skip_unavailable': False, 'install_base': '/home/ubuntu/Desktop/MultiRobotSimulator/v5/install/mrsim', 'merge_install': False, 'path': '/home/ubuntu/Desktop/MultiRobotSimulator/v5/src/mrsim', 'symlink_install': True, 'test_result_base': None}
[5.886s] INFO:colcon.colcon_core.executor:Executing jobs using 'parallel' executor
[5.889s] DEBUG:colcon.colcon_parallel_executor.executor.parallel:run_until_complete
[5.891s] INFO:colcon.colcon_ros.task.ament_cmake.build:Building ROS package in '/home/ubuntu/Desktop/MultiRobotSimulator/v5/src/mrsim' with build type 'ament_cmake'
[5.891s] INFO:colcon.colcon_cmake.task.cmake.build:Building CMake package in '/home/ubuntu/Desktop/MultiRobotSimulator/v5/src/mrsim'
[5.905s] INFO:colcon.colcon_core.plugin_system:Skipping extension 'colcon_core.shell.bat': Not used on non-Windows systems
[5.905s] INFO:colcon.colcon_core.shell:Skip shell extension 'powershell' for command environment: Not usable outside of PowerShell
[5.905s] DEBUG:colcon.colcon_core.shell:Skip shell extension 'dsv' for command environment
[5.982s] DEBUG:colcon.colcon_core.event_handler.log_command:Invoking command in '/home/ubuntu/Desktop/MultiRobotSimulator/v5/build/mrsim': CMAKE_PREFIX_PATH=/opt/ros/humble /usr/bin/cmake --build /home/ubuntu/Desktop/MultiRobotSimulator/v5/build/mrsim -- -j8 -l8
[298.288s] DEBUG:colcon.colcon_core.event_handler.log_command:Invoked command in '/home/ubuntu/Desktop/MultiRobotSimulator/v5/build/mrsim' returned '0': CMAKE_PREFIX_PATH=/opt/ros/humble /usr/bin/cmake --build /home/ubuntu/Desktop/MultiRobotSimulator/v5/build/mrsim -- -j8 -l8
[298.370s] DEBUG:colcon.colcon_core.event_handler.log_command:Invoking command in '/home/ubuntu/Desktop/MultiRobotSimulator/v5/build/mrsim': CMAKE_PREFIX_PATH=/opt/ros/humble /usr/bin/cmake --install /home/ubuntu/Desktop/MultiRobotSimulator/v5/build/mrsim
[298.546s] Level 1:colcon.colcon_core.environment:create_environment_scripts_only(mrsim)
[298.550s] DEBUG:colcon.colcon_core.event_handler.log_command:Invoked command in '/home/ubuntu/Desktop/MultiRobotSimulator/v5/build/mrsim' returned '0': CMAKE_PREFIX_PATH=/opt/ros/humble /usr/bin/cmake --install /home/ubuntu/Desktop/MultiRobotSimulator/v5/build/mrsim
[298.562s] Level 1:colcon.colcon_core.environment:checking '/home/ubuntu/Desktop/MultiRobotSimulator/v5/install/mrsim' for CMake module files
[298.578s] Level 1:colcon.colcon_core.environment:checking '/home/ubuntu/Desktop/MultiRobotSimulator/v5/install/mrsim' for CMake config files
[298.585s] Level 1:colcon.colcon_core.shell:create_environment_hook('mrsim', 'cmake_prefix_path')
[298.586s] INFO:colcon.colcon_core.shell:Creating environment hook '/home/ubuntu/Desktop/MultiRobotSimulator/v5/install/mrsim/share/mrsim/hook/cmake_prefix_path.ps1'
[298.603s] INFO:colcon.colcon_core.shell:Creating environment descriptor '/home/ubuntu/Desktop/MultiRobotSimulator/v5/install/mrsim/share/mrsim/hook/cmake_prefix_path.dsv'
[298.611s] INFO:colcon.colcon_core.shell:Creating environment hook '/home/ubuntu/Desktop/MultiRobotSimulator/v5/install/mrsim/share/mrsim/hook/cmake_prefix_path.sh'
[298.613s] Level 1:colcon.colcon_core.environment:checking '/home/ubuntu/Desktop/MultiRobotSimulator/v5/install/mrsim/lib'
[298.613s] Level 1:colcon.colcon_core.environment:checking '/home/ubuntu/Desktop/MultiRobotSimulator/v5/install/mrsim/bin'
[298.613s] Level 1:colcon.colcon_core.environment:checking '/home/ubuntu/Desktop/MultiRobotSimulator/v5/install/mrsim/lib/pkgconfig/mrsim.pc'
[298.615s] Level 1:colcon.colcon_core.environment:checking '/home/ubuntu/Desktop/MultiRobotSimulator/v5/install/mrsim/lib/python3.10/site-packages'
[298.615s] Level 1:colcon.colcon_core.environment:checking '/home/ubuntu/Desktop/MultiRobotSimulator/v5/install/mrsim/bin'
[298.629s] INFO:colcon.colcon_core.shell:Creating package script '/home/ubuntu/Desktop/MultiRobotSimulator/v5/install/mrsim/share/mrsim/package.ps1'
[298.630s] INFO:colcon.colcon_core.shell:Creating package descriptor '/home/ubuntu/Desktop/MultiRobotSimulator/v5/install/mrsim/share/mrsim/package.dsv'
[298.633s] INFO:colcon.colcon_core.shell:Creating package script '/home/ubuntu/Desktop/MultiRobotSimulator/v5/install/mrsim/share/mrsim/package.sh'
[298.634s] INFO:colcon.colcon_core.shell:Creating package script '/home/ubuntu/Desktop/MultiRobotSimulator/v5/install/mrsim/share/mrsim/package.bash'
[298.642s] INFO:colcon.colcon_core.shell:Creating package script '/home/ubuntu/Desktop/MultiRobotSimulator/v5/install/mrsim/share/mrsim/package.zsh'
[298.643s] Level 1:colcon.colcon_core.environment:create_file_with_runtime_dependencies(/home/ubuntu/Desktop/MultiRobotSimulator/v5/install/mrsim/share/colcon-core/packages/mrsim)
[298.655s] Level 1:colcon.colcon_core.environment:create_environment_scripts_only(mrsim)
[298.655s] Level 1:colcon.colcon_core.environment:checking '/home/ubuntu/Desktop/MultiRobotSimulator/v5/install/mrsim' for CMake module files
[298.656s] Level 1:colcon.colcon_core.environment:checking '/home/ubuntu/Desktop/MultiRobotSimulator/v5/install/mrsim' for CMake config files
[298.656s] Level 1:colcon.colcon_core.shell:create_environment_hook('mrsim', 'cmake_prefix_path')
[298.663s] INFO:colcon.colcon_core.shell:Creating environment hook '/home/ubuntu/Desktop/MultiRobotSimulator/v5/install/mrsim/share/mrsim/hook/cmake_prefix_path.ps1'
[298.664s] INFO:colcon.colcon_core.shell:Creating environment descriptor '/home/ubuntu/Desktop/MultiRobotSimulator/v5/install/mrsim/share/mrsim/hook/cmake_prefix_path.dsv'
[298.665s] INFO:colcon.colcon_core.shell:Creating environment hook '/home/ubuntu/Desktop/MultiRobotSimulator/v5/install/mrsim/share/mrsim/hook/cmake_prefix_path.sh'
[298.665s] Level 1:colcon.colcon_core.environment:checking '/home/ubuntu/Desktop/MultiRobotSimulator/v5/install/mrsim/lib'
[298.665s] Level 1:colcon.colcon_core.environment:checking '/home/ubuntu/Desktop/MultiRobotSimulator/v5/install/mrsim/bin'
[298.665s] Level 1:colcon.colcon_core.environment:checking '/home/ubuntu/Desktop/MultiRobotSimulator/v5/install/mrsim/lib/pkgconfig/mrsim.pc'
[298.666s] Level 1:colcon.colcon_core.environment:checking '/home/ubuntu/Desktop/MultiRobotSimulator/v5/install/mrsim/lib/python3.10/site-packages'
[298.666s] Level 1:colcon.colcon_core.environment:checking '/home/ubuntu/Desktop/MultiRobotSimulator/v5/install/mrsim/bin'
[298.666s] INFO:colcon.colcon_core.shell:Creating package script '/home/ubuntu/Desktop/MultiRobotSimulator/v5/install/mrsim/share/mrsim/package.ps1'
[298.682s] INFO:colcon.colcon_core.shell:Creating package descriptor '/home/ubuntu/Desktop/MultiRobotSimulator/v5/install/mrsim/share/mrsim/package.dsv'
[298.682s] INFO:colcon.colcon_core.shell:Creating package script '/home/ubuntu/Desktop/MultiRobotSimulator/v5/install/mrsim/share/mrsim/package.sh'
[298.683s] INFO:colcon.colcon_core.shell:Creating package script '/home/ubuntu/Desktop/MultiRobotSimulator/v5/install/mrsim/share/mrsim/package.bash'
[298.683s] INFO:colcon.colcon_core.shell:Creating package script '/home/ubuntu/Desktop/MultiRobotSimulator/v5/install/mrsim/share/mrsim/package.zsh'
[298.684s] Level 1:colcon.colcon_core.environment:create_file_with_runtime_dependencies(/home/ubuntu/Desktop/MultiRobotSimulator/v5/install/mrsim/share/colcon-core/packages/mrsim)
[298.686s] DEBUG:colcon.colcon_parallel_executor.executor.parallel:closing loop
[298.734s] DEBUG:colcon.colcon_parallel_executor.executor.parallel:loop closed
[298.735s] DEBUG:colcon.colcon_parallel_executor.executor.parallel:run_until_complete finished with '0'
[298.735s] DEBUG:colcon.colcon_core.event_reactor:joining thread
[298.815s] INFO:colcon.colcon_core.plugin_system:Skipping extension 'colcon_notification.desktop_notification.terminal_notifier': Not used on non-Darwin systems
[298.816s] INFO:colcon.colcon_core.plugin_system:Skipping extension 'colcon_notification.desktop_notification.win32': Not used on non-Windows systems
[298.816s] INFO:colcon.colcon_notification.desktop_notification:Sending desktop notification using 'notify2'
[298.816s] DEBUG:colcon.colcon_notification.desktop_notification.notify2:Failed to initialize notify2: org.freedesktop.DBus.Error.NotSupported: Unable to autolaunch a dbus-daemon without a $DISPLAY for X11
[298.824s] DEBUG:colcon.colcon_core.event_reactor:joined thread
[298.824s] INFO:colcon.colcon_core.shell:Creating prefix script '/home/ubuntu/Desktop/MultiRobotSimulator/v5/install/local_setup.ps1'
[298.827s] INFO:colcon.colcon_core.shell:Creating prefix util module '/home/ubuntu/Desktop/MultiRobotSimulator/v5/install/_local_setup_util_ps1.py'
[298.829s] INFO:colcon.colcon_core.shell:Creating prefix chain script '/home/ubuntu/Desktop/MultiRobotSimulator/v5/install/setup.ps1'
[298.830s] INFO:colcon.colcon_core.shell:Creating prefix script '/home/ubuntu/Desktop/MultiRobotSimulator/v5/install/local_setup.sh'
[298.831s] INFO:colcon.colcon_core.shell:Creating prefix util module '/home/ubuntu/Desktop/MultiRobotSimulator/v5/install/_local_setup_util_sh.py'
[298.832s] INFO:colcon.colcon_core.shell:Creating prefix chain script '/home/ubuntu/Desktop/MultiRobotSimulator/v5/install/setup.sh'
[298.833s] INFO:colcon.colcon_core.shell:Creating prefix script '/home/ubuntu/Desktop/MultiRobotSimulator/v5/install/local_setup.bash'
[298.834s] INFO:colcon.colcon_core.shell:Creating prefix chain script '/home/ubuntu/Desktop/MultiRobotSimulator/v5/install/setup.bash'
[298.836s] INFO:colcon.colcon_core.shell:Creating prefix script '/home/ubuntu/Desktop/MultiRobotSimulator/v5/install/local_setup.zsh'
[298.837s] INFO:colcon.colcon_core.shell:Creating prefix chain script '/home/ubuntu/Desktop/MultiRobotSimulator/v5/install/setup.zsh'
