[0.012s] Invoking command in '/home/ubuntu/Desktop/MultiRobotSimulator/v5/build/mrsim': /usr/bin/cmake /home/ubuntu/Desktop/MultiRobotSimulator/v5/src/mrsim -DAMENT_CMAKE_SYMLINK_INSTALL=1 -DCMAKE_INSTALL_PREFIX=/home/ubuntu/Desktop/MultiRobotSimulator/v5/install/mrsim
[0.180s] -- The CXX compiler identification is GNU 11.4.0
[0.196s] -- Detecting CXX compiler ABI info
[0.335s] -- Detecting CXX compiler ABI info - done
[0.340s] -- Check for working CXX compiler: /usr/bin/c++ - skipped
[0.341s] -- Detecting CXX compile features
[0.341s] -- Detecting CXX compile features - done
[0.387s] [31mCMake Error at CMakeLists.txt:16 (find_package):
[0.387s]   By not providing "Findament_cmake.cmake" in CMAKE_MODULE_PATH this project
[0.387s]   has asked CMake to find a package configuration file provided by
[0.387s]   "ament_cmake", but CMake did not find one.
[0.387s] 
[0.387s]   Could not find a package configuration file provided by "ament_cmake" with
[0.387s]   any of the following names:
[0.387s] 
[0.387s]     ament_cmakeConfig.cmake
[0.387s]     ament_cmake-config.cmake
[0.387s] 
[0.387s]   Add the installation prefix of "ament_cmake" to CMAKE_PREFIX_PATH or set
[0.387s]   "ament_cmake_DIR" to a directory containing one of the above files.  If
[0.387s]   "ament_cmake" provides a separate development package or SDK, be sure it
[0.387s]   has been installed.
[0.387s] 
[0.387s] [0m
[0.387s] -- Configuring incomplete, errors occurred!
[0.387s] See also "/home/ubuntu/Desktop/MultiRobotSimulator/v5/build/mrsim/CMakeFiles/CMakeOutput.log".
[0.390s] Invoked command in '/home/ubuntu/Desktop/MultiRobotSimulator/v5/build/mrsim' returned '1': /usr/bin/cmake /home/ubuntu/Desktop/MultiRobotSimulator/v5/src/mrsim -DAMENT_CMAKE_SYMLINK_INSTALL=1 -DCMAKE_INSTALL_PREFIX=/home/ubuntu/Desktop/MultiRobotSimulator/v5/install/mrsim
