[0.043s] Invoking command in '/home/ubuntu/Desktop/MultiRobotSimulator/v5/build/mrsim': /usr/bin/cmake /home/ubuntu/Desktop/MultiRobotSimulator/v5/src/mrsim -DCATKIN_INSTALL_INTO_PREFIX_ROOT=0 -DCATKIN_SYMLINK_INSTALL=ON -DCMAKE_INSTALL_PREFIX=/home/ubuntu/Desktop/MultiRobotSimulator/v5/install/mrsim
[1.169s] -- The CXX compiler identification is GNU 11.4.0
[1.851s] -- Detecting CXX compiler ABI info
[2.484s] -- Detecting CXX compiler ABI info - done
[2.499s] -- Check for working CXX compiler: /usr/bin/c++ - skipped
[2.500s] -- Detecting CXX compile features
[2.502s] -- Detecting CXX compile features - done
[2.604s] -- Found ament_cmake: 1.3.12 (/opt/ros/humble/share/ament_cmake/cmake)
[3.137s] -- Found Python3: /usr/bin/python3 (found version "3.10.12") found components: Interpreter 
[3.330s] -- Found rclcpp: 16.0.14 (/opt/ros/humble/share/rclcpp/cmake)
[3.430s] -- Found rosidl_generator_c: 3.1.7 (/opt/ros/humble/share/rosidl_generator_c/cmake)
[3.440s] -- Found rosidl_adapter: 3.1.7 (/opt/ros/humble/share/rosidl_adapter/cmake)
[3.457s] -- Found rosidl_generator_cpp: 3.1.7 (/opt/ros/humble/share/rosidl_generator_cpp/cmake)
[3.484s] -- Using all available rosidl_typesupport_c: rosidl_typesupport_fastrtps_c;rosidl_typesupport_introspection_c
[3.512s] -- Using all available rosidl_typesupport_cpp: rosidl_typesupport_fastrtps_cpp;rosidl_typesupport_introspection_cpp
[3.602s] -- Found rmw_implementation_cmake: 6.1.2 (/opt/ros/humble/share/rmw_implementation_cmake/cmake)
[3.606s] -- Found rmw_fastrtps_cpp: 6.2.8 (/opt/ros/humble/share/rmw_fastrtps_cpp/cmake)
[3.827s] -- Found OpenSSL: /usr/lib/aarch64-linux-gnu/libcrypto.so (found version "3.0.2")  
[3.890s] -- Found FastRTPS: /opt/ros/humble/include  
[3.976s] -- Using RMW implementation 'rmw_fastrtps_cpp' as default
[3.992s] -- Looking for C++ include pthread.h
[4.404s] -- Looking for C++ include pthread.h - found
[4.405s] -- Performing Test CMAKE_HAVE_LIBC_PTHREAD
[4.667s] -- Performing Test CMAKE_HAVE_LIBC_PTHREAD - Success
[4.673s] -- Found Threads: TRUE  
[4.948s] -- Found geometry_msgs: 4.9.0 (/opt/ros/humble/share/geometry_msgs/cmake)
[4.984s] -- Found sensor_msgs: 4.9.0 (/opt/ros/humble/share/sensor_msgs/cmake)
[5.030s] -- Found tf2: 0.25.15 (/opt/ros/humble/share/tf2/cmake)
[5.104s] -- Found tf2_ros: 0.25.15 (/opt/ros/humble/share/tf2_ros/cmake)
[5.452s] -- Found OpenCV: /usr (found version "4.5.4") 
[5.473s] -- Eigen3 found: /usr/include/eigen3
[5.689s] -- Configuring done
[5.705s] [31mCMake Error at CMakeLists.txt:48 (add_executable):
[5.705s]   Cannot find source file:
[5.705s] 
[5.706s]     src/ros_bridge.cpp
[5.706s] 
[5.706s]   Tried extensions .c .C .c++ .cc .cpp .cxx .cu .mpp .m .M .mm .ixx .cppm .h
[5.706s]   .hh .h++ .hm .hpp .hxx .in .txx .f .F .for .f77 .f90 .f95 .f03 .hip .ispc
[5.706s] 
[5.706s] [0m
[5.711s] [31mCMake Error at CMakeLists.txt:48 (add_executable):
[5.711s]   No SOURCES given to target: simulator
[5.711s] 
[5.711s] [0m
[5.711s] [0mCMake Generate step failed.  Build files cannot be regenerated correctly.[0m
[5.744s] Invoked command in '/home/ubuntu/Desktop/MultiRobotSimulator/v5/build/mrsim' returned '1': /usr/bin/cmake /home/ubuntu/Desktop/MultiRobotSimulator/v5/src/mrsim -DCATKIN_INSTALL_INTO_PREFIX_ROOT=0 -DCATKIN_SYMLINK_INSTALL=ON -DCMAKE_INSTALL_PREFIX=/home/ubuntu/Desktop/MultiRobotSimulator/v5/install/mrsim
