[0.024s] Invoking command in '/home/ubuntu/Desktop/MultiRobotSimulator/v5/build/mrsim': CMAKE_PREFIX_PATH=/opt/ros/humble /usr/bin/cmake --build /home/ubuntu/Desktop/MultiRobotSimulator/v5/build/mrsim -- -j8 -l8
[0.678s] [35m[1mConsolidate compiler generated dependencies of target simulator[0m
[0.879s] [ 20%] [32mBuilding CXX object CMakeFiles/simulator.dir/src/arm.cpp.o[0m
[0.880s] [ 20%] [32mBuilding CXX object CMakeFiles/simulator.dir/src/utils.cpp.o[0m
[0.881s] [ 30%] [32mBuilding CXX object CMakeFiles/simulator.dir/src/simulator.cpp.o[0m
[0.883s] [ 40%] [32mBuilding CXX object CMakeFiles/simulator.dir/src/freeflying.cpp.o[0m
[0.906s] [ 50%] [32mBuilding CXX object CMakeFiles/simulator.dir/src/car.cpp.o[0m
[0.910s] [ 60%] [32mBuilding CXX object CMakeFiles/simulator.dir/src/ros_bridge.cpp.o[0m
[0.917s] [ 70%] [32mBuilding CXX object CMakeFiles/simulator.dir/src/object.cpp.o[0m
[44.105s] [01m[K/home/ubuntu/Desktop/MultiRobotSimulator/v5/src/mrsim/src/utils.cpp:[m[K In function ‘[01m[Kbool saveMatchResult(const string&, const PlayerInfo&, double)[m[K’:
[44.129s] [01m[K/home/ubuntu/Desktop/MultiRobotSimulator/v5/src/mrsim/src/utils.cpp:135:80:[m[K [01;31m[Kerror: [m[Kexpected primary-expression before ‘[01m[K)[m[K’ token
[44.138s]   135 |         max_match_id = std::max(max_match_id, matches[i].get("id", 0).asUInt(),[01;31m[K)[m[K;
[44.139s]       |                                                                                [01;31m[K^[m[K
[55.998s] gmake[2]: *** [CMakeFiles/simulator.dir/build.make:90: CMakeFiles/simulator.dir/src/utils.cpp.o] Error 1
[56.014s] gmake[2]: *** Waiting for unfinished jobs....
[84.946s] [01m[K/home/ubuntu/Desktop/MultiRobotSimulator/v5/src/mrsim/src/simulator.cpp:[m[K In function ‘[01m[Kint main(int, char**)[m[K’:
[84.952s] [01m[K/home/ubuntu/Desktop/MultiRobotSimulator/v5/src/mrsim/src/simulator.cpp:288:117:[m[K [01;31m[Kerror: [m[Kinvalid operands of types ‘[01m[Kconst char*[m[K’ and ‘[01m[Kconst char [6][m[K’ to binary ‘[01m[Koperator+[m[K’
[84.952s]   288 |     const string jsonFilePath = [32m[K"/home/ubuntu/Desktop/MultiRobotSimulator/v5/src/mrsim/configs/"+ player.fav_level[m[K  [01;31m[K+[m[K[34m[K".json"[m[K
[84.955s]       |                                 [32m[K~~~~~~~~~~~~~~~~~~~~~~~~~~~~~~~~~~~~~~~~~~~~~~~~~~~~~~~~~~~~~~~~~~~~~~~~~~~~~~~~~~[m[K  [01;31m[K^[m[K[34m[K~~~~~~~[m[K
[84.956s]       |                                                                                                 [32m[K|[m[K                    [34m[K|[m[K
[84.956s]       |                                                                                                 [32m[Kconst char*[m[K          [34m[Kconst char [6][m[K
[90.777s] gmake[2]: *** [CMakeFiles/simulator.dir/build.make:76: CMakeFiles/simulator.dir/src/simulator.cpp.o] Error 1
[97.621s] gmake[2]: *** [CMakeFiles/simulator.dir/build.make:188: CMakeFiles/simulator.dir/src/ros_bridge.cpp.o] Interrupt
[97.633s] gmake[1]: *** [CMakeFiles/Makefile2:137: CMakeFiles/simulator.dir/all] Interrupt
[97.637s] gmake: *** [Makefile:146: all] Interrupt
[100.014s] Invoked command in '/home/ubuntu/Desktop/MultiRobotSimulator/v5/build/mrsim' returned '-2': CMAKE_PREFIX_PATH=/opt/ros/humble /usr/bin/cmake --build /home/ubuntu/Desktop/MultiRobotSimulator/v5/build/mrsim -- -j8 -l8
