[0.062s] Invoking command in '/home/ubuntu/Desktop/MultiRobotSimulator/v5/build/mrsim': CMAKE_PREFIX_PATH=/opt/ros/humble /usr/bin/cmake --build /home/ubuntu/Desktop/MultiRobotSimulator/v5/build/mrsim -- -j8 -l8
[0.338s] [35m[1mConsolidate compiler generated dependencies of target simulator[0m
[0.650s] [100%] Built target simulator
[0.675s] Invoked command in '/home/ubuntu/Desktop/MultiRobotSimulator/v5/build/mrsim' returned '0': CMAKE_PREFIX_PATH=/opt/ros/humble /usr/bin/cmake --build /home/ubuntu/Desktop/MultiRobotSimulator/v5/build/mrsim -- -j8 -l8
[0.692s] Invoking command in '/home/ubuntu/Desktop/MultiRobotSimulator/v5/build/mrsim': CMAKE_PREFIX_PATH=/opt/ros/humble /usr/bin/cmake --install /home/ubuntu/Desktop/MultiRobotSimulator/v5/build/mrsim
[0.702s] -- Install configuration: "Release"
[0.703s] -- Execute custom install script
[0.703s] -- Up-to-date symlink: /home/ubuntu/Desktop/MultiRobotSimulator/v5/install/mrsim/lib/mrsim/simulator
[0.703s] -- Up-to-date symlink: /home/ubuntu/Desktop/MultiRobotSimulator/v5/install/mrsim/share/ament_index/resource_index/package_run_dependencies/mrsim
[0.704s] -- Up-to-date symlink: /home/ubuntu/Desktop/MultiRobotSimulator/v5/install/mrsim/share/ament_index/resource_index/parent_prefix_path/mrsim
[0.704s] -- Up-to-date symlink: /home/ubuntu/Desktop/MultiRobotSimulator/v5/install/mrsim/share/mrsim/environment/ament_prefix_path.sh
[0.704s] -- Up-to-date symlink: /home/ubuntu/Desktop/MultiRobotSimulator/v5/install/mrsim/share/mrsim/environment/ament_prefix_path.dsv
[0.704s] -- Up-to-date symlink: /home/ubuntu/Desktop/MultiRobotSimulator/v5/install/mrsim/share/mrsim/environment/path.sh
[0.705s] -- Up-to-date symlink: /home/ubuntu/Desktop/MultiRobotSimulator/v5/install/mrsim/share/mrsim/environment/path.dsv
[0.705s] -- Up-to-date symlink: /home/ubuntu/Desktop/MultiRobotSimulator/v5/install/mrsim/share/mrsim/local_setup.bash
[0.705s] -- Up-to-date symlink: /home/ubuntu/Desktop/MultiRobotSimulator/v5/install/mrsim/share/mrsim/local_setup.sh
[0.705s] -- Up-to-date symlink: /home/ubuntu/Desktop/MultiRobotSimulator/v5/install/mrsim/share/mrsim/local_setup.zsh
[0.705s] -- Up-to-date symlink: /home/ubuntu/Desktop/MultiRobotSimulator/v5/install/mrsim/share/mrsim/local_setup.dsv
[0.705s] -- Symlinking: /home/ubuntu/Desktop/MultiRobotSimulator/v5/install/mrsim/share/mrsim/package.dsv
[0.725s] -- Up-to-date symlink: /home/ubuntu/Desktop/MultiRobotSimulator/v5/install/mrsim/share/ament_index/resource_index/packages/mrsim
[0.725s] -- Up-to-date symlink: /home/ubuntu/Desktop/MultiRobotSimulator/v5/install/mrsim/share/mrsim/cmake/mrsimConfig.cmake
[0.726s] -- Up-to-date symlink: /home/ubuntu/Desktop/MultiRobotSimulator/v5/install/mrsim/share/mrsim/cmake/mrsimConfig-version.cmake
[0.727s] -- Up-to-date symlink: /home/ubuntu/Desktop/MultiRobotSimulator/v5/install/mrsim/share/mrsim/package.xml
[0.731s] Invoked command in '/home/ubuntu/Desktop/MultiRobotSimulator/v5/build/mrsim' returned '0': CMAKE_PREFIX_PATH=/opt/ros/humble /usr/bin/cmake --install /home/ubuntu/Desktop/MultiRobotSimulator/v5/build/mrsim
