[0.013s] Invoking command in '/home/ubuntu/Desktop/MultiRobotSimulator/v5/build/mrsim': /usr/bin/cmake /home/ubuntu/Desktop/MultiRobotSimulator/v5/src/mrsim -DAMENT_CMAKE_SYMLINK_INSTALL=1 -DCMAKE_INSTALL_PREFIX=/home/ubuntu/Desktop/MultiRobotSimulator/v5/install/mrsim
[0.060s] [31mCMake Error at CMakeLists.txt:16 (find_package):
[0.060s]   By not providing "Findament_cmake.cmake" in CMAKE_MODULE_PATH this project
[0.061s]   has asked CMake to find a package configuration file provided by
[0.061s]   "ament_cmake", but CMake did not find one.
[0.061s] 
[0.061s]   Could not find a package configuration file provided by "ament_cmake" with
[0.061s]   any of the following names:
[0.061s] 
[0.061s]     ament_cmakeConfig.cmake
[0.061s]     ament_cmake-config.cmake
[0.061s] 
[0.061s]   Add the installation prefix of "ament_cmake" to CMAKE_PREFIX_PATH or set
[0.061s]   "ament_cmake_DIR" to a directory containing one of the above files.  If
[0.061s]   "ament_cmake" provides a separate development package or SDK, be sure it
[0.061s]   has been installed.
[0.061s] 
[0.061s] [0m
[0.061s] -- Configuring incomplete, errors occurred!
[0.061s] See also "/home/ubuntu/Desktop/MultiRobotSimulator/v5/build/mrsim/CMakeFiles/CMakeOutput.log".
[0.072s] Invoked command in '/home/ubuntu/Desktop/MultiRobotSimulator/v5/build/mrsim' returned '1': /usr/bin/cmake /home/ubuntu/Desktop/MultiRobotSimulator/v5/src/mrsim -DAMENT_CMAKE_SYMLINK_INSTALL=1 -DCMAKE_INSTALL_PREFIX=/home/ubuntu/Desktop/MultiRobotSimulator/v5/install/mrsim
