In file included from [01m[K/home/ubuntu/Desktop/MultiRobotSimulator/v5/src/mrsim/src/freeflying.cpp:5[m[K:
[01m[K/home/ubuntu/Desktop/MultiRobotSimulator/v5/src/mrsim/include/mrsim/car.h:3:10:[m[K [01;31m[Kfatal error: [m[Karm.h: No such file or directory
    3 | #include [01;31m[K"arm.h"[m[K
      |          [01;31m[K^~~~~~~[m[K
compilation terminated.
gmake[2]: *** [CMakeFiles/simulator.dir/build.make:104: CMakeFiles/simulator.dir/src/freeflying.cpp.o] Error 1
gmake[2]: *** Waiting for unfinished jobs....
In file included from [01m[K/home/ubuntu/Desktop/MultiRobotSimulator/v5/src/mrsim/src/car.cpp:4[m[K:
[01m[K/home/ubuntu/Desktop/MultiRobotSimulator/v5/src/mrsim/include/mrsim/car.h:3:10:[m[K [01;31m[Kfatal error: [m[Karm.h: No such file or directory
    3 | #include [01;31m[K"arm.h"[m[K
      |          [01;31m[K^~~~~~~[m[K
compilation terminated.
gmake[2]: *** [CMakeFiles/simulator.dir/build.make:132: CMakeFiles/simulator.dir/src/car.cpp.o] Error 1
[01m[K/home/ubuntu/Desktop/MultiRobotSimulator/v5/src/mrsim/src/arm.cpp:6:10:[m[K [01;31m[Kfatal error: [m[Kmrsim/arm.h: No such file or directory
    6 | #include [01;31m[K"mrsim/arm.h"[m[K
      |          [01;31m[K^~~~~~~~~~~~~[m[K
compilation terminated.
gmake[2]: *** [CMakeFiles/simulator.dir/build.make:146: CMakeFiles/simulator.dir/src/arm.cpp.o] Error 1
In file included from [01m[K/home/ubuntu/Desktop/MultiRobotSimulator/v5/src/mrsim/src/simulator.cpp:10[m[K:
[01m[K/home/ubuntu/Desktop/MultiRobotSimulator/v5/src/mrsim/include/mrsim/ros_bridge.h:9:10:[m[K [01;31m[Kfatal error: [m[Karm.h: No such file or directory
    9 | #include [01;31m[K"arm.h"[m[K
      |          [01;31m[K^~~~~~~[m[K
compilation terminated.
gmake[2]: *** [CMakeFiles/simulator.dir/build.make:76: CMakeFiles/simulator.dir/src/simulator.cpp.o] Error 1
In file included from [01m[K/home/ubuntu/Desktop/MultiRobotSimulator/v5/src/mrsim/src/ros_bridge.cpp:1[m[K:
[01m[K/home/ubuntu/Desktop/MultiRobotSimulator/v5/src/mrsim/include/mrsim/ros_bridge.h:9:10:[m[K [01;31m[Kfatal error: [m[Karm.h: No such file or directory
    9 | #include [01;31m[K"arm.h"[m[K
      |          [01;31m[K^~~~~~~[m[K
compilation terminated.
gmake[2]: *** [CMakeFiles/simulator.dir/build.make:174: CMakeFiles/simulator.dir/src/ros_bridge.cpp.o] Error 1
gmake[1]: *** [CMakeFiles/Makefile2:137: CMakeFiles/simulator.dir/all] Error 2
gmake: *** [Makefile:146: all] Error 2
