[0.015s] Invoking command in '/home/ubuntu/Desktop/MultiRobotSimulator/v5/build/mrsim': /usr/bin/cmake /home/ubuntu/Desktop/MultiRobotSimulator/v5/src/mrsim -DCATKIN_INSTALL_INTO_PREFIX_ROOT=0 -DCATKIN_SYMLINK_INSTALL=ON -DCMAKE_INSTALL_PREFIX=/home/ubuntu/Desktop/MultiRobotSimulator/v5/install/mrsim
[0.056s] -- Found ament_cmake: 1.3.12 (/opt/ros/humble/share/ament_cmake/cmake)
[0.221s] -- Found rclcpp: 16.0.14 (/opt/ros/humble/share/rclcpp/cmake)
[0.266s] -- Found rosidl_generator_c: 3.1.7 (/opt/ros/humble/share/rosidl_generator_c/cmake)
[0.269s] -- Found rosidl_adapter: 3.1.7 (/opt/ros/humble/share/rosidl_adapter/cmake)
[0.277s] -- Found rosidl_generator_cpp: 3.1.7 (/opt/ros/humble/share/rosidl_generator_cpp/cmake)
[0.289s] -- Using all available rosidl_typesupport_c: rosidl_typesupport_fastrtps_c;rosidl_typesupport_introspection_c
[0.304s] -- Using all available rosidl_typesupport_cpp: rosidl_typesupport_fastrtps_cpp;rosidl_typesupport_introspection_cpp
[0.351s] -- Found rmw_implementation_cmake: 6.1.2 (/opt/ros/humble/share/rmw_implementation_cmake/cmake)
[0.353s] -- Found rmw_fastrtps_cpp: 6.2.8 (/opt/ros/humble/share/rmw_fastrtps_cpp/cmake)
[0.550s] -- Using RMW implementation 'rmw_fastrtps_cpp' as default
[0.615s] -- Found geometry_msgs: 4.9.0 (/opt/ros/humble/share/geometry_msgs/cmake)
[0.634s] -- Found sensor_msgs: 4.9.0 (/opt/ros/humble/share/sensor_msgs/cmake)
[0.656s] -- Found tf2: 0.25.15 (/opt/ros/humble/share/tf2/cmake)
[0.661s] -- Found tf2_ros: 0.25.15 (/opt/ros/humble/share/tf2_ros/cmake)
[0.790s] -- Eigen3 found: /usr/include/eigen3
[0.887s] -- Configuring done
[0.929s] -- Generating done
[0.942s] -- Build files have been written to: /home/ubuntu/Desktop/MultiRobotSimulator/v5/build/mrsim
[0.956s] Invoked command in '/home/ubuntu/Desktop/MultiRobotSimulator/v5/build/mrsim' returned '0': /usr/bin/cmake /home/ubuntu/Desktop/MultiRobotSimulator/v5/src/mrsim -DCATKIN_INSTALL_INTO_PREFIX_ROOT=0 -DCATKIN_SYMLINK_INSTALL=ON -DCMAKE_INSTALL_PREFIX=/home/ubuntu/Desktop/MultiRobotSimulator/v5/install/mrsim
[0.960s] Invoking command in '/home/ubuntu/Desktop/MultiRobotSimulator/v5/build/mrsim': /usr/bin/cmake --build /home/ubuntu/Desktop/MultiRobotSimulator/v5/build/mrsim -- -j8 -l8
[1.050s] [ 11%] [32mBuilding CXX object CMakeFiles/simulator.dir/src/freeflying.cpp.o[0m
[1.053s] [ 22%] [32mBuilding CXX object CMakeFiles/simulator.dir/src/lidar.cpp.o[0m
[1.054s] [ 33%] [32mBuilding CXX object CMakeFiles/simulator.dir/src/simulator.cpp.o[0m
[1.060s] [ 44%] [32mBuilding CXX object CMakeFiles/simulator.dir/src/world.cpp.o[0m
[1.066s] [ 55%] [32mBuilding CXX object CMakeFiles/simulator.dir/src/arm.cpp.o[0m
[1.077s] [ 66%] [32mBuilding CXX object CMakeFiles/simulator.dir/src/car.cpp.o[0m
[1.087s] [ 77%] [32mBuilding CXX object CMakeFiles/simulator.dir/src/object.cpp.o[0m
[1.088s] [ 88%] [32mBuilding CXX object CMakeFiles/simulator.dir/src/ros_bridge.cpp.o[0m
[2.109s] In file included from [01m[K/home/ubuntu/Desktop/MultiRobotSimulator/v5/src/mrsim/src/freeflying.cpp:5[m[K:
[2.112s] [01m[K/home/ubuntu/Desktop/MultiRobotSimulator/v5/src/mrsim/include/mrsim/car.h:3:10:[m[K [01;31m[Kfatal error: [m[Karm.h: No such file or directory
[2.112s]     3 | #include [01;31m[K"arm.h"[m[K
[2.113s]       |          [01;31m[K^~~~~~~[m[K
[2.113s] compilation terminated.
[2.150s] gmake[2]: *** [CMakeFiles/simulator.dir/build.make:104: CMakeFiles/simulator.dir/src/freeflying.cpp.o] Error 1
[2.154s] gmake[2]: *** Waiting for unfinished jobs....
[2.188s] In file included from [01m[K/home/ubuntu/Desktop/MultiRobotSimulator/v5/src/mrsim/src/car.cpp:4[m[K:
[2.188s] [01m[K/home/ubuntu/Desktop/MultiRobotSimulator/v5/src/mrsim/include/mrsim/car.h:3:10:[m[K [01;31m[Kfatal error: [m[Karm.h: No such file or directory
[2.189s]     3 | #include [01;31m[K"arm.h"[m[K
[2.189s]       |          [01;31m[K^~~~~~~[m[K
[2.189s] compilation terminated.
[2.210s] gmake[2]: *** [CMakeFiles/simulator.dir/build.make:132: CMakeFiles/simulator.dir/src/car.cpp.o] Error 1
[2.283s] [01m[K/home/ubuntu/Desktop/MultiRobotSimulator/v5/src/mrsim/src/arm.cpp:6:10:[m[K [01;31m[Kfatal error: [m[Kmrsim/arm.h: No such file or directory
[2.284s]     6 | #include [01;31m[K"mrsim/arm.h"[m[K
[2.284s]       |          [01;31m[K^~~~~~~~~~~~~[m[K
[2.284s] compilation terminated.
[2.304s] gmake[2]: *** [CMakeFiles/simulator.dir/build.make:146: CMakeFiles/simulator.dir/src/arm.cpp.o] Error 1
[2.763s] In file included from [01m[K/home/ubuntu/Desktop/MultiRobotSimulator/v5/src/mrsim/src/simulator.cpp:10[m[K:
[2.764s] [01m[K/home/ubuntu/Desktop/MultiRobotSimulator/v5/src/mrsim/include/mrsim/ros_bridge.h:9:10:[m[K [01;31m[Kfatal error: [m[Karm.h: No such file or directory
[2.764s]     9 | #include [01;31m[K"arm.h"[m[K
[2.764s]       |          [01;31m[K^~~~~~~[m[K
[2.765s] compilation terminated.
[2.786s] gmake[2]: *** [CMakeFiles/simulator.dir/build.make:76: CMakeFiles/simulator.dir/src/simulator.cpp.o] Error 1
[2.862s] In file included from [01m[K/home/ubuntu/Desktop/MultiRobotSimulator/v5/src/mrsim/src/ros_bridge.cpp:1[m[K:
[2.863s] [01m[K/home/ubuntu/Desktop/MultiRobotSimulator/v5/src/mrsim/include/mrsim/ros_bridge.h:9:10:[m[K [01;31m[Kfatal error: [m[Karm.h: No such file or directory
[2.863s]     9 | #include [01;31m[K"arm.h"[m[K
[2.863s]       |          [01;31m[K^~~~~~~[m[K
[2.863s] compilation terminated.
[2.889s] gmake[2]: *** [CMakeFiles/simulator.dir/build.make:174: CMakeFiles/simulator.dir/src/ros_bridge.cpp.o] Error 1
[6.963s] gmake[1]: *** [CMakeFiles/Makefile2:137: CMakeFiles/simulator.dir/all] Error 2
[6.964s] gmake: *** [Makefile:146: all] Error 2
[7.005s] Invoked command in '/home/ubuntu/Desktop/MultiRobotSimulator/v5/build/mrsim' returned '2': /usr/bin/cmake --build /home/ubuntu/Desktop/MultiRobotSimulator/v5/build/mrsim -- -j8 -l8
