[0.040s] Invoking command in '/home/ubuntu/Desktop/MultiRobotSimulator/v5/build/mrsim': /usr/bin/cmake --build /home/ubuntu/Desktop/MultiRobotSimulator/v5/build/mrsim -- -j8 -l8
[0.342s] [35m[1mConsolidate compiler generated dependencies of target simulator[0m
[0.517s] [ 11%] [32mBuilding CXX object CMakeFiles/simulator.dir/src/simulator.cpp.o[0m
[44.514s] In file included from [01m[K/home/ubuntu/Desktop/MultiRobotSimulator/v5/src/mrsim/include/mrsim/object.h:4[m[K,
[44.516s]                  from [01m[K/home/ubuntu/Desktop/MultiRobotSimulator/v5/src/mrsim/include/mrsim/arm.h:4[m[K,
[44.517s]                  from [01m[K/home/ubuntu/Desktop/MultiRobotSimulator/v5/src/mrsim/include/mrsim/ros_bridge.h:9[m[K,
[44.518s]                  from [01m[K/home/ubuntu/Desktop/MultiRobotSimulator/v5/src/mrsim/src/simulator.cpp:10[m[K:
[44.519s] [01m[K/home/ubuntu/Desktop/MultiRobotSimulator/v5/src/mrsim/include/mrsim/utils.h:[m[K In function ‘[01m[Kcv::Scalar generateSecondaryColor(Color)[m[K’:
[44.520s] [01m[K/home/ubuntu/Desktop/MultiRobotSimulator/v5/src/mrsim/include/mrsim/utils.h:27:12:[m[K [01;31m[Kerror: [m[Kcould not convert ‘[01m[KColor(b, g, r)[m[K’ from ‘[01m[KColor[m[K’ to ‘[01m[Kcv::Scalar[m[K’ {aka ‘[01m[Kcv::Scalar_<double>[m[K’}
[44.520s]    27 |     return [01;31m[KColor(b, g, r)[m[K;
[44.520s]       |            [01;31m[K^~~~~~~~~~~~~~[m[K
[44.521s]       |            [01;31m[K|[m[K
[44.524s]       |            [01;31m[KColor[m[K
[44.558s] In file included from [01m[K/home/ubuntu/Desktop/MultiRobotSimulator/v5/src/mrsim/include/mrsim/arm.h:4[m[K,
[44.559s]                  from [01m[K/home/ubuntu/Desktop/MultiRobotSimulator/v5/src/mrsim/include/mrsim/ros_bridge.h:9[m[K,
[44.560s]                  from [01m[K/home/ubuntu/Desktop/MultiRobotSimulator/v5/src/mrsim/src/simulator.cpp:10[m[K:
[44.560s] [01m[K/home/ubuntu/Desktop/MultiRobotSimulator/v5/src/mrsim/include/mrsim/object.h:[m[K At global scope:
[44.561s] [01m[K/home/ubuntu/Desktop/MultiRobotSimulator/v5/src/mrsim/include/mrsim/object.h:18:24:[m[K [01;31m[Kerror: [m[Kexpected identifier before numeric constant
[44.561s]    18 |     Color primaryColor([01;31m[K0[m[K,0,0); // Color for visualization
[44.562s]       |                        [01;31m[K^[m[K
[44.563s] [01m[K/home/ubuntu/Desktop/MultiRobotSimulator/v5/src/mrsim/include/mrsim/object.h:18:24:[m[K [01;31m[Kerror: [m[Kexpected ‘[01m[K,[m[K’ or ‘[01m[K...[m[K’ before numeric constant
[44.564s] [01m[K/home/ubuntu/Desktop/MultiRobotSimulator/v5/src/mrsim/include/mrsim/object.h:19:26:[m[K [01;31m[Kerror: [m[Kexpected identifier before numeric constant
[44.565s]    19 |     Color secondaryColor([01;31m[K0[m[K,0,0);
[44.566s]       |                          [01;31m[K^[m[K
[44.567s] [01m[K/home/ubuntu/Desktop/MultiRobotSimulator/v5/src/mrsim/include/mrsim/object.h:19:26:[m[K [01;31m[Kerror: [m[Kexpected ‘[01m[K,[m[K’ or ‘[01m[K...[m[K’ before numeric constant
[44.586s] [01m[K/home/ubuntu/Desktop/MultiRobotSimulator/v5/src/mrsim/include/mrsim/object.h:[m[K In constructor ‘[01m[KObject::Object(World*, const Pose&, const std::vector<Prehensile_Point>&, const std::vector<Point>&)[m[K’:
[44.586s] [01m[K/home/ubuntu/Desktop/MultiRobotSimulator/v5/src/mrsim/include/mrsim/object.h:28:13:[m[K [01;31m[Kerror: [m[Kinvalid use of member function ‘[01m[KColor Object::primaryColor(int)[m[K’ (did you forget the ‘[01m[K()[m[K’ ?)
[44.587s]    28 |             [01;31m[KprimaryColor[m[K = Color::generateRandomColor();
[44.587s]       |             [01;31m[K^~~~~~~~~~~~[m[K
[44.587s] [01m[K/home/ubuntu/Desktop/MultiRobotSimulator/v5/src/mrsim/include/mrsim/object.h:29:53:[m[K [01;31m[Kerror: [m[Kinvalid use of non-static member function ‘[01m[KColor Object::primaryColor(int)[m[K’
[44.587s]    29 |             secondaryColor = generateSecondaryColor([01;31m[KprimaryColor[m[K);
[44.587s]       |                                                     [01;31m[K^~~~~~~~~~~~[m[K
[44.588s] [01m[K/home/ubuntu/Desktop/MultiRobotSimulator/v5/src/mrsim/include/mrsim/object.h:18:11:[m[K [01;36m[Knote: [m[Kdeclared here
[44.588s]    18 |     Color [01;36m[KprimaryColor[m[K(0,0,0); // Color for visualization
[44.588s]       |           [01;36m[K^~~~~~~~~~~~[m[K
[67.163s] gmake[2]: *** [CMakeFiles/simulator.dir/build.make:76: CMakeFiles/simulator.dir/src/simulator.cpp.o] Error 1
[67.170s] gmake[1]: *** [CMakeFiles/Makefile2:137: CMakeFiles/simulator.dir/all] Error 2
[67.173s] gmake: *** [Makefile:146: all] Error 2
[67.280s] Invoked command in '/home/ubuntu/Desktop/MultiRobotSimulator/v5/build/mrsim' returned '2': /usr/bin/cmake --build /home/ubuntu/Desktop/MultiRobotSimulator/v5/build/mrsim -- -j8 -l8
