[0.073s] Invoking command in '/home/ubuntu/Desktop/MultiRobotSimulator/v5/build/mrsim': CMAKE_PREFIX_PATH=/opt/ros/humble /usr/bin/cmake --build /home/ubuntu/Desktop/MultiRobotSimulator/v5/build/mrsim -- -j8 -l8
[1.200s] [35m[1mConsolidate compiler generated dependencies of target simulator[0m
[1.414s] [100%] Built target simulator
[1.465s] Invoked command in '/home/ubuntu/Desktop/MultiRobotSimulator/v5/build/mrsim' returned '0': CMAKE_PREFIX_PATH=/opt/ros/humble /usr/bin/cmake --build /home/ubuntu/Desktop/MultiRobotSimulator/v5/build/mrsim -- -j8 -l8
[1.506s] Invoking command in '/home/ubuntu/Desktop/MultiRobotSimulator/v5/build/mrsim': CMAKE_PREFIX_PATH=/opt/ros/humble /usr/bin/cmake --install /home/ubuntu/Desktop/MultiRobotSimulator/v5/build/mrsim
[1.558s] -- Install configuration: "Release"
[1.565s] -- Execute custom install script
[1.567s] -- Up-to-date symlink: /home/ubuntu/Desktop/MultiRobotSimulator/v5/install/mrsim/lib/mrsim/simulator
[1.568s] -- Up-to-date symlink: /home/ubuntu/Desktop/MultiRobotSimulator/v5/install/mrsim/share/ament_index/resource_index/package_run_dependencies/mrsim
[1.571s] -- Up-to-date symlink: /home/ubuntu/Desktop/MultiRobotSimulator/v5/install/mrsim/share/ament_index/resource_index/parent_prefix_path/mrsim
[1.572s] -- Up-to-date symlink: /home/ubuntu/Desktop/MultiRobotSimulator/v5/install/mrsim/share/mrsim/environment/ament_prefix_path.sh
[1.574s] -- Up-to-date symlink: /home/ubuntu/Desktop/MultiRobotSimulator/v5/install/mrsim/share/mrsim/environment/ament_prefix_path.dsv
[1.575s] -- Up-to-date symlink: /home/ubuntu/Desktop/MultiRobotSimulator/v5/install/mrsim/share/mrsim/environment/path.sh
[1.576s] -- Up-to-date symlink: /home/ubuntu/Desktop/MultiRobotSimulator/v5/install/mrsim/share/mrsim/environment/path.dsv
[1.581s] -- Up-to-date symlink: /home/ubuntu/Desktop/MultiRobotSimulator/v5/install/mrsim/share/mrsim/local_setup.bash
[1.585s] -- Up-to-date symlink: /home/ubuntu/Desktop/MultiRobotSimulator/v5/install/mrsim/share/mrsim/local_setup.sh
[1.587s] -- Up-to-date symlink: /home/ubuntu/Desktop/MultiRobotSimulator/v5/install/mrsim/share/mrsim/local_setup.zsh
[1.591s] -- Up-to-date symlink: /home/ubuntu/Desktop/MultiRobotSimulator/v5/install/mrsim/share/mrsim/local_setup.dsv
[1.591s] -- Symlinking: /home/ubuntu/Desktop/MultiRobotSimulator/v5/install/mrsim/share/mrsim/package.dsv
[1.659s] -- Up-to-date symlink: /home/ubuntu/Desktop/MultiRobotSimulator/v5/install/mrsim/share/ament_index/resource_index/packages/mrsim
[1.660s] -- Up-to-date symlink: /home/ubuntu/Desktop/MultiRobotSimulator/v5/install/mrsim/share/mrsim/cmake/mrsimConfig.cmake
[1.662s] -- Up-to-date symlink: /home/ubuntu/Desktop/MultiRobotSimulator/v5/install/mrsim/share/mrsim/cmake/mrsimConfig-version.cmake
[1.664s] -- Up-to-date symlink: /home/ubuntu/Desktop/MultiRobotSimulator/v5/install/mrsim/share/mrsim/package.xml
[1.685s] Invoked command in '/home/ubuntu/Desktop/MultiRobotSimulator/v5/build/mrsim' returned '0': CMAKE_PREFIX_PATH=/opt/ros/humble /usr/bin/cmake --install /home/ubuntu/Desktop/MultiRobotSimulator/v5/build/mrsim
