[0.303s] DEBUG:colcon:Command line arguments: ['/usr/bin/colcon', 'build', '--symlink-install', '--packages-select', 'mrsim']
[0.304s] DEBUG:colcon:Parsed command line arguments: Namespace(log_base=None, log_level=None, verb_name='build', build_base='build', install_base='install', merge_install=False, symlink_install=True, test_result_base=None, continue_on_error=False, executor='parallel', parallel_workers=8, event_handlers=None, ignore_user_meta=False, metas=['./colcon.meta'], base_paths=['.'], packages_ignore=None, packages_ignore_regex=None, paths=None, packages_up_to=None, packages_up_to_regex=None, packages_above=None, packages_above_and_dependencies=None, packages_above_depth=None, packages_select_by_dep=None, packages_skip_by_dep=None, packages_skip_up_to=None, packages_select_build_failed=False, packages_skip_build_finished=False, packages_select_test_failures=False, packages_skip_test_passed=False, packages_select=['mrsim'], packages_skip=None, packages_select_regex=None, packages_skip_regex=None, packages_start=None, packages_end=None, allow_overriding=[], cmake_args=None, cmake_target=None, cmake_target_skip_unavailable=False, cmake_clean_cache=False, cmake_clean_first=False, cmake_force_configure=False, ament_cmake_args=None, catkin_cmake_args=None, catkin_skip_building_tests=False, verb_parser=<colcon_defaults.argument_parser.defaults.DefaultArgumentsDecorator object at 0xffff9af675b0>, verb_extension=<colcon_core.verb.build.BuildVerb object at 0xffff9af67160>, main=<bound method BuildVerb.main of <colcon_core.verb.build.BuildVerb object at 0xffff9af67160>>)
[0.706s] Level 1:colcon.colcon_core.package_discovery:discover_packages(colcon_meta) check parameters
[0.706s] Level 1:colcon.colcon_core.package_discovery:discover_packages(recursive) check parameters
[0.706s] Level 1:colcon.colcon_core.package_discovery:discover_packages(ignore) check parameters
[0.706s] Level 1:colcon.colcon_core.package_discovery:discover_packages(path) check parameters
[0.707s] Level 1:colcon.colcon_core.package_discovery:discover_packages(colcon_meta) discover
[0.707s] Level 1:colcon.colcon_core.package_discovery:discover_packages(recursive) discover
[0.707s] INFO:colcon.colcon_core.package_discovery:Crawling recursively for packages in '/home/ubuntu/Desktop/MultiRobotSimulator/v5'
[0.707s] Level 1:colcon.colcon_core.package_identification:_identify(.) by extensions ['ignore', 'ignore_ament_install']
[0.708s] Level 1:colcon.colcon_core.package_identification:_identify(.) by extension 'ignore'
[0.708s] Level 1:colcon.colcon_core.package_identification:_identify(.) by extension 'ignore_ament_install'
[0.708s] Level 1:colcon.colcon_core.package_identification:_identify(.) by extensions ['colcon_pkg']
[0.708s] Level 1:colcon.colcon_core.package_identification:_identify(.) by extension 'colcon_pkg'
[0.709s] Level 1:colcon.colcon_core.package_identification:_identify(.) by extensions ['colcon_meta']
[0.709s] Level 1:colcon.colcon_core.package_identification:_identify(.) by extension 'colcon_meta'
[0.709s] Level 1:colcon.colcon_core.package_identification:_identify(.) by extensions ['ros']
[0.710s] Level 1:colcon.colcon_core.package_identification:_identify(.) by extension 'ros'
[0.744s] Level 1:colcon.colcon_core.package_identification:_identify(.) by extensions ['cmake', 'python']
[0.744s] Level 1:colcon.colcon_core.package_identification:_identify(.) by extension 'cmake'
[0.745s] Level 1:colcon.colcon_core.package_identification:_identify(.) by extension 'python'
[0.745s] Level 1:colcon.colcon_core.package_identification:_identify(.) by extensions ['python_setup_py']
[0.745s] Level 1:colcon.colcon_core.package_identification:_identify(.) by extension 'python_setup_py'
[0.749s] Level 1:colcon.colcon_core.package_identification:_identify(build) by extensions ['ignore', 'ignore_ament_install']
[0.750s] Level 1:colcon.colcon_core.package_identification:_identify(build) by extension 'ignore'
[0.750s] Level 1:colcon.colcon_core.package_identification:_identify(build) ignored
[0.750s] Level 1:colcon.colcon_core.package_identification:_identify(install) by extensions ['ignore', 'ignore_ament_install']
[0.752s] Level 1:colcon.colcon_core.package_identification:_identify(install) by extension 'ignore'
[0.752s] Level 1:colcon.colcon_core.package_identification:_identify(install) ignored
[0.753s] Level 1:colcon.colcon_core.package_identification:_identify(log) by extensions ['ignore', 'ignore_ament_install']
[0.753s] Level 1:colcon.colcon_core.package_identification:_identify(log) by extension 'ignore'
[0.753s] Level 1:colcon.colcon_core.package_identification:_identify(log) ignored
[0.754s] Level 1:colcon.colcon_core.package_identification:_identify(src) by extensions ['ignore', 'ignore_ament_install']
[0.754s] Level 1:colcon.colcon_core.package_identification:_identify(src) by extension 'ignore'
[0.754s] Level 1:colcon.colcon_core.package_identification:_identify(src) by extension 'ignore_ament_install'
[0.754s] Level 1:colcon.colcon_core.package_identification:_identify(src) by extensions ['colcon_pkg']
[0.754s] Level 1:colcon.colcon_core.package_identification:_identify(src) by extension 'colcon_pkg'
[0.755s] Level 1:colcon.colcon_core.package_identification:_identify(src) by extensions ['colcon_meta']
[0.755s] Level 1:colcon.colcon_core.package_identification:_identify(src) by extension 'colcon_meta'
[0.755s] Level 1:colcon.colcon_core.package_identification:_identify(src) by extensions ['ros']
[0.755s] Level 1:colcon.colcon_core.package_identification:_identify(src) by extension 'ros'
[0.755s] Level 1:colcon.colcon_core.package_identification:_identify(src) by extensions ['cmake', 'python']
[0.755s] Level 1:colcon.colcon_core.package_identification:_identify(src) by extension 'cmake'
[0.755s] Level 1:colcon.colcon_core.package_identification:_identify(src) by extension 'python'
[0.756s] Level 1:colcon.colcon_core.package_identification:_identify(src) by extensions ['python_setup_py']
[0.756s] Level 1:colcon.colcon_core.package_identification:_identify(src) by extension 'python_setup_py'
[0.756s] Level 1:colcon.colcon_core.package_identification:_identify(src/mrsim) by extensions ['ignore', 'ignore_ament_install']
[0.756s] Level 1:colcon.colcon_core.package_identification:_identify(src/mrsim) by extension 'ignore'
[0.756s] Level 1:colcon.colcon_core.package_identification:_identify(src/mrsim) by extension 'ignore_ament_install'
[0.756s] Level 1:colcon.colcon_core.package_identification:_identify(src/mrsim) by extensions ['colcon_pkg']
[0.756s] Level 1:colcon.colcon_core.package_identification:_identify(src/mrsim) by extension 'colcon_pkg'
[0.757s] Level 1:colcon.colcon_core.package_identification:_identify(src/mrsim) by extensions ['colcon_meta']
[0.757s] Level 1:colcon.colcon_core.package_identification:_identify(src/mrsim) by extension 'colcon_meta'
[0.757s] Level 1:colcon.colcon_core.package_identification:_identify(src/mrsim) by extensions ['ros']
[0.757s] Level 1:colcon.colcon_core.package_identification:_identify(src/mrsim) by extension 'ros'
[0.762s] DEBUG:colcon.colcon_core.package_identification:Package 'src/mrsim' with type 'ros.ament_cmake' and name 'mrsim'
[0.762s] Level 1:colcon.colcon_core.package_discovery:discover_packages(recursive) using defaults
[0.762s] Level 1:colcon.colcon_core.package_discovery:discover_packages(ignore) discover
[0.762s] Level 1:colcon.colcon_core.package_discovery:discover_packages(ignore) using defaults
[0.762s] Level 1:colcon.colcon_core.package_discovery:discover_packages(path) discover
[0.762s] Level 1:colcon.colcon_core.package_discovery:discover_packages(path) using defaults
[0.813s] Level 1:colcon.colcon_core.package_discovery:discover_packages(prefix_path) check parameters
[0.813s] Level 1:colcon.colcon_core.package_discovery:discover_packages(prefix_path) discover
[0.817s] DEBUG:colcon.colcon_installed_package_information.package_discovery:Found 271 installed packages in /opt/ros/humble
[0.857s] Level 1:colcon.colcon_core.package_discovery:discover_packages(prefix_path) using defaults
[1.103s] Level 5:colcon.colcon_core.verb:set package 'mrsim' build argument 'cmake_args' from command line to 'None'
[1.103s] Level 5:colcon.colcon_core.verb:set package 'mrsim' build argument 'cmake_target' from command line to 'None'
[1.104s] Level 5:colcon.colcon_core.verb:set package 'mrsim' build argument 'cmake_target_skip_unavailable' from command line to 'False'
[1.104s] Level 5:colcon.colcon_core.verb:set package 'mrsim' build argument 'cmake_clean_cache' from command line to 'False'
[1.104s] Level 5:colcon.colcon_core.verb:set package 'mrsim' build argument 'cmake_clean_first' from command line to 'False'
[1.104s] Level 5:colcon.colcon_core.verb:set package 'mrsim' build argument 'cmake_force_configure' from command line to 'False'
[1.104s] Level 5:colcon.colcon_core.verb:set package 'mrsim' build argument 'ament_cmake_args' from command line to 'None'
[1.104s] Level 5:colcon.colcon_core.verb:set package 'mrsim' build argument 'catkin_cmake_args' from command line to 'None'
[1.105s] Level 5:colcon.colcon_core.verb:set package 'mrsim' build argument 'catkin_skip_building_tests' from command line to 'False'
[1.105s] DEBUG:colcon.colcon_core.verb:Building package 'mrsim' with the following arguments: {'ament_cmake_args': None, 'build_base': '/home/ubuntu/Desktop/MultiRobotSimulator/v5/build/mrsim', 'catkin_cmake_args': None, 'catkin_skip_building_tests': False, 'cmake_args': None, 'cmake_clean_cache': False, 'cmake_clean_first': False, 'cmake_force_configure': False, 'cmake_target': None, 'cmake_target_skip_unavailable': False, 'install_base': '/home/ubuntu/Desktop/MultiRobotSimulator/v5/install/mrsim', 'merge_install': False, 'path': '/home/ubuntu/Desktop/MultiRobotSimulator/v5/src/mrsim', 'symlink_install': True, 'test_result_base': None}
[1.107s] INFO:colcon.colcon_core.executor:Executing jobs using 'parallel' executor
[1.135s] DEBUG:colcon.colcon_parallel_executor.executor.parallel:run_until_complete
[1.136s] INFO:colcon.colcon_ros.task.ament_cmake.build:Building ROS package in '/home/ubuntu/Desktop/MultiRobotSimulator/v5/src/mrsim' with build type 'ament_cmake'
[1.136s] INFO:colcon.colcon_cmake.task.cmake.build:Building CMake package in '/home/ubuntu/Desktop/MultiRobotSimulator/v5/src/mrsim'
[1.139s] INFO:colcon.colcon_core.plugin_system:Skipping extension 'colcon_core.shell.bat': Not used on non-Windows systems
[1.139s] INFO:colcon.colcon_core.shell:Skip shell extension 'powershell' for command environment: Not usable outside of PowerShell
[1.139s] DEBUG:colcon.colcon_core.shell:Skip shell extension 'dsv' for command environment
[1.305s] DEBUG:colcon.colcon_core.event_handler.log_command:Invoking command in '/home/ubuntu/Desktop/MultiRobotSimulator/v5/build/mrsim': CMAKE_PREFIX_PATH=/opt/ros/humble /usr/bin/cmake --build /home/ubuntu/Desktop/MultiRobotSimulator/v5/build/mrsim -- -j8 -l8
[25.537s] DEBUG:colcon.colcon_core.event_handler.log_command:Invoked command in '/home/ubuntu/Desktop/MultiRobotSimulator/v5/build/mrsim' returned '2': CMAKE_PREFIX_PATH=/opt/ros/humble /usr/bin/cmake --build /home/ubuntu/Desktop/MultiRobotSimulator/v5/build/mrsim -- -j8 -l8
[25.561s] Level 1:colcon.colcon_core.environment:create_environment_scripts_only(mrsim)
[25.572s] Level 1:colcon.colcon_core.environment:checking '/home/ubuntu/Desktop/MultiRobotSimulator/v5/install/mrsim' for CMake module files
[25.573s] Level 1:colcon.colcon_core.environment:checking '/home/ubuntu/Desktop/MultiRobotSimulator/v5/install/mrsim' for CMake config files
[25.575s] Level 1:colcon.colcon_core.shell:create_environment_hook('mrsim', 'cmake_prefix_path')
[25.576s] INFO:colcon.colcon_core.shell:Creating environment hook '/home/ubuntu/Desktop/MultiRobotSimulator/v5/install/mrsim/share/mrsim/hook/cmake_prefix_path.ps1'
[25.579s] INFO:colcon.colcon_core.shell:Creating environment descriptor '/home/ubuntu/Desktop/MultiRobotSimulator/v5/install/mrsim/share/mrsim/hook/cmake_prefix_path.dsv'
[25.588s] INFO:colcon.colcon_core.shell:Creating environment hook '/home/ubuntu/Desktop/MultiRobotSimulator/v5/install/mrsim/share/mrsim/hook/cmake_prefix_path.sh'
[25.663s] Level 1:colcon.colcon_core.environment:checking '/home/ubuntu/Desktop/MultiRobotSimulator/v5/install/mrsim/lib'
[25.663s] Level 1:colcon.colcon_core.environment:checking '/home/ubuntu/Desktop/MultiRobotSimulator/v5/install/mrsim/bin'
[25.664s] Level 1:colcon.colcon_core.environment:checking '/home/ubuntu/Desktop/MultiRobotSimulator/v5/install/mrsim/lib/pkgconfig/mrsim.pc'
[25.666s] Level 1:colcon.colcon_core.environment:checking '/home/ubuntu/Desktop/MultiRobotSimulator/v5/install/mrsim/lib/python3.10/site-packages'
[25.667s] Level 1:colcon.colcon_core.environment:checking '/home/ubuntu/Desktop/MultiRobotSimulator/v5/install/mrsim/bin'
[25.668s] INFO:colcon.colcon_core.shell:Creating package script '/home/ubuntu/Desktop/MultiRobotSimulator/v5/install/mrsim/share/mrsim/package.ps1'
[25.669s] INFO:colcon.colcon_core.shell:Creating package descriptor '/home/ubuntu/Desktop/MultiRobotSimulator/v5/install/mrsim/share/mrsim/package.dsv'
[25.670s] INFO:colcon.colcon_core.shell:Creating package script '/home/ubuntu/Desktop/MultiRobotSimulator/v5/install/mrsim/share/mrsim/package.sh'
[25.671s] INFO:colcon.colcon_core.shell:Creating package script '/home/ubuntu/Desktop/MultiRobotSimulator/v5/install/mrsim/share/mrsim/package.bash'
[25.672s] INFO:colcon.colcon_core.shell:Creating package script '/home/ubuntu/Desktop/MultiRobotSimulator/v5/install/mrsim/share/mrsim/package.zsh'
[25.675s] Level 1:colcon.colcon_core.environment:create_file_with_runtime_dependencies(/home/ubuntu/Desktop/MultiRobotSimulator/v5/install/mrsim/share/colcon-core/packages/mrsim)
[25.695s] DEBUG:colcon.colcon_parallel_executor.executor.parallel:closing loop
[25.697s] DEBUG:colcon.colcon_parallel_executor.executor.parallel:loop closed
[25.697s] DEBUG:colcon.colcon_parallel_executor.executor.parallel:run_until_complete finished with '2'
[25.698s] DEBUG:colcon.colcon_core.event_reactor:joining thread
[25.715s] INFO:colcon.colcon_core.plugin_system:Skipping extension 'colcon_notification.desktop_notification.terminal_notifier': Not used on non-Darwin systems
[25.715s] INFO:colcon.colcon_core.plugin_system:Skipping extension 'colcon_notification.desktop_notification.win32': Not used on non-Windows systems
[25.715s] INFO:colcon.colcon_notification.desktop_notification:Sending desktop notification using 'notify2'
[25.731s] DEBUG:colcon.colcon_notification.desktop_notification.notify2:Failed to initialize notify2: org.freedesktop.DBus.Error.NotSupported: Unable to autolaunch a dbus-daemon without a $DISPLAY for X11
[25.731s] DEBUG:colcon.colcon_core.event_reactor:joined thread
[25.732s] INFO:colcon.colcon_core.shell:Creating prefix script '/home/ubuntu/Desktop/MultiRobotSimulator/v5/install/local_setup.ps1'
[25.736s] INFO:colcon.colcon_core.shell:Creating prefix util module '/home/ubuntu/Desktop/MultiRobotSimulator/v5/install/_local_setup_util_ps1.py'
[25.741s] INFO:colcon.colcon_core.shell:Creating prefix chain script '/home/ubuntu/Desktop/MultiRobotSimulator/v5/install/setup.ps1'
[25.745s] INFO:colcon.colcon_core.shell:Creating prefix script '/home/ubuntu/Desktop/MultiRobotSimulator/v5/install/local_setup.sh'
[25.746s] INFO:colcon.colcon_core.shell:Creating prefix util module '/home/ubuntu/Desktop/MultiRobotSimulator/v5/install/_local_setup_util_sh.py'
[25.747s] INFO:colcon.colcon_core.shell:Creating prefix chain script '/home/ubuntu/Desktop/MultiRobotSimulator/v5/install/setup.sh'
[25.761s] INFO:colcon.colcon_core.shell:Creating prefix script '/home/ubuntu/Desktop/MultiRobotSimulator/v5/install/local_setup.bash'
[25.763s] INFO:colcon.colcon_core.shell:Creating prefix chain script '/home/ubuntu/Desktop/MultiRobotSimulator/v5/install/setup.bash'
[25.764s] INFO:colcon.colcon_core.shell:Creating prefix script '/home/ubuntu/Desktop/MultiRobotSimulator/v5/install/local_setup.zsh'
[25.765s] INFO:colcon.colcon_core.shell:Creating prefix chain script '/home/ubuntu/Desktop/MultiRobotSimulator/v5/install/setup.zsh'
