-- The CXX compiler identification is GNU 11.4.0
-- Detecting CXX compiler ABI info
-- Detecting CXX compiler ABI info - done
-- Check for working CXX compiler: /usr/bin/c++ - skipped
-- Detecting CXX compile features
-- Detecting CXX compile features - done
-- Found ament_cmake: 1.3.12 (/opt/ros/humble/share/ament_cmake/cmake)
-- Found Python3: /usr/bin/python3 (found version "3.10.12") found components: Interpreter 
-- Override CMake install command with custom implementation using symlinks instead of copying resources
-- Found rclcpp: 16.0.14 (/opt/ros/humble/share/rclcpp/cmake)
-- Found rosidl_generator_c: 3.1.7 (/opt/ros/humble/share/rosidl_generator_c/cmake)
-- Found rosidl_adapter: 3.1.7 (/opt/ros/humble/share/rosidl_adapter/cmake)
-- Found rosidl_generator_cpp: 3.1.7 (/opt/ros/humble/share/rosidl_generator_cpp/cmake)
-- Using all available rosidl_typesupport_c: rosidl_typesupport_fastrtps_c;rosidl_typesupport_introspection_c
-- Using all available rosidl_typesupport_cpp: rosidl_typesupport_fastrtps_cpp;rosidl_typesupport_introspection_cpp
-- Found rmw_implementation_cmake: 6.1.2 (/opt/ros/humble/share/rmw_implementation_cmake/cmake)
-- Found rmw_fastrtps_cpp: 6.2.8 (/opt/ros/humble/share/rmw_fastrtps_cpp/cmake)
-- Found OpenSSL: /usr/lib/aarch64-linux-gnu/libcrypto.so (found version "3.0.2")  
-- Found FastRTPS: /opt/ros/humble/include  
-- Using RMW implementation 'rmw_fastrtps_cpp' as default
-- Looking for C++ include pthread.h
-- Looking for C++ include pthread.h - found
-- Performing Test CMAKE_HAVE_LIBC_PTHREAD
-- Performing Test CMAKE_HAVE_LIBC_PTHREAD - Success
-- Found Threads: TRUE  
-- Found geometry_msgs: 4.9.0 (/opt/ros/humble/share/geometry_msgs/cmake)
-- Found sensor_msgs: 4.9.0 (/opt/ros/humble/share/sensor_msgs/cmake)
-- Found tf2: 0.25.15 (/opt/ros/humble/share/tf2/cmake)
-- Found tf2_ros: 0.25.15 (/opt/ros/humble/share/tf2_ros/cmake)
-- Found OpenCV: /usr (found version "4.5.4") 
-- Eigen3 found: /usr/include/eigen3
-- Configuring done
-- Generating done
-- Build files have been written to: /home/ubuntu/Desktop/MultiRobotSimulator/v5/build/mrsim
[ 11%] [32mBuilding CXX object CMakeFiles/simulator.dir/src/simulator.cpp.o[0m
[ 22%] [32mBuilding CXX object CMakeFiles/simulator.dir/src/ros_bridge.cpp.o[0m
[ 33%] [32mBuilding CXX object CMakeFiles/simulator.dir/src/object.cpp.o[0m
[ 44%] [32mBuilding CXX object CMakeFiles/simulator.dir/src/arm.cpp.o[0m
[ 55%] [32mBuilding CXX object CMakeFiles/simulator.dir/src/car.cpp.o[0m
[ 66%] [32mBuilding CXX object CMakeFiles/simulator.dir/src/lidar.cpp.o[0m
[ 77%] [32mBuilding CXX object CMakeFiles/simulator.dir/src/freeflying.cpp.o[0m
[ 88%] [32mBuilding CXX object CMakeFiles/simulator.dir/src/world.cpp.o[0m
[100%] [32m[1mLinking CXX executable simulator[0m
/usr/bin/ld: CMakeFiles/simulator.dir/src/freeflying.cpp.o: in function `selectOrCreatePlayer(std::__cxx11::basic_string<char, std::char_traits<char>, std::allocator<char> > const&)':
freeflying.cpp:(.text+0x1d70): multiple definition of `selectOrCreatePlayer(std::__cxx11::basic_string<char, std::char_traits<char>, std::allocator<char> > const&)'; CMakeFiles/simulator.dir/src/simulator.cpp.o:simulator.cpp:(.text+0x41e0): first defined here
/usr/bin/ld: CMakeFiles/simulator.dir/src/freeflying.cpp.o: in function `saveMatchResult(std::__cxx11::basic_string<char, std::char_traits<char>, std::allocator<char> > const&, PlayerInfo const&, double)':
freeflying.cpp:(.text+0x2920): multiple definition of `saveMatchResult(std::__cxx11::basic_string<char, std::char_traits<char>, std::allocator<char> > const&, PlayerInfo const&, double)'; CMakeFiles/simulator.dir/src/simulator.cpp.o:simulator.cpp:(.text+0x4d90): first defined here
/usr/bin/ld: CMakeFiles/simulator.dir/src/car.cpp.o: in function `selectOrCreatePlayer(std::__cxx11::basic_string<char, std::char_traits<char>, std::allocator<char> > const&)':
car.cpp:(.text+0x2d60): multiple definition of `selectOrCreatePlayer(std::__cxx11::basic_string<char, std::char_traits<char>, std::allocator<char> > const&)'; CMakeFiles/simulator.dir/src/simulator.cpp.o:simulator.cpp:(.text+0x41e0): first defined here
/usr/bin/ld: CMakeFiles/simulator.dir/src/car.cpp.o: in function `saveMatchResult(std::__cxx11::basic_string<char, std::char_traits<char>, std::allocator<char> > const&, PlayerInfo const&, double)':
car.cpp:(.text+0x3910): multiple definition of `saveMatchResult(std::__cxx11::basic_string<char, std::char_traits<char>, std::allocator<char> > const&, PlayerInfo const&, double)'; CMakeFiles/simulator.dir/src/simulator.cpp.o:simulator.cpp:(.text+0x4d90): first defined here
/usr/bin/ld: CMakeFiles/simulator.dir/src/arm.cpp.o: in function `selectOrCreatePlayer(std::__cxx11::basic_string<char, std::char_traits<char>, std::allocator<char> > const&)':
arm.cpp:(.text+0x2e00): multiple definition of `selectOrCreatePlayer(std::__cxx11::basic_string<char, std::char_traits<char>, std::allocator<char> > const&)'; CMakeFiles/simulator.dir/src/simulator.cpp.o:simulator.cpp:(.text+0x41e0): first defined here
/usr/bin/ld: CMakeFiles/simulator.dir/src/arm.cpp.o: in function `saveMatchResult(std::__cxx11::basic_string<char, std::char_traits<char>, std::allocator<char> > const&, PlayerInfo const&, double)':
arm.cpp:(.text+0x39b0): multiple definition of `saveMatchResult(std::__cxx11::basic_string<char, std::char_traits<char>, std::allocator<char> > const&, PlayerInfo const&, double)'; CMakeFiles/simulator.dir/src/simulator.cpp.o:simulator.cpp:(.text+0x4d90): first defined here
/usr/bin/ld: CMakeFiles/simulator.dir/src/object.cpp.o: in function `selectOrCreatePlayer(std::__cxx11::basic_string<char, std::char_traits<char>, std::allocator<char> > const&)':
object.cpp:(.text+0x2c70): multiple definition of `selectOrCreatePlayer(std::__cxx11::basic_string<char, std::char_traits<char>, std::allocator<char> > const&)'; CMakeFiles/simulator.dir/src/simulator.cpp.o:simulator.cpp:(.text+0x41e0): first defined here
/usr/bin/ld: CMakeFiles/simulator.dir/src/object.cpp.o: in function `saveMatchResult(std::__cxx11::basic_string<char, std::char_traits<char>, std::allocator<char> > const&, PlayerInfo const&, double)':
object.cpp:(.text+0x3820): multiple definition of `saveMatchResult(std::__cxx11::basic_string<char, std::char_traits<char>, std::allocator<char> > const&, PlayerInfo const&, double)'; CMakeFiles/simulator.dir/src/simulator.cpp.o:simulator.cpp:(.text+0x4d90): first defined here
/usr/bin/ld: CMakeFiles/simulator.dir/src/ros_bridge.cpp.o: in function `selectOrCreatePlayer(std::__cxx11::basic_string<char, std::char_traits<char>, std::allocator<char> > const&)':
ros_bridge.cpp:(.text+0x6144): multiple definition of `selectOrCreatePlayer(std::__cxx11::basic_string<char, std::char_traits<char>, std::allocator<char> > const&)'; CMakeFiles/simulator.dir/src/simulator.cpp.o:simulator.cpp:(.text+0x41e0): first defined here
/usr/bin/ld: CMakeFiles/simulator.dir/src/ros_bridge.cpp.o: in function `saveMatchResult(std::__cxx11::basic_string<char, std::char_traits<char>, std::allocator<char> > const&, PlayerInfo const&, double)':
ros_bridge.cpp:(.text+0x6c00): multiple definition of `saveMatchResult(std::__cxx11::basic_string<char, std::char_traits<char>, std::allocator<char> > const&, PlayerInfo const&, double)'; CMakeFiles/simulator.dir/src/simulator.cpp.o:simulator.cpp:(.text+0x4d90): first defined here
collect2: error: ld returned 1 exit status
gmake[2]: *** [CMakeFiles/simulator.dir/build.make:372: simulator] Error 1
gmake[1]: *** [CMakeFiles/Makefile2:137: CMakeFiles/simulator.dir/all] Error 2
gmake: *** [Makefile:146: all] Error 2
