[0.091s] Invoking command in '/home/ubuntu/Desktop/MultiRobotSimulator/v5/build/mrsim': CMAKE_PREFIX_PATH=/opt/ros/humble /usr/bin/cmake /home/ubuntu/Desktop/MultiRobotSimulator/v5/src/mrsim -DAMENT_CMAKE_SYMLINK_INSTALL=1 -DCMAKE_INSTALL_PREFIX=/home/ubuntu/Desktop/MultiRobotSimulator/v5/install/mrsim
[0.410s] -- The CXX compiler identification is GNU 11.4.0
[0.465s] -- Detecting CXX compiler ABI info
[0.803s] -- Detecting CXX compiler ABI info - done
[0.808s] -- Check for working CXX compiler: /usr/bin/c++ - skipped
[0.809s] -- Detecting CXX compile features
[0.810s] -- Detecting CXX compile features - done
[0.820s] -- Found ament_cmake: 1.3.12 (/opt/ros/humble/share/ament_cmake/cmake)
[1.121s] -- Found Python3: /usr/bin/python3 (found version "3.10.12") found components: Interpreter 
[1.258s] -- Override CMake install command with custom implementation using symlinks instead of copying resources
[1.300s] -- Found rclcpp: 16.0.14 (/opt/ros/humble/share/rclcpp/cmake)
[1.401s] -- Found rosidl_generator_c: 3.1.7 (/opt/ros/humble/share/rosidl_generator_c/cmake)
[1.408s] -- Found rosidl_adapter: 3.1.7 (/opt/ros/humble/share/rosidl_adapter/cmake)
[1.426s] -- Found rosidl_generator_cpp: 3.1.7 (/opt/ros/humble/share/rosidl_generator_cpp/cmake)
[1.460s] -- Using all available rosidl_typesupport_c: rosidl_typesupport_fastrtps_c;rosidl_typesupport_introspection_c
[1.490s] -- Using all available rosidl_typesupport_cpp: rosidl_typesupport_fastrtps_cpp;rosidl_typesupport_introspection_cpp
[1.676s] -- Found rmw_implementation_cmake: 6.1.2 (/opt/ros/humble/share/rmw_implementation_cmake/cmake)
[1.688s] -- Found rmw_fastrtps_cpp: 6.2.8 (/opt/ros/humble/share/rmw_fastrtps_cpp/cmake)
[2.420s] -- Found OpenSSL: /usr/lib/aarch64-linux-gnu/libcrypto.so (found version "3.0.2")  
[2.598s] -- Found FastRTPS: /opt/ros/humble/include  
[2.751s] -- Using RMW implementation 'rmw_fastrtps_cpp' as default
[2.766s] -- Looking for C++ include pthread.h
[3.084s] -- Looking for C++ include pthread.h - found
[3.084s] -- Performing Test CMAKE_HAVE_LIBC_PTHREAD
[3.439s] -- Performing Test CMAKE_HAVE_LIBC_PTHREAD - Success
[3.441s] -- Found Threads: TRUE  
[3.594s] -- Found geometry_msgs: 4.9.0 (/opt/ros/humble/share/geometry_msgs/cmake)
[3.613s] -- Found sensor_msgs: 4.9.0 (/opt/ros/humble/share/sensor_msgs/cmake)
[3.659s] -- Found tf2: 0.25.15 (/opt/ros/humble/share/tf2/cmake)
[3.682s] -- Found tf2_ros: 0.25.15 (/opt/ros/humble/share/tf2_ros/cmake)
[3.868s] -- Found OpenCV: /usr (found version "4.5.4") 
[3.902s] -- Eigen3 found: /usr/include/eigen3
[4.040s] -- Configuring done
[4.167s] -- Generating done
[4.186s] -- Build files have been written to: /home/ubuntu/Desktop/MultiRobotSimulator/v5/build/mrsim
[4.258s] Invoked command in '/home/ubuntu/Desktop/MultiRobotSimulator/v5/build/mrsim' returned '0': CMAKE_PREFIX_PATH=/opt/ros/humble /usr/bin/cmake /home/ubuntu/Desktop/MultiRobotSimulator/v5/src/mrsim -DAMENT_CMAKE_SYMLINK_INSTALL=1 -DCMAKE_INSTALL_PREFIX=/home/ubuntu/Desktop/MultiRobotSimulator/v5/install/mrsim
[4.315s] Invoking command in '/home/ubuntu/Desktop/MultiRobotSimulator/v5/build/mrsim': CMAKE_PREFIX_PATH=/opt/ros/humble /usr/bin/cmake --build /home/ubuntu/Desktop/MultiRobotSimulator/v5/build/mrsim -- -j8 -l8
[4.998s] [ 11%] [32mBuilding CXX object CMakeFiles/simulator.dir/src/simulator.cpp.o[0m
[36.516s] [ 22%] [32mBuilding CXX object CMakeFiles/simulator.dir/src/ros_bridge.cpp.o[0m
[96.240s] [ 33%] [32mBuilding CXX object CMakeFiles/simulator.dir/src/object.cpp.o[0m
[102.601s] [ 44%] [32mBuilding CXX object CMakeFiles/simulator.dir/src/arm.cpp.o[0m
[110.101s] [ 55%] [32mBuilding CXX object CMakeFiles/simulator.dir/src/car.cpp.o[0m
[121.842s] [ 66%] [32mBuilding CXX object CMakeFiles/simulator.dir/src/lidar.cpp.o[0m
[131.962s] [ 77%] [32mBuilding CXX object CMakeFiles/simulator.dir/src/freeflying.cpp.o[0m
[139.063s] [ 88%] [32mBuilding CXX object CMakeFiles/simulator.dir/src/world.cpp.o[0m
[145.692s] [100%] [32m[1mLinking CXX executable simulator[0m
[145.946s] /usr/bin/ld: CMakeFiles/simulator.dir/src/freeflying.cpp.o: in function `selectOrCreatePlayer(std::__cxx11::basic_string<char, std::char_traits<char>, std::allocator<char> > const&)':
[145.947s] freeflying.cpp:(.text+0x1d70): multiple definition of `selectOrCreatePlayer(std::__cxx11::basic_string<char, std::char_traits<char>, std::allocator<char> > const&)'; CMakeFiles/simulator.dir/src/simulator.cpp.o:simulator.cpp:(.text+0x41e0): first defined here
[145.947s] /usr/bin/ld: CMakeFiles/simulator.dir/src/freeflying.cpp.o: in function `saveMatchResult(std::__cxx11::basic_string<char, std::char_traits<char>, std::allocator<char> > const&, PlayerInfo const&, double)':
[145.947s] freeflying.cpp:(.text+0x2920): multiple definition of `saveMatchResult(std::__cxx11::basic_string<char, std::char_traits<char>, std::allocator<char> > const&, PlayerInfo const&, double)'; CMakeFiles/simulator.dir/src/simulator.cpp.o:simulator.cpp:(.text+0x4d90): first defined here
[145.948s] /usr/bin/ld: CMakeFiles/simulator.dir/src/car.cpp.o: in function `selectOrCreatePlayer(std::__cxx11::basic_string<char, std::char_traits<char>, std::allocator<char> > const&)':
[145.948s] car.cpp:(.text+0x2d60): multiple definition of `selectOrCreatePlayer(std::__cxx11::basic_string<char, std::char_traits<char>, std::allocator<char> > const&)'; CMakeFiles/simulator.dir/src/simulator.cpp.o:simulator.cpp:(.text+0x41e0): first defined here
[145.949s] /usr/bin/ld: CMakeFiles/simulator.dir/src/car.cpp.o: in function `saveMatchResult(std::__cxx11::basic_string<char, std::char_traits<char>, std::allocator<char> > const&, PlayerInfo const&, double)':
[145.949s] car.cpp:(.text+0x3910): multiple definition of `saveMatchResult(std::__cxx11::basic_string<char, std::char_traits<char>, std::allocator<char> > const&, PlayerInfo const&, double)'; CMakeFiles/simulator.dir/src/simulator.cpp.o:simulator.cpp:(.text+0x4d90): first defined here
[145.949s] /usr/bin/ld: CMakeFiles/simulator.dir/src/arm.cpp.o: in function `selectOrCreatePlayer(std::__cxx11::basic_string<char, std::char_traits<char>, std::allocator<char> > const&)':
[145.953s] arm.cpp:(.text+0x2e00): multiple definition of `selectOrCreatePlayer(std::__cxx11::basic_string<char, std::char_traits<char>, std::allocator<char> > const&)'; CMakeFiles/simulator.dir/src/simulator.cpp.o:simulator.cpp:(.text+0x41e0): first defined here
[145.953s] /usr/bin/ld: CMakeFiles/simulator.dir/src/arm.cpp.o: in function `saveMatchResult(std::__cxx11::basic_string<char, std::char_traits<char>, std::allocator<char> > const&, PlayerInfo const&, double)':
[145.954s] arm.cpp:(.text+0x39b0): multiple definition of `saveMatchResult(std::__cxx11::basic_string<char, std::char_traits<char>, std::allocator<char> > const&, PlayerInfo const&, double)'; CMakeFiles/simulator.dir/src/simulator.cpp.o:simulator.cpp:(.text+0x4d90): first defined here
[145.955s] /usr/bin/ld: CMakeFiles/simulator.dir/src/object.cpp.o: in function `selectOrCreatePlayer(std::__cxx11::basic_string<char, std::char_traits<char>, std::allocator<char> > const&)':
[145.956s] object.cpp:(.text+0x2c70): multiple definition of `selectOrCreatePlayer(std::__cxx11::basic_string<char, std::char_traits<char>, std::allocator<char> > const&)'; CMakeFiles/simulator.dir/src/simulator.cpp.o:simulator.cpp:(.text+0x41e0): first defined here
[145.956s] /usr/bin/ld: CMakeFiles/simulator.dir/src/object.cpp.o: in function `saveMatchResult(std::__cxx11::basic_string<char, std::char_traits<char>, std::allocator<char> > const&, PlayerInfo const&, double)':
[145.957s] object.cpp:(.text+0x3820): multiple definition of `saveMatchResult(std::__cxx11::basic_string<char, std::char_traits<char>, std::allocator<char> > const&, PlayerInfo const&, double)'; CMakeFiles/simulator.dir/src/simulator.cpp.o:simulator.cpp:(.text+0x4d90): first defined here
[146.010s] /usr/bin/ld: CMakeFiles/simulator.dir/src/ros_bridge.cpp.o: in function `selectOrCreatePlayer(std::__cxx11::basic_string<char, std::char_traits<char>, std::allocator<char> > const&)':
[146.011s] ros_bridge.cpp:(.text+0x6144): multiple definition of `selectOrCreatePlayer(std::__cxx11::basic_string<char, std::char_traits<char>, std::allocator<char> > const&)'; CMakeFiles/simulator.dir/src/simulator.cpp.o:simulator.cpp:(.text+0x41e0): first defined here
[146.012s] /usr/bin/ld: CMakeFiles/simulator.dir/src/ros_bridge.cpp.o: in function `saveMatchResult(std::__cxx11::basic_string<char, std::char_traits<char>, std::allocator<char> > const&, PlayerInfo const&, double)':
[146.012s] ros_bridge.cpp:(.text+0x6c00): multiple definition of `saveMatchResult(std::__cxx11::basic_string<char, std::char_traits<char>, std::allocator<char> > const&, PlayerInfo const&, double)'; CMakeFiles/simulator.dir/src/simulator.cpp.o:simulator.cpp:(.text+0x4d90): first defined here
[147.382s] collect2: error: ld returned 1 exit status
[147.390s] gmake[2]: *** [CMakeFiles/simulator.dir/build.make:372: simulator] Error 1
[147.390s] gmake[1]: *** [CMakeFiles/Makefile2:137: CMakeFiles/simulator.dir/all] Error 2
[147.392s] gmake: *** [Makefile:146: all] Error 2
[147.418s] Invoked command in '/home/ubuntu/Desktop/MultiRobotSimulator/v5/build/mrsim' returned '2': CMAKE_PREFIX_PATH=/opt/ros/humble /usr/bin/cmake --build /home/ubuntu/Desktop/MultiRobotSimulator/v5/build/mrsim -- -j8 -l8
