[0.018s] Invoking command in '/home/ubuntu/Desktop/MultiRobotSimulator/v5/build/mrsim': /usr/bin/cmake --build /home/ubuntu/Desktop/MultiRobotSimulator/v5/build/mrsim -- -j8 -l8
[0.209s] [35m[1mConsolidate compiler generated dependencies of target simulator[0m
[0.239s] [ 11%] [32mBuilding CXX object CMakeFiles/simulator.dir/src/simulator.cpp.o[0m
[0.248s] [ 22%] [32mBuilding CXX object CMakeFiles/simulator.dir/src/freeflying.cpp.o[0m
[0.250s] [ 33%] [32mBuilding CXX object CMakeFiles/simulator.dir/src/car.cpp.o[0m
[0.257s] [ 44%] [32mBuilding CXX object CMakeFiles/simulator.dir/src/arm.cpp.o[0m
[0.264s] [ 55%] [32mBuilding CXX object CMakeFiles/simulator.dir/src/ros_bridge.cpp.o[0m
[11.454s] In file included from [01m[K/home/ubuntu/Desktop/MultiRobotSimulator/v5/src/mrsim/src/simulator.cpp:16[m[K:
[11.455s] [01m[K/home/ubuntu/Desktop/MultiRobotSimulator/v5/src/mrsim/include/mrsim/freeflying.h:4:8:[m[K [01;31m[Kerror: [m[Kredefinition of ‘[01m[Kstruct FreeFlying[m[K’
[11.455s]     4 | struct [01;31m[KFreeFlying[m[K: public WorldItem {
[11.455s]       |        [01;31m[K^~~~~~~~~~[m[K
[11.455s] In file included from [01m[K/home/ubuntu/Desktop/MultiRobotSimulator/v5/src/mrsim/include/mrsim/ros_bridge.h:10[m[K,
[11.456s]                  from [01m[K/home/ubuntu/Desktop/MultiRobotSimulator/v5/src/mrsim/src/simulator.cpp:10[m[K:
[11.456s] [01m[K/home/ubuntu/Desktop/MultiRobotSimulator/v5/src/mrsim/include/mrsim/freeflying.h:4:8:[m[K [01;36m[Knote: [m[Kprevious definition of ‘[01m[Kstruct FreeFlying[m[K’
[11.456s]     4 | struct [01;36m[KFreeFlying[m[K: public WorldItem {
[11.456s]       |        [01;36m[K^~~~~~~~~~[m[K
[14.481s] gmake[2]: *** [CMakeFiles/simulator.dir/build.make:76: CMakeFiles/simulator.dir/src/simulator.cpp.o] Error 1
[14.482s] gmake[2]: *** Waiting for unfinished jobs....
[38.891s] gmake[1]: *** [CMakeFiles/Makefile2:137: CMakeFiles/simulator.dir/all] Error 2
[38.892s] gmake: *** [Makefile:146: all] Error 2
[38.910s] Invoked command in '/home/ubuntu/Desktop/MultiRobotSimulator/v5/build/mrsim' returned '2': /usr/bin/cmake --build /home/ubuntu/Desktop/MultiRobotSimulator/v5/build/mrsim -- -j8 -l8
